Using pre-set license
Built from '2020.3/staging' branch; Version is '2020.3.3f1 (76626098c1c4) revision 7758432'; Using compiler version '192528614'; Build Type 'Release'
OS: 'Windows 10 Pro; OS build 19041.928; Version 2004; 64bit' Language: 'ja' Physical Memory: 16222 MB
BatchMode: 1, IsHumanControllingUs: 0, StartBugReporterOnCrash: 0, Is64bit: 1, IsPro: 0

 COMMAND LINE ARGUMENTS:
C:\Program Files\Unity\Hub\Editor\2020.3.3f1\Editor\Unity.exe
-adb2
-batchMode
-noUpm
-name
AssetImportWorker0
-projectPath
C:/Users/tatuk/Documents/SisterCave/いけにえと魔物の騎士
-logFile
Logs/AssetImportWorker0.log
-srvPort
49847
Successfully changed project path to: C:/Users/tatuk/Documents/SisterCave/いけにえと魔物の騎士
C:/Users/tatuk/Documents/SisterCave/いけにえと魔物の騎士
Using Asset Import Pipeline V2.
Refreshing native plugins compatible for Editor in 352.91 ms, found 2 plugins.
Preloading 0 native plugins for Editor in 0.00 ms.
Initialize engine version: 2020.3.3f1 (76626098c1c4)
[Subsystems] Discovering subsystems at path C:/Program Files/Unity/Hub/Editor/2020.3.3f1/Editor/Data/Resources/UnitySubsystems
[Subsystems] Discovering subsystems at path C:/Users/tatuk/Documents/SisterCave/いけにえと魔物の騎士/Assets
GfxDevice: creating device client; threaded=0
Direct3D:
    Version:  Direct3D 11.0 [level 11.1]
    Renderer: NVIDIA GeForce RTX 2070 Super (ID=0x1ed1)
    Vendor:   
    VRAM:     8011 MB
    Driver:   27.21.14.6089
Shader 'Universal Render Pipeline/Particles/Lit': fallback shader 'Universal Render Pipeline/Particles/SimpleLit' not found
Shader 'Custom/RainShader': fallback shader 'Particles/Alpha Blended' not found
Initialize mono
Mono path[0] = 'C:/Program Files/Unity/Hub/Editor/2020.3.3f1/Editor/Data/Managed'
Mono path[1] = 'C:/Program Files/Unity/Hub/Editor/2020.3.3f1/Editor/Data/MonoBleedingEdge/lib/mono/unityjit'
Mono config path = 'C:/Program Files/Unity/Hub/Editor/2020.3.3f1/Editor/Data/MonoBleedingEdge/etc'
Using monoOptions --debugger-agent=transport=dt_socket,embedding=1,server=y,suspend=n,address=127.0.0.1:56072
Begin MonoManager ReloadAssembly
Registering precompiled unity dll's ...
Register platform support module: C:/Program Files/Unity/Hub/Editor/2020.3.3f1/Editor/Data/PlaybackEngines/WebGLSupport/UnityEditor.WebGL.Extensions.dll
Register platform support module: C:/Program Files/Unity/Hub/Editor/2020.3.3f1/Editor/Data/PlaybackEngines/WindowsStandaloneSupport/UnityEditor.WindowsStandalone.Extensions.dll
Register platform support module: C:/Program Files/Unity/Hub/Editor/2020.3.3f1/Editor/Data/PlaybackEngines/LinuxStandaloneSupport/UnityEditor.LinuxStandalone.Extensions.dll
Registered in 0.002712 seconds.
Native extension for LinuxStandalone target not found
Native extension for WindowsStandalone target not found
Native extension for WebGL target not found
Refreshing native plugins compatible for Editor in 365.40 ms, found 2 plugins.
Preloading 0 native plugins for Editor in 0.00 ms.
Invoked RoslynAnalysisRunner static constructor.
RoslynAnalysisRunner will not be running.
RoslynAnalysisRunner has terminated.
Mono: successfully reloaded assembly
- Completed reload, in  1.492 seconds
Platform modules already initialized, skipping
Registering precompiled user dll's ...
Registered in 0.018978 seconds.
Begin MonoManager ReloadAssembly
Native extension for LinuxStandalone target not found
Native extension for WindowsStandalone target not found
Native extension for WebGL target not found
Refreshing native plugins compatible for Editor in 363.87 ms, found 2 plugins.
Preloading 0 native plugins for Editor in 0.00 ms.
Invoked RoslynAnalysisRunner static constructor.
RoslynAnalysisRunner will not be running.
RoslynAnalysisRunner has terminated.
Mono: successfully reloaded assembly
- Completed reload, in  2.450 seconds
Platform modules already initialized, skipping
========================================================================
Worker process is ready to serve import requests
Shader 'Custom/RainShader': fallback shader 'Particles/Alpha Blended' not found
Shader 'Universal Render Pipeline/Particles/Lit': fallback shader 'Universal Render Pipeline/Particles/SimpleLit' not found
Launched and connected shader compiler UnityShaderCompiler.exe after 0.05 seconds
Refreshing native plugins compatible for Editor in 3.31 ms, found 2 plugins.
Preloading 0 native plugins for Editor in 0.00 ms.
Unloading 6934 Unused Serialized files (Serialized files now loaded: 0)
System memory in use before: 290.6 MB.
System memory in use after: 290.9 MB.

Unloading 62 unused Assets to reduce memory usage. Loaded Objects now: 7635.
Total: 5.740000 ms (FindLiveObjects: 1.195700 ms CreateObjectMapping: 0.681100 ms MarkObjects: 3.772000 ms  DeleteObjects: 0.089800 ms)

========================================================================
Received Import Request.
  path: Assets/testAsset/Player/PlayerAnime/Sprite/NanameKnight.spriteatlas
  artifactKey: Guid(19ee52e69bed017419fdb0c98629c630) Importer(815301076,1909f56bfc062723c751e8b465ee728b)
Start importing Assets/testAsset/Player/PlayerAnime/Sprite/NanameKnight.spriteatlas using Guid(19ee52e69bed017419fdb0c98629c630) Importer(815301076,1909f56bfc062723c751e8b465ee728b) Invalid sprite atlas asset encountered when matching atlas for sprite Arm. Please repack all your sprite atlases.

Invalid sprite atlas asset encountered when matching atlas for sprite Arm_1. Please repack all your sprite atlases.

Invalid sprite atlas asset encountered when matching atlas for sprite Arm_2. Please repack all your sprite atlases.

Invalid sprite atlas asset encountered when matching atlas for sprite Arm_3. Please repack all your sprite atlases.

Invalid sprite atlas asset encountered when matching atlas for sprite Arm_4. Please repack all your sprite atlases.

Invalid sprite atlas asset encountered when matching atlas for sprite Arm_5. Please repack all your sprite atlases.

Invalid sprite atlas asset encountered when matching atlas for sprite Arm_6. Please repack all your sprite atlases.

Invalid sprite atlas asset encountered when matching atlas for sprite Arm_7. Please repack all your sprite atlases.

Invalid sprite atlas asset encountered when matching atlas for sprite Arm_8. Please repack all your sprite atlases.

Invalid sprite atlas asset encountered when matching atlas for sprite Arm_9. Please repack all your sprite atlases.

Invalid sprite atlas asset encountered when matching atlas for sprite Arm_10. Please repack all your sprite atlases.

Invalid sprite atlas asset encountered when matching atlas for sprite Arm_11. Please repack all your sprite atlases.

Invalid sprite atlas asset encountered when matching atlas for sprite Arm_12. Please repack all your sprite atlases.

Invalid sprite atlas asset encountered when matching atlas for sprite Arm_13. Please repack all your sprite atlases.

Invalid sprite atlas asset encountered when matching atlas for sprite Base. Please repack all your sprite atlases.

Invalid sprite atlas asset encountered when matching atlas for sprite Body. Please repack all your sprite atlases.

Invalid sprite atlas asset encountered when matching atlas for sprite Chain. Please repack all your sprite atlases.

Invalid sprite atlas asset encountered when matching atlas for sprite Chain2. Please repack all your sprite atlases.

Invalid sprite atlas asset encountered when matching atlas for sprite D. Please repack all your sprite atlases.

Invalid sprite atlas asset encountered when matching atlas for sprite DArm. Please repack all your sprite atlases.

Invalid sprite atlas asset encountered when matching atlas for sprite DLeg. Please repack all your sprite atlases.

Invalid sprite atlas asset encountered when matching atlas for sprite Finger. Please repack all your sprite atlases.

Invalid sprite atlas asset encountered when matching atlas for sprite Finger_1. Please repack all your sprite atlases.

Invalid sprite atlas asset encountered when matching atlas for sprite Finger_2. Please repack all your sprite atlases.

Invalid sprite atlas asset encountered when matching atlas for sprite Finger_3. Please repack all your sprite atlases.

Invalid sprite atlas asset encountered when matching atlas for sprite Finger_4. Please repack all your sprite atlases.

Invalid sprite atlas asset encountered when matching atlas for sprite Finger_5. Please repack all your sprite atlases.

Invalid sprite atlas asset encountered when matching atlas for sprite Finger_6. Please repack all your sprite atlases.

Invalid sprite atlas asset encountered when matching atlas for sprite Fist. Please repack all your sprite atlases.

Invalid sprite atlas asset encountered when matching atlas for sprite Hand. Please repack all your sprite atlases.

Invalid sprite atlas asset encountered when matching atlas for sprite Leg. Please repack all your sprite atlases.

Invalid sprite atlas asset encountered when matching atlas for sprite Leg_1. Please repack all your sprite atlases.

Invalid sprite atlas asset encountered when matching atlas for sprite MFoot. Please repack all your sprite atlases.

Invalid sprite atlas asset encountered when matching atlas for sprite MFoot_1. Please repack all your sprite atlases.

Invalid sprite atlas asset encountered when matching atlas for sprite Move. Please repack all your sprite atlases.

Invalid sprite atlas asset encountered when matching atlas for sprite Neck. Please repack all your sprite atlases.

Invalid sprite atlas asset encountered when matching atlas for sprite Neutral. Please repack all your sprite atlases.

Invalid sprite atlas asset encountered when matching atlas for sprite NFoot. Please repack all your sprite atlases.

Invalid sprite atlas asset encountered when matching atlas for sprite NFoot_1. Please repack all your sprite atlases.

Invalid sprite atlas asset encountered when matching atlas for sprite Plaate2. Please repack all your sprite atlases.

Invalid sprite atlas asset encountered when matching atlas for sprite Plate. Please repack all your sprite atlases.

Invalid sprite atlas asset encountered when matching atlas for sprite RBackHead. Please repack all your sprite atlases.

Invalid sprite atlas asset encountered when matching atlas for sprite RightSideHead. Please repack all your sprite atlases.

Invalid sprite atlas asset encountered when matching atlas for sprite RNanameHead. Please repack all your sprite atlases.

Invalid sprite atlas asset encountered when matching atlas for sprite U. Please repack all your sprite atlases.

Invalid sprite atlas asset encountered when matching atlas for sprite UArm. Please repack all your sprite atlases.

Invalid sprite atlas asset encountered when matching atlas for sprite ULeg. Please repack all your sprite atlases.

Invalid sprite atlas asset encountered when matching atlas for sprite VerticalBlow. Please repack all your sprite atlases.

 -> (artifact id: 'c3c0c0f91ebacdc77ecaeea5263aa60a') in 0.053464 seconds
  Import took 0.077038 seconds .

========================================================================
Received Import Request.
  Time since last request: 0.000396 seconds.
  path: Assets/testAsset/Player/PlayerAnime/Sprite/SideKnight.spriteatlas
  artifactKey: Guid(83203ff6a7ee6cf4cbc0cb685f79f052) Importer(815301076,1909f56bfc062723c751e8b465ee728b)
Start importing Assets/testAsset/Player/PlayerAnime/Sprite/SideKnight.spriteatlas using Guid(83203ff6a7ee6cf4cbc0cb685f79f052) Importer(815301076,1909f56bfc062723c751e8b465ee728b)  -> (artifact id: '421821239aaff2e62312f141e8b8e2c6') in 0.005419 seconds
  Import took 0.018243 seconds .

========================================================================
Received Import Request.
  Time since last request: 0.000304 seconds.
  path: Assets/testAsset/Player/PlayerAnime/Sprite/BackKnight.spriteatlas
  artifactKey: Guid(e22338033cf0e89418cb69176e2355f7) Importer(815301076,1909f56bfc062723c751e8b465ee728b)
Start importing Assets/testAsset/Player/PlayerAnime/Sprite/BackKnight.spriteatlas using Guid(e22338033cf0e89418cb69176e2355f7) Importer(815301076,1909f56bfc062723c751e8b465ee728b)  -> (artifact id: 'ae0d6b4dd774deaee972a117a81a4922') in 0.003385 seconds
  Import took 0.013815 seconds .

========================================================================
Received Import Request.
  Time since last request: 0.000410 seconds.
  path: Assets/testAsset/Player/PlayerAnime/Sprite/FrontKnight.spriteatlas
  artifactKey: Guid(8fc5ed428d13c34498bb74404f77b0c5) Importer(815301076,1909f56bfc062723c751e8b465ee728b)
Start importing Assets/testAsset/Player/PlayerAnime/Sprite/FrontKnight.spriteatlas using Guid(8fc5ed428d13c34498bb74404f77b0c5) Importer(815301076,1909f56bfc062723c751e8b465ee728b)  -> (artifact id: 'c7bc39c3157ef797307a49713a380095') in 0.002697 seconds
  Import took 0.012729 seconds .

========================================================================
Received Prepare
Registering precompiled user dll's ...
Registered in 0.022866 seconds.
Begin MonoManager ReloadAssembly
Native extension for LinuxStandalone target not found
Native extension for WindowsStandalone target not found
Native extension for WebGL target not found
Refreshing native plugins compatible for Editor in 2.37 ms, found 2 plugins.
Preloading 0 native plugins for Editor in 0.00 ms.
Invoked RoslynAnalysisRunner static constructor.
RoslynAnalysisRunner will not be running.
RoslynAnalysisRunner has terminated.
Mono: successfully reloaded assembly
- Completed reload, in  1.616 seconds
Platform modules already initialized, skipping
Switching build target platform(5) subTarget(0) extendedPlatform(0) -> platform(21) subTarget(1) extendedPlatform(0)
Shader 'Custom/RainShader': fallback shader 'Particles/Alpha Blended' not found
Shader 'Universal Render Pipeline/Particles/Lit': fallback shader 'Universal Render Pipeline/Particles/SimpleLit' not found
Refreshing native plugins compatible for Editor in 2.18 ms, found 2 plugins.
Preloading 0 native plugins for Editor in 0.00 ms.
Unloading 6738 Unused Serialized files (Serialized files now loaded: 0)
System memory in use before: 274.7 MB.
System memory in use after: 143.2 MB.

Unloading 84 unused Assets to reduce memory usage. Loaded Objects now: 7715.
Total: 18.274400 ms (FindLiveObjects: 0.815900 ms CreateObjectMapping: 0.570000 ms MarkObjects: 4.636500 ms  DeleteObjects: 12.250500 ms)

AssetImportWorkerClient::OnTransportError - code=2 error=End of file
