Using pre-set license
Built from '2021.3/staging' branch; Version is '2021.3.25f1 (68ef2c4f8861) revision 6876972'; Using compiler version '192829333'; Build Type 'Release'
OS: 'Windows 10  (10.0.19045) 64bit Professional' Language: 'ja' Physical Memory: 16222 MB
BatchMode: 1, IsHumanControllingUs: 0, StartBugReporterOnCrash: 0, Is64bit: 1, IsPro: 1

COMMAND LINE ARGUMENTS:
C:\Program Files\Unity\Hub\Editor\2021.3.25f1\Editor\Unity.exe
-adb2
-batchMode
-noUpm
-name
AssetImportWorker10
-projectPath
C:/Users/tatuk/Documents/SisterCave/Cave
-logFile
Logs/AssetImportWorker10.log
-srvPort
61868
Successfully changed project path to: C:/Users/tatuk/Documents/SisterCave/Cave
C:/Users/tatuk/Documents/SisterCave/Cave
[UnityMemory] Configuration Parameters - Can be set up in boot.config
    "memorysetup-bucket-allocator-granularity=16"
    "memorysetup-bucket-allocator-bucket-count=8"
    "memorysetup-bucket-allocator-block-size=33554432"
    "memorysetup-bucket-allocator-block-count=8"
    "memorysetup-main-allocator-block-size=16777216"
    "memorysetup-thread-allocator-block-size=16777216"
    "memorysetup-gfx-main-allocator-block-size=16777216"
    "memorysetup-gfx-thread-allocator-block-size=16777216"
    "memorysetup-cache-allocator-block-size=4194304"
    "memorysetup-typetree-allocator-block-size=2097152"
    "memorysetup-profiler-bucket-allocator-granularity=16"
    "memorysetup-profiler-bucket-allocator-bucket-count=8"
    "memorysetup-profiler-bucket-allocator-block-size=33554432"
    "memorysetup-profiler-bucket-allocator-block-count=8"
    "memorysetup-profiler-allocator-block-size=16777216"
    "memorysetup-profiler-editor-allocator-block-size=1048576"
    "memorysetup-temp-allocator-size-main=16777216"
    "memorysetup-job-temp-allocator-block-size=2097152"
    "memorysetup-job-temp-allocator-block-size-background=1048576"
    "memorysetup-job-temp-allocator-reduction-small-platforms=262144"
    "memorysetup-temp-allocator-size-background-worker=32768"
    "memorysetup-temp-allocator-size-job-worker=262144"
    "memorysetup-temp-allocator-size-preload-manager=33554432"
    "memorysetup-temp-allocator-size-nav-mesh-worker=65536"
    "memorysetup-temp-allocator-size-audio-worker=65536"
    "memorysetup-temp-allocator-size-cloud-worker=32768"
    "memorysetup-temp-allocator-size-gi-baking-worker=262144"
    "memorysetup-temp-allocator-size-gfx=262144"
Player connection [27392] Host "[IP] 192.168.0.9 [Port] 0 [Flags] 2 [Guid] 3664494512 [EditorId] 3664494512 [Version] 1048832 [Id] WindowsEditor(7,LAPTOP-TOOOMAN3) [Debug] 1 [PackageName] WindowsEditor [ProjectName] Editor" joined multi-casting on [225.0.0.222:54997]...

Player connection [27392] Host "[IP] 192.168.0.9 [Port] 0 [Flags] 2 [Guid] 3664494512 [EditorId] 3664494512 [Version] 1048832 [Id] WindowsEditor(7,LAPTOP-TOOOMAN3) [Debug] 1 [PackageName] WindowsEditor [ProjectName] Editor" joined alternative multi-casting on [225.0.0.222:34997]...

Refreshing native plugins compatible for Editor in 761.23 ms, found 5 plugins.
Preloading 0 native plugins for Editor in 0.00 ms.
Initialize engine version: 2021.3.25f1 (68ef2c4f8861)
[Subsystems] Discovering subsystems at path C:/Program Files/Unity/Hub/Editor/2021.3.25f1/Editor/Data/Resources/UnitySubsystems
[Subsystems] Discovering subsystems at path C:/Users/tatuk/Documents/SisterCave/Cave/Assets
GfxDevice: creating device client; threaded=0; jobified=0
Direct3D:
    Version:  Direct3D 11.0 [level 11.1]
    Renderer: NVIDIA GeForce RTX 2070 Super (ID=0x1ed1)
    Vendor:   NVIDIA
    VRAM:     8003 MB
    Driver:   31.0.15.2656
Shader 'Custom/RainShader': fallback shader 'Particles/Alpha Blended' not found
Shader 'Ferr/2D Terrain/Pixel Lit/Lightmap Textured Vertex Color Transparent (8 lights|lightmap +0 light)': fallback shader 'Ferr/Lit Textured Vertex Color Transparent (4 lights|lightmap +1 light)' not found
Shader 'Ferr/2D Terrain/Pixel Lit/Lightmap Textured Vertex Color (8 lights|lightmap +0 light)': fallback shader 'Ferr/Lit Textured Vertex Color (4 lights|lightmap +1 light)' not found
Shader 'CartoonCoffee/Particle Basic': fallback shader '2' not found
Shader 'CartoonCoffee/Particle Additive': fallback shader '2' not found
Shader 'MoreMountains/MMRipple': fallback shader 'Particle/AlphaBlended' not found
Initialize mono
Mono path[0] = 'C:/Program Files/Unity/Hub/Editor/2021.3.25f1/Editor/Data/Managed'
Mono path[1] = 'C:/Program Files/Unity/Hub/Editor/2021.3.25f1/Editor/Data/MonoBleedingEdge/lib/mono/unityjit-win32'
Mono config path = 'C:/Program Files/Unity/Hub/Editor/2021.3.25f1/Editor/Data/MonoBleedingEdge/etc'
Using monoOptions --debugger-agent=transport=dt_socket,embedding=1,server=y,suspend=n,address=127.0.0.1:56888
Begin MonoManager ReloadAssembly
Registering precompiled unity dll's ...
Register platform support module: C:/Program Files/Unity/Hub/Editor/2021.3.25f1/Editor/Data/PlaybackEngines/MacStandaloneSupport/UnityEditor.OSXStandalone.Extensions.dll
Register platform support module: C:/Program Files/Unity/Hub/Editor/2021.3.25f1/Editor/Data/PlaybackEngines/WindowsStandaloneSupport/UnityEditor.WindowsStandalone.Extensions.dll
Register platform support module: C:/Program Files/Unity/Hub/Editor/2021.3.25f1/Editor/Data/PlaybackEngines/LinuxStandaloneSupport/UnityEditor.LinuxStandalone.Extensions.dll
Register platform support module: C:/Program Files/Unity/Hub/Editor/2021.3.25f1/Editor/Data/PlaybackEngines/MetroSupport/UnityEditor.UWP.Extensions.dll
Registered in 0.013364 seconds.
Native extension for UWP target not found
Native extension for LinuxStandalone target not found
Native extension for WindowsStandalone target not found
Native extension for OSXStandalone target not found
Refreshing native plugins compatible for Editor in 788.69 ms, found 5 plugins.
Preloading 0 native plugins for Editor in 0.00 ms.
Mono: successfully reloaded assembly
- Completed reload, in  1.609 seconds
Domain Reload Profiling:
	ReloadAssembly (1610ms)
		BeginReloadAssembly (127ms)
			ExecutionOrderSort (0ms)
			DisableScriptedObjects (0ms)
			BackupInstance (0ms)
			ReleaseScriptingObjects (0ms)
			CreateAndSetChildDomain (1ms)
		EndReloadAssembly (1344ms)
			LoadAssemblies (124ms)
			RebuildTransferFunctionScriptingTraits (0ms)
			SetupTypeCache (156ms)
			ReleaseScriptCaches (0ms)
			RebuildScriptCaches (50ms)
			SetupLoadedEditorAssemblies (1034ms)
				LogAssemblyErrors (0ms)
				InitializePlatformSupportModulesInManaged (23ms)
				SetLoadedEditorAssemblies (0ms)
				RefreshPlugins (789ms)
				BeforeProcessingInitializeOnLoad (1ms)
				ProcessInitializeOnLoadAttributes (163ms)
				ProcessInitializeOnLoadMethodAttributes (57ms)
				AfterProcessingInitializeOnLoad (0ms)
				EditorAssembliesLoaded (0ms)
			ExecutionOrderSort2 (0ms)
			AwakeInstancesAfterBackupRestoration (0ms)
Platform modules already initialized, skipping
Registering precompiled user dll's ...
Registered in 0.062642 seconds.
Begin MonoManager ReloadAssembly
Native extension for UWP target not found
Native extension for LinuxStandalone target not found
Native extension for WindowsStandalone target not found
Native extension for OSXStandalone target not found
Refreshing native plugins compatible for Editor in 738.52 ms, found 5 plugins.
Preloading 0 native plugins for Editor in 0.00 ms.
Mono: successfully reloaded assembly
- Completed reload, in 12.876 seconds
Domain Reload Profiling:
	ReloadAssembly (12877ms)
		BeginReloadAssembly (209ms)
			ExecutionOrderSort (0ms)
			DisableScriptedObjects (8ms)
			BackupInstance (0ms)
			ReleaseScriptingObjects (0ms)
			CreateAndSetChildDomain (31ms)
		EndReloadAssembly (12463ms)
			LoadAssemblies (4550ms)
			RebuildTransferFunctionScriptingTraits (2ms)
			SetupTypeCache (2890ms)
			ReleaseScriptCaches (7ms)
			RebuildScriptCaches (324ms)
			SetupLoadedEditorAssemblies (4597ms)
				LogAssemblyErrors (0ms)
				InitializePlatformSupportModulesInManaged (24ms)
				SetLoadedEditorAssemblies (0ms)
				RefreshPlugins (739ms)
				BeforeProcessingInitializeOnLoad (293ms)
				ProcessInitializeOnLoadAttributes (3387ms)
				ProcessInitializeOnLoadMethodAttributes (143ms)
				AfterProcessingInitializeOnLoad (11ms)
				EditorAssembliesLoaded (1ms)
			ExecutionOrderSort2 (0ms)
			AwakeInstancesAfterBackupRestoration (8ms)
Platform modules already initialized, skipping
========================================================================
Worker process is ready to serve import requests
Shader 'Custom/RainShader': fallback shader 'Particles/Alpha Blended' not found
Shader 'Ferr/2D Terrain/Pixel Lit/Lightmap Textured Vertex Color (8 lights|lightmap +0 light)': fallback shader 'Ferr/Lit Textured Vertex Color (4 lights|lightmap +1 light)' not found
Shader 'CartoonCoffee/Particle Basic': fallback shader '2' not found
Shader 'MoreMountains/MMRipple': fallback shader 'Particle/AlphaBlended' not found
Shader 'CartoonCoffee/Particle Additive': fallback shader '2' not found
Shader 'Ferr/2D Terrain/Pixel Lit/Lightmap Textured Vertex Color Transparent (8 lights|lightmap +0 light)': fallback shader 'Ferr/Lit Textured Vertex Color Transparent (4 lights|lightmap +1 light)' not found
Launched and connected shader compiler UnityShaderCompiler.exe after 0.06 seconds
Refreshing native plugins compatible for Editor in 12.08 ms, found 5 plugins.
Preloading 0 native plugins for Editor in 0.00 ms.
Unloading 8990 Unused Serialized files (Serialized files now loaded: 0)
Unloading 128 unused Assets / (3.8 MB). Loaded Objects now: 9538.
Memory consumption went from 0.61 GB to 0.61 GB.
Total: 32.423200 ms (FindLiveObjects: 1.876600 ms CreateObjectMapping: 1.510700 ms MarkObjects: 25.071400 ms  DeleteObjects: 3.959000 ms)

AssetImportParameters requested are different than current active one (requested -> active):
  custom:video-decoder-ogg-theora: a1e56fd34408186e4bbccfd4996cb3dc -> 
  custom:container-muxer-webm: aa71ff27fc2769a1b78a27578f13a17b -> 
  custom:container-demuxer-webm: 4f35f7cbe854078d1ac9338744f61a02 -> 
  custom:video-encoder-webm-vp8: eb34c28f22e8b96e1ab97ce403110664 -> 
  custom:video-codec-MediaFoundation-h265: 746d11721c4dcdbdad8f713fa42b33f4 -> 
  custom:audio-encoder-webm-vorbis: bf7c407c2cedff20999df2af8eb42d56 -> 
  custom:framework-win-MediaFoundation: 216162199b28c13a410421893ffa2e32 -> 
  custom:container-demuxer-ogg: 62fdf1f143b41e24485cea50d1cbac27 -> 
  custom:video-decoder-webm-vp8: 9c59270c3fd7afecdb556c50c9e8de78 -> 
  custom:audio-decoder-ogg-vorbis: bf7c407c2cedff20999df2af8eb42d56 -> 
========================================================================
Received Import Request.
  Time since last request: 181690.326435 seconds.
  path: Assets/Plugins/PathologicalGames/readme.txt
  artifactKey: Guid(c1edd9cf6d2cc3046bc50df13bf66e10) Importer(815301076,1909f56bfc062723c751e8b465ee728b)
Start importing Assets/Plugins/PathologicalGames/readme.txt using Guid(c1edd9cf6d2cc3046bc50df13bf66e10) Importer(815301076,1909f56bfc062723c751e8b465ee728b)  -> (artifact id: 'e331fb095c451ff2d42897b1fa4a0bb8') in 0.134563 seconds 
========================================================================
Received Import Request.
  Time since last request: 0.000156 seconds.
  path: Assets/SineVFX/TopDownEffects/CompleteEffects/ConjureWaterPool.prefab
  artifactKey: Guid(c65700d66e8844c4955c3b1cde3357bc) Importer(815301076,1909f56bfc062723c751e8b465ee728b)
Start importing Assets/SineVFX/TopDownEffects/CompleteEffects/ConjureWaterPool.prefab using Guid(c65700d66e8844c4955c3b1cde3357bc) Importer(815301076,1909f56bfc062723c751e8b465ee728b)  -> (artifact id: '361942ba28a8532a5c02c432a2eee59c') in 3.611254 seconds 
========================================================================
Received Import Request.
  Time since last request: 0.000034 seconds.
  path: Assets/SineVFX/TopDownEffects/Resources/Materials/MainEffects/ConjureLavaPool/ConjureLavaPool_Ground_Impact_01.mat
  artifactKey: Guid(7e73aa2f223a4d1dbba4511b244850f1) Importer(815301076,1909f56bfc062723c751e8b465ee728b)
Start importing Assets/SineVFX/TopDownEffects/Resources/Materials/MainEffects/ConjureLavaPool/ConjureLavaPool_Ground_Impact_01.mat using Guid(7e73aa2f223a4d1dbba4511b244850f1) Importer(815301076,1909f56bfc062723c751e8b465ee728b)  -> (artifact id: 'dd361c2a4c3906ce8c2ab90bfef3a2cf') in 0.786893 seconds 
========================================================================
Received Import Request.
  Time since last request: 711.713870 seconds.
  path: Assets/Plugins/PathologicalGames
  artifactKey: Guid(7bec5f7f2cd5f9644b2b00e896daf991) Importer(815301076,1909f56bfc062723c751e8b465ee728b)
Start importing Assets/Plugins/PathologicalGames using Guid(7bec5f7f2cd5f9644b2b00e896daf991) Importer(815301076,1909f56bfc062723c751e8b465ee728b)  -> (artifact id: 'deb9e18c9a97cf0a8fa12e3fb0ecc39f') in 0.009855 seconds 
========================================================================
Received Import Request.
  Time since last request: 15.162790 seconds.
  path: Assets/PoolManagerExampleFiles/Scenes
  artifactKey: Guid(7cf35370cf76c8340b277886df61272e) Importer(815301076,1909f56bfc062723c751e8b465ee728b)
Start importing Assets/PoolManagerExampleFiles/Scenes using Guid(7cf35370cf76c8340b277886df61272e) Importer(815301076,1909f56bfc062723c751e8b465ee728b)  -> (artifact id: '30b307c800ebd4d6ec17ef97c9632e68') in 0.011074 seconds 
========================================================================
Received Import Request.
  Time since last request: 17.844250 seconds.
  path: Assets/PoolManagerExampleFiles/Scenes/DeleteTest.unity
  artifactKey: Guid(f95282bd47600498a9802be5e944f202) Importer(815301076,1909f56bfc062723c751e8b465ee728b)
Start importing Assets/PoolManagerExampleFiles/Scenes/DeleteTest.unity using Guid(f95282bd47600498a9802be5e944f202) Importer(815301076,1909f56bfc062723c751e8b465ee728b)  -> (artifact id: '876e4fbf6fc39b3114874f20a555e355') in 0.011949 seconds 
========================================================================
Received Import Request.
  Time since last request: 1.254788 seconds.
  path: Assets/PoolManagerExampleFiles/Scenes/Example Scene.unity
  artifactKey: Guid(d71f209511ca8dc4589b93799fd3f667) Importer(815301076,1909f56bfc062723c751e8b465ee728b)
Start importing Assets/PoolManagerExampleFiles/Scenes/Example Scene.unity using Guid(d71f209511ca8dc4589b93799fd3f667) Importer(815301076,1909f56bfc062723c751e8b465ee728b)  -> (artifact id: 'e96ea9e6a76e47c1d6416d3a4e585aaf') in 0.009929 seconds 
========================================================================
Received Import Request.
  Time since last request: 1.679686 seconds.
  path: Assets/PoolManagerExampleFiles/Scenes/OnCreatedDelegateExample.unity
  artifactKey: Guid(7027593b45973419fbf89cc3252119ef) Importer(815301076,1909f56bfc062723c751e8b465ee728b)
Start importing Assets/PoolManagerExampleFiles/Scenes/OnCreatedDelegateExample.unity using Guid(7027593b45973419fbf89cc3252119ef) Importer(815301076,1909f56bfc062723c751e8b465ee728b)  -> (artifact id: 'b553b84ab19da1cd05b35bc188692ab7') in 0.040746 seconds 
========================================================================
Received Import Request.
  Time since last request: 1.855338 seconds.
  path: Assets/PoolManagerExampleFiles/Scenes/ParticlesExample.unity
  artifactKey: Guid(ee12d7fb4480c944ca415d2731e5cb5a) Importer(815301076,1909f56bfc062723c751e8b465ee728b)
Start importing Assets/PoolManagerExampleFiles/Scenes/ParticlesExample.unity using Guid(ee12d7fb4480c944ca415d2731e5cb5a) Importer(815301076,1909f56bfc062723c751e8b465ee728b)  -> (artifact id: '90fe23199d6a79540ca3d2986cd11961') in 0.039319 seconds 
========================================================================
Received Import Request.
  Time since last request: 2.499191 seconds.
  path: Assets/PoolManagerExampleFiles/Scenes/PreloadOverTime.unity
  artifactKey: Guid(26cb3cb51a4419144a2eb20e8ccc2351) Importer(815301076,1909f56bfc062723c751e8b465ee728b)
Start importing Assets/PoolManagerExampleFiles/Scenes/PreloadOverTime.unity using Guid(26cb3cb51a4419144a2eb20e8ccc2351) Importer(815301076,1909f56bfc062723c751e8b465ee728b)  -> (artifact id: 'cd5e343bc7379c54268cceb34d3b70f0') in 0.012872 seconds 
========================================================================
Received Prepare
Registering precompiled user dll's ...
Registered in 0.025666 seconds.
Begin MonoManager ReloadAssembly
Native extension for UWP target not found
Native extension for LinuxStandalone target not found
Native extension for WindowsStandalone target not found
Native extension for OSXStandalone target not found
Refreshing native plugins compatible for Editor in 6.46 ms, found 5 plugins.
Preloading 0 native plugins for Editor in 0.00 ms.
Mono: successfully reloaded assembly
- Completed reload, in  3.799 seconds
Domain Reload Profiling:
	ReloadAssembly (3801ms)
		BeginReloadAssembly (612ms)
			ExecutionOrderSort (0ms)
			DisableScriptedObjects (29ms)
			BackupInstance (0ms)
			ReleaseScriptingObjects (0ms)
			CreateAndSetChildDomain (372ms)
		EndReloadAssembly (2992ms)
			LoadAssemblies (233ms)
			RebuildTransferFunctionScriptingTraits (0ms)
			SetupTypeCache (869ms)
			ReleaseScriptCaches (6ms)
			RebuildScriptCaches (232ms)
			SetupLoadedEditorAssemblies (1450ms)
				LogAssemblyErrors (0ms)
				InitializePlatformSupportModulesInManaged (25ms)
				SetLoadedEditorAssemblies (1ms)
				RefreshPlugins (7ms)
				BeforeProcessingInitializeOnLoad (236ms)
				ProcessInitializeOnLoadAttributes (960ms)
				ProcessInitializeOnLoadMethodAttributes (207ms)
				AfterProcessingInitializeOnLoad (15ms)
				EditorAssembliesLoaded (1ms)
			ExecutionOrderSort2 (0ms)
			AwakeInstancesAfterBackupRestoration (103ms)
Platform modules already initialized, skipping
Shader 'Custom/RainShader': fallback shader 'Particles/Alpha Blended' not found
Shader 'Ferr/2D Terrain/Pixel Lit/Lightmap Textured Vertex Color (8 lights|lightmap +0 light)': fallback shader 'Ferr/Lit Textured Vertex Color (4 lights|lightmap +1 light)' not found
Shader 'CartoonCoffee/Particle Basic': fallback shader '2' not found
Shader 'MoreMountains/MMRipple': fallback shader 'Particle/AlphaBlended' not found
Shader 'CartoonCoffee/Particle Additive': fallback shader '2' not found
Shader 'Ferr/2D Terrain/Pixel Lit/Lightmap Textured Vertex Color Transparent (8 lights|lightmap +0 light)': fallback shader 'Ferr/Lit Textured Vertex Color Transparent (4 lights|lightmap +1 light)' not found
Refreshing native plugins compatible for Editor in 19.21 ms, found 5 plugins.
Preloading 0 native plugins for Editor in 0.00 ms.
Unloading 8548 Unused Serialized files (Serialized files now loaded: 0)
Unloading 104 unused Assets / (3.8 MB). Loaded Objects now: 9636.
Memory consumption went from 0.58 GB to 0.58 GB.
Total: 7.637500 ms (FindLiveObjects: 0.943000 ms CreateObjectMapping: 0.670600 ms MarkObjects: 4.985900 ms  DeleteObjects: 1.036800 ms)

AssetImportParameters requested are different than current active one (requested -> active):
  custom:video-decoder-ogg-theora: a1e56fd34408186e4bbccfd4996cb3dc -> 
  custom:container-muxer-webm: aa71ff27fc2769a1b78a27578f13a17b -> 
  custom:container-demuxer-webm: 4f35f7cbe854078d1ac9338744f61a02 -> 
  custom:video-encoder-webm-vp8: eb34c28f22e8b96e1ab97ce403110664 -> 
  custom:video-codec-MediaFoundation-h265: 746d11721c4dcdbdad8f713fa42b33f4 -> 
  custom:audio-encoder-webm-vorbis: bf7c407c2cedff20999df2af8eb42d56 -> 
  custom:framework-win-MediaFoundation: 216162199b28c13a410421893ffa2e32 -> 
  custom:container-demuxer-ogg: 62fdf1f143b41e24485cea50d1cbac27 -> 
  custom:video-decoder-webm-vp8: 9c59270c3fd7afecdb556c50c9e8de78 -> 
  custom:audio-decoder-ogg-vorbis: bf7c407c2cedff20999df2af8eb42d56 -> 
========================================================================
Received Prepare
Registering precompiled user dll's ...
Registered in 0.031580 seconds.
Begin MonoManager ReloadAssembly
Native extension for UWP target not found
Native extension for LinuxStandalone target not found
Native extension for WindowsStandalone target not found
Native extension for OSXStandalone target not found
Refreshing native plugins compatible for Editor in 7.61 ms, found 5 plugins.
Preloading 0 native plugins for Editor in 0.00 ms.
Mono: successfully reloaded assembly
- Completed reload, in  3.087 seconds
Domain Reload Profiling:
	ReloadAssembly (3088ms)
		BeginReloadAssembly (236ms)
			ExecutionOrderSort (0ms)
			DisableScriptedObjects (12ms)
			BackupInstance (0ms)
			ReleaseScriptingObjects (0ms)
			CreateAndSetChildDomain (85ms)
		EndReloadAssembly (2689ms)
			LoadAssemblies (198ms)
			RebuildTransferFunctionScriptingTraits (0ms)
			SetupTypeCache (704ms)
			ReleaseScriptCaches (7ms)
			RebuildScriptCaches (225ms)
			SetupLoadedEditorAssemblies (1341ms)
				LogAssemblyErrors (0ms)
				InitializePlatformSupportModulesInManaged (19ms)
				SetLoadedEditorAssemblies (0ms)
				RefreshPlugins (8ms)
				BeforeProcessingInitializeOnLoad (211ms)
				ProcessInitializeOnLoadAttributes (918ms)
				ProcessInitializeOnLoadMethodAttributes (169ms)
				AfterProcessingInitializeOnLoad (15ms)
				EditorAssembliesLoaded (1ms)
			ExecutionOrderSort2 (0ms)
			AwakeInstancesAfterBackupRestoration (83ms)
Platform modules already initialized, skipping
Shader 'Custom/RainShader': fallback shader 'Particles/Alpha Blended' not found
Shader 'Ferr/2D Terrain/Pixel Lit/Lightmap Textured Vertex Color (8 lights|lightmap +0 light)': fallback shader 'Ferr/Lit Textured Vertex Color (4 lights|lightmap +1 light)' not found
Shader 'CartoonCoffee/Particle Basic': fallback shader '2' not found
Shader 'MoreMountains/MMRipple': fallback shader 'Particle/AlphaBlended' not found
Shader 'CartoonCoffee/Particle Additive': fallback shader '2' not found
Shader 'Ferr/2D Terrain/Pixel Lit/Lightmap Textured Vertex Color Transparent (8 lights|lightmap +0 light)': fallback shader 'Ferr/Lit Textured Vertex Color Transparent (4 lights|lightmap +1 light)' not found
Refreshing native plugins compatible for Editor in 14.40 ms, found 5 plugins.
Preloading 0 native plugins for Editor in 0.00 ms.
Unloading 8544 Unused Serialized files (Serialized files now loaded: 0)
Unloading 104 unused Assets / (3.8 MB). Loaded Objects now: 9643.
Memory consumption went from 0.58 GB to 0.58 GB.
Total: 8.872500 ms (FindLiveObjects: 0.757300 ms CreateObjectMapping: 0.901800 ms MarkObjects: 5.934900 ms  DeleteObjects: 1.277400 ms)

AssetImportParameters requested are different than current active one (requested -> active):
  custom:video-decoder-ogg-theora: a1e56fd34408186e4bbccfd4996cb3dc -> 
  custom:container-muxer-webm: aa71ff27fc2769a1b78a27578f13a17b -> 
  custom:container-demuxer-webm: 4f35f7cbe854078d1ac9338744f61a02 -> 
  custom:video-encoder-webm-vp8: eb34c28f22e8b96e1ab97ce403110664 -> 
  custom:video-codec-MediaFoundation-h265: 746d11721c4dcdbdad8f713fa42b33f4 -> 
  custom:audio-encoder-webm-vorbis: bf7c407c2cedff20999df2af8eb42d56 -> 
  custom:framework-win-MediaFoundation: 216162199b28c13a410421893ffa2e32 -> 
  custom:container-demuxer-ogg: 62fdf1f143b41e24485cea50d1cbac27 -> 
  custom:video-decoder-webm-vp8: 9c59270c3fd7afecdb556c50c9e8de78 -> 
  custom:audio-decoder-ogg-vorbis: bf7c407c2cedff20999df2af8eb42d56 -> 
========================================================================
Received Prepare
Registering precompiled user dll's ...
Registered in 0.021862 seconds.
Begin MonoManager ReloadAssembly
Native extension for UWP target not found
Native extension for LinuxStandalone target not found
Native extension for WindowsStandalone target not found
Native extension for OSXStandalone target not found
Refreshing native plugins compatible for Editor in 6.17 ms, found 5 plugins.
Preloading 0 native plugins for Editor in 0.00 ms.
Mono: successfully reloaded assembly
- Completed reload, in  2.788 seconds
Domain Reload Profiling:
	ReloadAssembly (2789ms)
		BeginReloadAssembly (239ms)
			ExecutionOrderSort (0ms)
			DisableScriptedObjects (13ms)
			BackupInstance (0ms)
			ReleaseScriptingObjects (0ms)
			CreateAndSetChildDomain (73ms)
		EndReloadAssembly (2377ms)
			LoadAssemblies (198ms)
			RebuildTransferFunctionScriptingTraits (0ms)
			SetupTypeCache (650ms)
			ReleaseScriptCaches (8ms)
			RebuildScriptCaches (217ms)
			SetupLoadedEditorAssemblies (1164ms)
				LogAssemblyErrors (0ms)
				InitializePlatformSupportModulesInManaged (23ms)
				SetLoadedEditorAssemblies (1ms)
				RefreshPlugins (6ms)
				BeforeProcessingInitializeOnLoad (197ms)
				ProcessInitializeOnLoadAttributes (804ms)
				ProcessInitializeOnLoadMethodAttributes (122ms)
				AfterProcessingInitializeOnLoad (11ms)
				EditorAssembliesLoaded (1ms)
			ExecutionOrderSort2 (0ms)
			AwakeInstancesAfterBackupRestoration (58ms)
Platform modules already initialized, skipping
Shader 'Custom/RainShader': fallback shader 'Particles/Alpha Blended' not found
Shader 'Ferr/2D Terrain/Pixel Lit/Lightmap Textured Vertex Color (8 lights|lightmap +0 light)': fallback shader 'Ferr/Lit Textured Vertex Color (4 lights|lightmap +1 light)' not found
Shader 'CartoonCoffee/Particle Basic': fallback shader '2' not found
Shader 'MoreMountains/MMRipple': fallback shader 'Particle/AlphaBlended' not found
Shader 'CartoonCoffee/Particle Additive': fallback shader '2' not found
Shader 'Ferr/2D Terrain/Pixel Lit/Lightmap Textured Vertex Color Transparent (8 lights|lightmap +0 light)': fallback shader 'Ferr/Lit Textured Vertex Color Transparent (4 lights|lightmap +1 light)' not found
Refreshing native plugins compatible for Editor in 17.73 ms, found 5 plugins.
Preloading 0 native plugins for Editor in 0.00 ms.
Unloading 8544 Unused Serialized files (Serialized files now loaded: 0)
Unloading 104 unused Assets / (3.8 MB). Loaded Objects now: 9650.
Memory consumption went from 0.58 GB to 0.58 GB.
Total: 9.576900 ms (FindLiveObjects: 0.896300 ms CreateObjectMapping: 1.046600 ms MarkObjects: 5.976200 ms  DeleteObjects: 1.656400 ms)

AssetImportParameters requested are different than current active one (requested -> active):
  custom:video-decoder-ogg-theora: a1e56fd34408186e4bbccfd4996cb3dc -> 
  custom:container-muxer-webm: aa71ff27fc2769a1b78a27578f13a17b -> 
  custom:container-demuxer-webm: 4f35f7cbe854078d1ac9338744f61a02 -> 
  custom:video-encoder-webm-vp8: eb34c28f22e8b96e1ab97ce403110664 -> 
  custom:video-codec-MediaFoundation-h265: 746d11721c4dcdbdad8f713fa42b33f4 -> 
  custom:audio-encoder-webm-vorbis: bf7c407c2cedff20999df2af8eb42d56 -> 
  custom:framework-win-MediaFoundation: 216162199b28c13a410421893ffa2e32 -> 
  custom:container-demuxer-ogg: 62fdf1f143b41e24485cea50d1cbac27 -> 
  custom:video-decoder-webm-vp8: 9c59270c3fd7afecdb556c50c9e8de78 -> 
  custom:audio-decoder-ogg-vorbis: bf7c407c2cedff20999df2af8eb42d56 -> 
========================================================================
Received Import Request.
  Time since last request: 470.986457 seconds.
  path: Assets/PoolManagerExampleFiles/Prefabs
  artifactKey: Guid(5628e5fa16978f44aa6e9bca94e199e3) Importer(815301076,1909f56bfc062723c751e8b465ee728b)
Start importing Assets/PoolManagerExampleFiles/Prefabs using Guid(5628e5fa16978f44aa6e9bca94e199e3) Importer(815301076,1909f56bfc062723c751e8b465ee728b)  -> (artifact id: 'd45376675fbca4fd367363c961b0458f') in 0.027406 seconds 
========================================================================
Received Import Request.
  Time since last request: 8.122573 seconds.
  path: Assets/PoolManagerExampleFiles/Scenes/AudioExample.unity
  artifactKey: Guid(e334a947e9a94424a8317fb7fec2271b) Importer(815301076,1909f56bfc062723c751e8b465ee728b)
Start importing Assets/PoolManagerExampleFiles/Scenes/AudioExample.unity using Guid(e334a947e9a94424a8317fb7fec2271b) Importer(815301076,1909f56bfc062723c751e8b465ee728b)  -> (artifact id: 'e7b16b94ea48ea1ddc5780f30ae07baf') in 0.012067 seconds 
========================================================================
Received Import Request.
  Time since last request: 174.196819 seconds.
  path: Assets/SpecialSkillsEffectsPack/AllEffects/EffectsSet_2(ScriptBased)/Effects/Effect_02_FastestFist/Effect_02_FastestFist.prefab
  artifactKey: Guid(1898c2c2bfc89734b97e10751286ec1d) Importer(815301076,1909f56bfc062723c751e8b465ee728b)
Start importing Assets/SpecialSkillsEffectsPack/AllEffects/EffectsSet_2(ScriptBased)/Effects/Effect_02_FastestFist/Effect_02_FastestFist.prefab using Guid(1898c2c2bfc89734b97e10751286ec1d) Importer(815301076,1909f56bfc062723c751e8b465ee728b)  -> (artifact id: '2317ecbb473d048f8ccb520790c3343e') in 0.113261 seconds 
========================================================================
Received Import Request.
  Time since last request: 0.000026 seconds.
  path: Assets/AnyPortrait/Editor/Images/Rig_TestPosing.png
  artifactKey: Guid(f0a85c04e3af90e41bc285e3a8814d2c) Importer(815301076,1909f56bfc062723c751e8b465ee728b)
Start importing Assets/AnyPortrait/Editor/Images/Rig_TestPosing.png using Guid(f0a85c04e3af90e41bc285e3a8814d2c) Importer(815301076,1909f56bfc062723c751e8b465ee728b)  -> (artifact id: 'a66c01f8536b7f1af35cd2b12b166303') in 0.117864 seconds 
========================================================================
Received Import Request.
  Time since last request: 0.000020 seconds.
  path: Assets/testAsset/ItemManager/testIcon.png
  artifactKey: Guid(4abe97fcff0e53f4288e17c559ccb8f4) Importer(815301076,1909f56bfc062723c751e8b465ee728b)
Start importing Assets/testAsset/ItemManager/testIcon.png using Guid(4abe97fcff0e53f4288e17c559ccb8f4) Importer(815301076,1909f56bfc062723c751e8b465ee728b)  -> (artifact id: '813747e8c69d8ba3390bca13702bbc4f') in 0.066334 seconds 
========================================================================
Received Import Request.
  Time since last request: 0.000041 seconds.
  path: Assets/testAsset/ItemManager/Item/testIcon.prefab
  artifactKey: Guid(64d2de806c1592242ac4f5283e1ce0ff) Importer(815301076,1909f56bfc062723c751e8b465ee728b)
Start importing Assets/testAsset/ItemManager/Item/testIcon.prefab using Guid(64d2de806c1592242ac4f5283e1ce0ff) Importer(815301076,1909f56bfc062723c751e8b465ee728b)  -> (artifact id: '33314257df9822d849ad4e31d5dd4303') in 0.217478 seconds 
========================================================================
Received Import Request.
  Time since last request: 0.000035 seconds.
  path: Assets/AnyPortrait/Editor/Images/MeshEdit_PinTest.png
  artifactKey: Guid(04b9ce07a514b2146b49902d48aca779) Importer(815301076,1909f56bfc062723c751e8b465ee728b)
Start importing Assets/AnyPortrait/Editor/Images/MeshEdit_PinTest.png using Guid(04b9ce07a514b2146b49902d48aca779) Importer(815301076,1909f56bfc062723c751e8b465ee728b)  -> (artifact id: '76e42f9506f0c2b4487a96161df2a4ae') in 0.026672 seconds 
========================================================================
Received Import Request.
  Time since last request: 0.000032 seconds.
  path: Assets/CorgiEngine/ThirdParty/MoreMountains/MMTools/Demos/MMSceneLoading/LoadingTester.prefab
  artifactKey: Guid(2cdbdb3e4380b5d4b849d9dddd7a7d00) Importer(815301076,1909f56bfc062723c751e8b465ee728b)
Start importing Assets/CorgiEngine/ThirdParty/MoreMountains/MMTools/Demos/MMSceneLoading/LoadingTester.prefab using Guid(2cdbdb3e4380b5d4b849d9dddd7a7d00) Importer(815301076,1909f56bfc062723c751e8b465ee728b)  -> (artifact id: '0b7893718f9dfc4dd8db4da4b1a02cf9') in 0.020008 seconds 
========================================================================
Received Import Request.
  Time since last request: 0.000025 seconds.
  path: Assets/CorgiEngine/ThirdParty/MoreMountains/MMTools/Demos/MMSceneLoading/SceneStartsTester.prefab
  artifactKey: Guid(e991e8338c2853d44b4bc3ad13aee865) Importer(815301076,1909f56bfc062723c751e8b465ee728b)
Start importing Assets/CorgiEngine/ThirdParty/MoreMountains/MMTools/Demos/MMSceneLoading/SceneStartsTester.prefab using Guid(e991e8338c2853d44b4bc3ad13aee865) Importer(815301076,1909f56bfc062723c751e8b465ee728b)  -> (artifact id: '61218283eeb1e513d13feca1aa9b1763') in 0.014306 seconds 
========================================================================
Received Import Request.
  Time since last request: 0.057374 seconds.
  path: Assets/AllIn1SpriteShader/Materials/TestScorpionKight .mat
  artifactKey: Guid(d5504c973ca43014da86f83b5032179d) Importer(815301076,1909f56bfc062723c751e8b465ee728b)
Start importing Assets/AllIn1SpriteShader/Materials/TestScorpionKight .mat using Guid(d5504c973ca43014da86f83b5032179d) Importer(815301076,1909f56bfc062723c751e8b465ee728b)  -> (artifact id: '45e12ddb18240cbbef5b7fae835dd5d5') in 0.072160 seconds 
========================================================================
Received Import Request.
  Time since last request: 0.000043 seconds.
  path: Assets/testAsset/Enemy/EnemyPrefab/Knight/TestScorpionKight .prefab
  artifactKey: Guid(02a8c377c414f034aaf8424ca8f69d70) Importer(815301076,1909f56bfc062723c751e8b465ee728b)
Start importing Assets/testAsset/Enemy/EnemyPrefab/Knight/TestScorpionKight .prefab using Guid(02a8c377c414f034aaf8424ca8f69d70) Importer(815301076,1909f56bfc062723c751e8b465ee728b)  -> (artifact id: 'c7a082234f3c18b699093b35462c965e') in 0.677553 seconds 
========================================================================
Received Import Request.
  Time since last request: 2.748392 seconds.
  path: Assets/CorgiEngine/ThirdParty/MoreMountains/MMFeedbacks/Demos/MMFeedbacksDemo/TestScene
  artifactKey: Guid(10871450a54cfb343950275a797284a2) Importer(815301076,1909f56bfc062723c751e8b465ee728b)
Start importing Assets/CorgiEngine/ThirdParty/MoreMountains/MMFeedbacks/Demos/MMFeedbacksDemo/TestScene using Guid(10871450a54cfb343950275a797284a2) Importer(815301076,1909f56bfc062723c751e8b465ee728b)  -> (artifact id: 'b45343c3c2d150e6396f74a872039d74') in 0.010659 seconds 
========================================================================
Received Import Request.
  Time since last request: 0.087790 seconds.
  path: Assets/CorgiEngine/ThirdParty/MoreMountains/MMFeedbacks/Demos/MMFeedbacksDemo/TestScene/LightingData.asset
  artifactKey: Guid(b85172a42cd369b4dab73b28ff4fff7d) Importer(815301076,1909f56bfc062723c751e8b465ee728b)
Start importing Assets/CorgiEngine/ThirdParty/MoreMountains/MMFeedbacks/Demos/MMFeedbacksDemo/TestScene/LightingData.asset using Guid(b85172a42cd369b4dab73b28ff4fff7d) Importer(815301076,1909f56bfc062723c751e8b465ee728b)  -> (artifact id: '659ed3ab9d4371a4e5b48ed8bc904bf5') in 0.122868 seconds 
========================================================================
Received Import Request.
  Time since last request: 7.040208 seconds.
  path: Assets/testAsset/Map/TestMap77.prefab
  artifactKey: Guid(d249691e89aa2b149abb0e2ced078ecc) Importer(815301076,1909f56bfc062723c751e8b465ee728b)
Start importing Assets/testAsset/Map/TestMap77.prefab using Guid(d249691e89aa2b149abb0e2ced078ecc) Importer(815301076,1909f56bfc062723c751e8b465ee728b)  -> (artifact id: 'c8c91ff03ecee350e956190984ff679f') in 0.097621 seconds 
========================================================================
Received Import Request.
  Time since last request: 0.000027 seconds.
  path: Assets/testAsset/Map/TestRope.png
  artifactKey: Guid(6d7dd50755babfe4496fd7972549f16e) Importer(815301076,1909f56bfc062723c751e8b465ee728b)
Start importing Assets/testAsset/Map/TestRope.png using Guid(6d7dd50755babfe4496fd7972549f16e) Importer(815301076,1909f56bfc062723c751e8b465ee728b)  -> (artifact id: '8d6da506fb3160b018db8bcf9bd20b81') in 0.030972 seconds 
========================================================================
Received Import Request.
  Time since last request: 0.041914 seconds.
  path: Assets/testAsset/Map/TestRope2.prefab
  artifactKey: Guid(bdeb9aeabd05e5044a84cf8f8ded65fc) Importer(815301076,1909f56bfc062723c751e8b465ee728b)
Start importing Assets/testAsset/Map/TestRope2.prefab using Guid(bdeb9aeabd05e5044a84cf8f8ded65fc) Importer(815301076,1909f56bfc062723c751e8b465ee728b)  -> (artifact id: '6237ccf1711a05323ccee30096cbd03c') in 0.020559 seconds 
========================================================================
Received Import Request.
  Time since last request: 0.000030 seconds.
  path: Assets/testAsset/Map/TestRopeK.prefab
  artifactKey: Guid(b3c0035b738c5a64ca440de4a9b6bdb0) Importer(815301076,1909f56bfc062723c751e8b465ee728b)
Start importing Assets/testAsset/Map/TestRopeK.prefab using Guid(b3c0035b738c5a64ca440de4a9b6bdb0) Importer(815301076,1909f56bfc062723c751e8b465ee728b)  -> (artifact id: 'c3bb852e9d0e9831e5986ad8e0748661') in 0.023057 seconds 
========================================================================
Received Import Request.
  Time since last request: 10.247501 seconds.
  path: Assets/AnyPortrait/Demo/Main Screen/AP_MainScreen.png
  artifactKey: Guid(14f2e50700351044a82b07b3fbcdf25b) Importer(815301076,1909f56bfc062723c751e8b465ee728b)
Start importing Assets/AnyPortrait/Demo/Main Screen/AP_MainScreen.png using Guid(14f2e50700351044a82b07b3fbcdf25b) Importer(815301076,1909f56bfc062723c751e8b465ee728b)  -> (artifact id: '2147edfbaccd42129c87907b21fab4c9') in 0.072038 seconds 
========================================================================
Received Import Request.
  Time since last request: 0.000025 seconds.
  path: Assets/CorgiEngine/ThirdParty/MoreMountains/MMInterface/Styles/Mini/Prefabs/Buttons/DarkerGrey/ButtonMain.prefab
  artifactKey: Guid(6b1034679a57a1149920253ffdc58797) Importer(815301076,1909f56bfc062723c751e8b465ee728b)
Start importing Assets/CorgiEngine/ThirdParty/MoreMountains/MMInterface/Styles/Mini/Prefabs/Buttons/DarkerGrey/ButtonMain.prefab using Guid(6b1034679a57a1149920253ffdc58797) Importer(815301076,1909f56bfc062723c751e8b465ee728b)  -> (artifact id: 'd602d938ae786b2b29f154c3968ccb6e') in 0.019088 seconds 
========================================================================
Received Import Request.
  Time since last request: 0.000029 seconds.
  path: Assets/AnyPortrait/Demo/Main Screen/AP_MainScreen_Fog5.png
  artifactKey: Guid(584bb5fc3da46cd4da8f23be65377920) Importer(815301076,1909f56bfc062723c751e8b465ee728b)
Start importing Assets/AnyPortrait/Demo/Main Screen/AP_MainScreen_Fog5.png using Guid(584bb5fc3da46cd4da8f23be65377920) Importer(815301076,1909f56bfc062723c751e8b465ee728b)  -> (artifact id: '3860ada57462f9aabe25f9f2ecf5bc55') in 0.030349 seconds 
========================================================================
Received Import Request.
  Time since last request: 0.000023 seconds.
  path: Assets/AnyPortrait/Demo/Main Screen/AP_MainScreen_Fog1.png
  artifactKey: Guid(8d4e5deec65caf24aaf601de73bebf66) Importer(815301076,1909f56bfc062723c751e8b465ee728b)
Start importing Assets/AnyPortrait/Demo/Main Screen/AP_MainScreen_Fog1.png using Guid(8d4e5deec65caf24aaf601de73bebf66) Importer(815301076,1909f56bfc062723c751e8b465ee728b)  -> (artifact id: '8c143cde001d95d2124e8d40b3f2e3b9') in 0.037569 seconds 
========================================================================
Received Import Request.
  Time since last request: 0.000036 seconds.
  path: Assets/CorgiEngine/ThirdParty/MoreMountains/MMInterface/Styles/Mini/Prefabs/Buttons/HorizontalGradientOrangeToPink/ButtonMain.prefab
  artifactKey: Guid(c4d8c010142c1cf42afafdd5dd52bf67) Importer(815301076,1909f56bfc062723c751e8b465ee728b)
Start importing Assets/CorgiEngine/ThirdParty/MoreMountains/MMInterface/Styles/Mini/Prefabs/Buttons/HorizontalGradientOrangeToPink/ButtonMain.prefab using Guid(c4d8c010142c1cf42afafdd5dd52bf67) Importer(815301076,1909f56bfc062723c751e8b465ee728b)  -> (artifact id: '0e27a707e0681dc828f9e33e2c429846') in 0.016830 seconds 
========================================================================
Received Import Request.
  Time since last request: 0.000027 seconds.
  path: Assets/CorgiEngine/ThirdParty/MoreMountains/MMInterface/Styles/Mini/Prefabs/Buttons/Yellow/ButtonMain.prefab
  artifactKey: Guid(a493807fdd6e16b498ee2f998e5a34a1) Importer(815301076,1909f56bfc062723c751e8b465ee728b)
Start importing Assets/CorgiEngine/ThirdParty/MoreMountains/MMInterface/Styles/Mini/Prefabs/Buttons/Yellow/ButtonMain.prefab using Guid(a493807fdd6e16b498ee2f998e5a34a1) Importer(815301076,1909f56bfc062723c751e8b465ee728b)  -> (artifact id: '1734a67e075f4589825be48dfea06cbb') in 0.009408 seconds 
========================================================================
Received Import Request.
  Time since last request: 0.000024 seconds.
  path: Assets/AnyPortrait/Demo/Main Screen/AP_MainScreen_LightFx.psd
  artifactKey: Guid(4e69ed5df36f5f04c91fcdf3b03c66bb) Importer(815301076,1909f56bfc062723c751e8b465ee728b)
Start importing Assets/AnyPortrait/Demo/Main Screen/AP_MainScreen_LightFx.psd using Guid(4e69ed5df36f5f04c91fcdf3b03c66bb) Importer(815301076,1909f56bfc062723c751e8b465ee728b)  -> (artifact id: '498e3c9ad94e1b401ade2df93fee4b49') in 0.092980 seconds 
========================================================================
Received Import Request.
  Time since last request: 0.000034 seconds.
  path: Assets/AnyPortrait/Demo/Main Screen/AP_MainScreen_ParticleFx.png
  artifactKey: Guid(5069e778d5ab6be4ea134ed2f47ad4f4) Importer(815301076,1909f56bfc062723c751e8b465ee728b)
Start importing Assets/AnyPortrait/Demo/Main Screen/AP_MainScreen_ParticleFx.png using Guid(5069e778d5ab6be4ea134ed2f47ad4f4) Importer(815301076,1909f56bfc062723c751e8b465ee728b)  -> (artifact id: 'd7a59e2a291d042c6daa7b327bc66b1d') in 0.029450 seconds 
========================================================================
Received Import Request.
  Time since last request: 0.000034 seconds.
  path: Assets/AnyPortrait/Demo/Main Screen/AP_MainScreen_DarkenFx.psd
  artifactKey: Guid(e9c421c9b79e8c64ea1450870237d51b) Importer(815301076,1909f56bfc062723c751e8b465ee728b)
Start importing Assets/AnyPortrait/Demo/Main Screen/AP_MainScreen_DarkenFx.psd using Guid(e9c421c9b79e8c64ea1450870237d51b) Importer(815301076,1909f56bfc062723c751e8b465ee728b)  -> (artifact id: 'e2c7eb31f93cd65a8416859ef5ddbc00') in 0.063423 seconds 
========================================================================
Received Import Request.
  Time since last request: 0.000056 seconds.
  path: Assets/CorgiEngine/ThirdParty/MoreMountains/MMInterface/Styles/Mini/Prefabs/Buttons/LightGreen/ButtonMain.prefab
  artifactKey: Guid(95d881f194f010544846d1f3ccd5e853) Importer(815301076,1909f56bfc062723c751e8b465ee728b)
Start importing Assets/CorgiEngine/ThirdParty/MoreMountains/MMInterface/Styles/Mini/Prefabs/Buttons/LightGreen/ButtonMain.prefab using Guid(95d881f194f010544846d1f3ccd5e853) Importer(815301076,1909f56bfc062723c751e8b465ee728b)  -> (artifact id: 'd86899b6b0ccbd0b1d9a8651d3118bf9') in 0.009560 seconds 
========================================================================
Received Import Request.
  Time since last request: 0.000026 seconds.
  path: Assets/CorgiEngine/ThirdParty/MoreMountains/MMInterface/Styles/Mini/Prefabs/Buttons/Purple/ButtonMain.prefab
  artifactKey: Guid(d98aa36a70c4e3347942879a6e75b6eb) Importer(815301076,1909f56bfc062723c751e8b465ee728b)
Start importing Assets/CorgiEngine/ThirdParty/MoreMountains/MMInterface/Styles/Mini/Prefabs/Buttons/Purple/ButtonMain.prefab using Guid(d98aa36a70c4e3347942879a6e75b6eb) Importer(815301076,1909f56bfc062723c751e8b465ee728b)  -> (artifact id: 'a2294116ccb6f7f353bb19fba76b8c42') in 0.007539 seconds 
========================================================================
Received Import Request.
  Time since last request: 0.000028 seconds.
  path: Assets/CorgiEngine/ThirdParty/MoreMountains/MMInterface/Styles/Mini/Prefabs/Buttons/VerticalGradientOrangeToViolet/ButtonMain.prefab
  artifactKey: Guid(fcadedfbec6488947a42f01eb25f5366) Importer(815301076,1909f56bfc062723c751e8b465ee728b)
Start importing Assets/CorgiEngine/ThirdParty/MoreMountains/MMInterface/Styles/Mini/Prefabs/Buttons/VerticalGradientOrangeToViolet/ButtonMain.prefab using Guid(fcadedfbec6488947a42f01eb25f5366) Importer(815301076,1909f56bfc062723c751e8b465ee728b)  -> (artifact id: '6a2c5564a18d5218e1c6b020d2d394d5') in 0.017257 seconds 
========================================================================
Received Import Request.
  Time since last request: 0.000028 seconds.
  path: Assets/AnyPortrait/Demo/Main Screen/AP_MainScreen_Fog3.png
  artifactKey: Guid(a9a36c6146c31734fbc7924851a88767) Importer(815301076,1909f56bfc062723c751e8b465ee728b)
Start importing Assets/AnyPortrait/Demo/Main Screen/AP_MainScreen_Fog3.png using Guid(a9a36c6146c31734fbc7924851a88767) Importer(815301076,1909f56bfc062723c751e8b465ee728b)  -> (artifact id: '2727b399709482bb888c11a81aa3c2a5') in 0.029307 seconds 
========================================================================
Received Import Request.
  Time since last request: 0.000031 seconds.
  path: Assets/AnyPortrait/Demo/Main Screen/AP_MainScreen_Fog6.png
  artifactKey: Guid(f06f964b9ebffb14780156a15b6fed5d) Importer(815301076,1909f56bfc062723c751e8b465ee728b)
Start importing Assets/AnyPortrait/Demo/Main Screen/AP_MainScreen_Fog6.png using Guid(f06f964b9ebffb14780156a15b6fed5d) Importer(815301076,1909f56bfc062723c751e8b465ee728b)  -> (artifact id: 'aeae2de60c78988a2be2f299af98116e') in 0.026780 seconds 
========================================================================
Received Import Request.
  Time since last request: 0.000033 seconds.
  path: Assets/CorgiEngine/ThirdParty/MoreMountains/MMTools/Demos/MMGhostCamera/Models/MMGhostCameraCity.fbx
  artifactKey: Guid(00cafe0a18485bf4986d87092f3b2c63) Importer(815301076,1909f56bfc062723c751e8b465ee728b)
Start importing Assets/CorgiEngine/ThirdParty/MoreMountains/MMTools/Demos/MMGhostCamera/Models/MMGhostCameraCity.fbx using Guid(00cafe0a18485bf4986d87092f3b2c63) Importer(815301076,1909f56bfc062723c751e8b465ee728b)  -> (artifact id: '1e4d39cd76dbc0c663a420a435d08caf') in 0.498517 seconds 
========================================================================
Received Import Request.
  Time since last request: 16101.980877 seconds.
  path: Assets/PoolManagerExampleFiles/Prefabs/Cube.prefab
  artifactKey: Guid(27d432f15cb27a4408d64a6acab4d8a7) Importer(815301076,1909f56bfc062723c751e8b465ee728b)
Start importing Assets/PoolManagerExampleFiles/Prefabs/Cube.prefab using Guid(27d432f15cb27a4408d64a6acab4d8a7) Importer(815301076,1909f56bfc062723c751e8b465ee728b)  -> (artifact id: '32f1f94e2e98c068c9abc06b6cb30b3b') in 0.036527 seconds 
========================================================================
Received Import Request.
  Time since last request: 0.000033 seconds.
  path: Assets/PoolManagerExampleFiles/Prefabs/Particles.prefab
  artifactKey: Guid(9167bf1f05c357f42b38aa823ce4f773) Importer(815301076,1909f56bfc062723c751e8b465ee728b)
Start importing Assets/PoolManagerExampleFiles/Prefabs/Particles.prefab using Guid(9167bf1f05c357f42b38aa823ce4f773) Importer(815301076,1909f56bfc062723c751e8b465ee728b)  -> (artifact id: '847a0d503b1a034581cc4567b08d2862') in 0.028722 seconds 
========================================================================
Received Import Request.
  Time since last request: 0.000035 seconds.
  path: Assets/PoolManagerExampleFiles/Prefabs/UIToggle.prefab
  artifactKey: Guid(03ce42fbb1d2d49efb2a509627c04346) Importer(815301076,1909f56bfc062723c751e8b465ee728b)
Start importing Assets/PoolManagerExampleFiles/Prefabs/UIToggle.prefab using Guid(03ce42fbb1d2d49efb2a509627c04346) Importer(815301076,1909f56bfc062723c751e8b465ee728b)  -> (artifact id: 'ba354dbfd5e0e796b08dff7cab712c97') in 0.050116 seconds 
========================================================================
Received Import Request.
  Time since last request: 0.000063 seconds.
  path: Assets/PoolManagerExampleFiles/Prefabs/UIImage.prefab
  artifactKey: Guid(d6f58073d10dc45c8a6f27296793f4c6) Importer(815301076,1909f56bfc062723c751e8b465ee728b)
Start importing Assets/PoolManagerExampleFiles/Prefabs/UIImage.prefab using Guid(d6f58073d10dc45c8a6f27296793f4c6) Importer(815301076,1909f56bfc062723c751e8b465ee728b)  -> (artifact id: 'aec89a7773418266f28b21165ef57513') in 0.019104 seconds 
========================================================================
Received Import Request.
  Time since last request: 189.133124 seconds.
  path: Assets/PoolManagerExampleFiles/Scripts
  artifactKey: Guid(4a4c1d7c7abc55744addfe36a51f4536) Importer(815301076,1909f56bfc062723c751e8b465ee728b)
Start importing Assets/PoolManagerExampleFiles/Scripts using Guid(4a4c1d7c7abc55744addfe36a51f4536) Importer(815301076,1909f56bfc062723c751e8b465ee728b)  -> (artifact id: '40bd3264e6c26e87336bfccba6ab8f3b') in 0.012149 seconds 
========================================================================
Received Import Request.
  Time since last request: 1.174503 seconds.
  path: Assets/PoolManagerExampleFiles/Scripts/CreationExample.cs
  artifactKey: Guid(a7fe8d82f9e4e51489023e7984fad7c4) Importer(815301076,1909f56bfc062723c751e8b465ee728b)
Start importing Assets/PoolManagerExampleFiles/Scripts/CreationExample.cs using Guid(a7fe8d82f9e4e51489023e7984fad7c4) Importer(815301076,1909f56bfc062723c751e8b465ee728b)  -> (artifact id: 'bcd706874aec31b88a5fc315fae8d5bd') in 0.020677 seconds 
========================================================================
Received Import Request.
  Time since last request: 2.015823 seconds.
  path: Assets/PoolManagerExampleFiles/Scripts/DeleteAndCreateInSameFrame.cs
  artifactKey: Guid(64e3b358ed45b4f828ceaed4bd1e368d) Importer(815301076,1909f56bfc062723c751e8b465ee728b)
Start importing Assets/PoolManagerExampleFiles/Scripts/DeleteAndCreateInSameFrame.cs using Guid(64e3b358ed45b4f828ceaed4bd1e368d) Importer(815301076,1909f56bfc062723c751e8b465ee728b)  -> (artifact id: '479d4d56e660ba81147c2d85a21c35b2') in 0.009784 seconds 
========================================================================
Received Import Request.
  Time since last request: 1.438996 seconds.
  path: Assets/PoolManagerExampleFiles/Scripts/InstanceHandlerDelegateExample.cs
  artifactKey: Guid(7c5112dcd0aca401782c6bfb59d42ec3) Importer(815301076,1909f56bfc062723c751e8b465ee728b)
Start importing Assets/PoolManagerExampleFiles/Scripts/InstanceHandlerDelegateExample.cs using Guid(7c5112dcd0aca401782c6bfb59d42ec3) Importer(815301076,1909f56bfc062723c751e8b465ee728b)  -> (artifact id: 'd3b6752fc29cfb16b7e2f731c3bfd9b0') in 0.011609 seconds 
========================================================================
Received Import Request.
  Time since last request: 73.021024 seconds.
  path: Assets/PoolManagerExampleFiles/Scripts/OnCreatedDelegateExample.cs
  artifactKey: Guid(c32990cba22ce47c584b19e385bd826a) Importer(815301076,1909f56bfc062723c751e8b465ee728b)
Start importing Assets/PoolManagerExampleFiles/Scripts/OnCreatedDelegateExample.cs using Guid(c32990cba22ce47c584b19e385bd826a) Importer(815301076,1909f56bfc062723c751e8b465ee728b)  -> (artifact id: 'dc189462f0ef0ef77168b317698263b8') in 0.022899 seconds 
========================================================================
Received Import Request.
  Time since last request: 3.143029 seconds.
  path: Assets/PoolManagerExampleFiles/Scripts/OnSpawnedExample.cs
  artifactKey: Guid(639109969b83642bfa46dbca1104d121) Importer(815301076,1909f56bfc062723c751e8b465ee728b)
Start importing Assets/PoolManagerExampleFiles/Scripts/OnSpawnedExample.cs using Guid(639109969b83642bfa46dbca1104d121) Importer(815301076,1909f56bfc062723c751e8b465ee728b)  -> (artifact id: '042afbaddf430722c95ee697e6d1ebd7') in 0.014490 seconds 
========================================================================
Received Import Request.
  Time since last request: 5.087717 seconds.
  path: Assets/PoolManagerExampleFiles/Scripts/ParticleWaitTest.cs
  artifactKey: Guid(a34d9370f65f54e298872dd0956f566d) Importer(815301076,1909f56bfc062723c751e8b465ee728b)
Start importing Assets/PoolManagerExampleFiles/Scripts/ParticleWaitTest.cs using Guid(a34d9370f65f54e298872dd0956f566d) Importer(815301076,1909f56bfc062723c751e8b465ee728b)  -> (artifact id: 'ca443a2b4b6b3fdd337049c1b0309c3a') in 0.010563 seconds 
========================================================================
Received Import Request.
  Time since last request: 69.424340 seconds.
  path: Assets/PoolManagerExampleFiles/Scripts/ReallySimpleAudioSpawner.cs
  artifactKey: Guid(b2290a0d3af0540e8a808fa355556c3b) Importer(815301076,1909f56bfc062723c751e8b465ee728b)
Start importing Assets/PoolManagerExampleFiles/Scripts/ReallySimpleAudioSpawner.cs using Guid(b2290a0d3af0540e8a808fa355556c3b) Importer(815301076,1909f56bfc062723c751e8b465ee728b)  -> (artifact id: 'c6d3d488094e75dc33081ad699317ec4') in 0.009487 seconds 
========================================================================
Received Import Request.
  Time since last request: 5.731176 seconds.
  path: Assets/PoolManagerExampleFiles/Scripts/ReallySimpleParticleSpawner.cs
  artifactKey: Guid(b470463334d22954ebd47a83a11b8df2) Importer(815301076,1909f56bfc062723c751e8b465ee728b)
Start importing Assets/PoolManagerExampleFiles/Scripts/ReallySimpleParticleSpawner.cs using Guid(b470463334d22954ebd47a83a11b8df2) Importer(815301076,1909f56bfc062723c751e8b465ee728b)  -> (artifact id: '789b2f18600b629707a5181478ab2c87') in 0.009912 seconds 
========================================================================
Received Import Request.
  Time since last request: 11.785216 seconds.
  path: Assets/PoolManagerExampleFiles/Scripts/SimpleSpawner.cs
  artifactKey: Guid(966fb84f45d03b040b306957f226c8a8) Importer(815301076,1909f56bfc062723c751e8b465ee728b)
Start importing Assets/PoolManagerExampleFiles/Scripts/SimpleSpawner.cs using Guid(966fb84f45d03b040b306957f226c8a8) Importer(815301076,1909f56bfc062723c751e8b465ee728b)  -> (artifact id: 'b0a9164c529e29f4529d0ee3228c450f') in 0.010235 seconds 
========================================================================
Received Prepare
Registering precompiled user dll's ...
Registered in 0.015433 seconds.
