Using pre-set license
Built from '2021.3/staging' branch; Version is '2021.3.10f1 (1c7d0df0160b) revision 1867021'; Using compiler version '192829333'; Build Type 'Release'
OS: 'Windows 10  (10.0.19045) 64bit Professional' Language: 'ja' Physical Memory: 16222 MB
BatchMode: 1, IsHumanControllingUs: 0, StartBugReporterOnCrash: 0, Is64bit: 1, IsPro: 1

COMMAND LINE ARGUMENTS:
C:\Program Files\Unity\Hub\Editor\2021.3.10f1\Editor\Unity.exe
-adb2
-batchMode
-noUpm
-name
AssetImportWorker9
-projectPath
C:/Users/tatuk/Documents/SisterCave/Cave
-logFile
Logs/AssetImportWorker9.log
-srvPort
51675
Successfully changed project path to: C:/Users/tatuk/Documents/SisterCave/Cave
C:/Users/tatuk/Documents/SisterCave/Cave
[UnityMemory] Configuration Parameters - Can be set up in boot.config
    "memorysetup-bucket-allocator-granularity=16"
    "memorysetup-bucket-allocator-bucket-count=8"
    "memorysetup-bucket-allocator-block-size=33554432"
    "memorysetup-bucket-allocator-block-count=8"
    "memorysetup-main-allocator-block-size=16777216"
    "memorysetup-thread-allocator-block-size=16777216"
    "memorysetup-gfx-main-allocator-block-size=16777216"
    "memorysetup-gfx-thread-allocator-block-size=16777216"
    "memorysetup-cache-allocator-block-size=4194304"
    "memorysetup-typetree-allocator-block-size=2097152"
    "memorysetup-profiler-bucket-allocator-granularity=16"
    "memorysetup-profiler-bucket-allocator-bucket-count=8"
    "memorysetup-profiler-bucket-allocator-block-size=33554432"
    "memorysetup-profiler-bucket-allocator-block-count=8"
    "memorysetup-profiler-allocator-block-size=16777216"
    "memorysetup-profiler-editor-allocator-block-size=1048576"
    "memorysetup-temp-allocator-size-main=16777216"
    "memorysetup-job-temp-allocator-block-size=2097152"
    "memorysetup-job-temp-allocator-block-size-background=1048576"
    "memorysetup-job-temp-allocator-reduction-small-platforms=262144"
    "memorysetup-temp-allocator-size-background-worker=32768"
    "memorysetup-temp-allocator-size-job-worker=262144"
    "memorysetup-temp-allocator-size-preload-manager=33554432"
    "memorysetup-temp-allocator-size-nav-mesh-worker=65536"
    "memorysetup-temp-allocator-size-audio-worker=65536"
    "memorysetup-temp-allocator-size-cloud-worker=32768"
    "memorysetup-temp-allocator-size-gi-baking-worker=262144"
    "memorysetup-temp-allocator-size-gfx=262144"
Refreshing native plugins compatible for Editor in 730.60 ms, found 5 plugins.
Preloading 0 native plugins for Editor in 0.00 ms.
Initialize engine version: 2021.3.10f1 (1c7d0df0160b)
[Subsystems] Discovering subsystems at path C:/Program Files/Unity/Hub/Editor/2021.3.10f1/Editor/Data/Resources/UnitySubsystems
[Subsystems] Discovering subsystems at path C:/Users/tatuk/Documents/SisterCave/Cave/Assets
GfxDevice: creating device client; threaded=0; jobified=0
Direct3D:
    Version:  Direct3D 11.0 [level 11.1]
    Renderer: NVIDIA GeForce RTX 2070 Super (ID=0x1ed1)
    Vendor:   NVIDIA
    VRAM:     8003 MB
    Driver:   31.0.15.2656
Shader 'Custom/RainShader': fallback shader 'Particles/Alpha Blended' not found
Shader 'Ferr/2D Terrain/Pixel Lit/Lightmap Textured Vertex Color Transparent (8 lights|lightmap +0 light)': fallback shader 'Ferr/Lit Textured Vertex Color Transparent (4 lights|lightmap +1 light)' not found
Shader 'Ferr/2D Terrain/Pixel Lit/Lightmap Textured Vertex Color (8 lights|lightmap +0 light)': fallback shader 'Ferr/Lit Textured Vertex Color (4 lights|lightmap +1 light)' not found
Shader 'CartoonCoffee/Particle Basic': fallback shader '2' not found
Shader 'CartoonCoffee/Particle Additive': fallback shader '2' not found
Shader 'MoreMountains/MMRipple': fallback shader 'Particle/AlphaBlended' not found
Initialize mono
Mono path[0] = 'C:/Program Files/Unity/Hub/Editor/2021.3.10f1/Editor/Data/Managed'
Mono path[1] = 'C:/Program Files/Unity/Hub/Editor/2021.3.10f1/Editor/Data/MonoBleedingEdge/lib/mono/unityjit-win32'
Mono config path = 'C:/Program Files/Unity/Hub/Editor/2021.3.10f1/Editor/Data/MonoBleedingEdge/etc'
Using monoOptions --debugger-agent=transport=dt_socket,embedding=1,server=y,suspend=n,address=127.0.0.1:56752
Begin MonoManager ReloadAssembly
Registering precompiled unity dll's ...
Register platform support module: C:/Program Files/Unity/Hub/Editor/2021.3.10f1/Editor/Data/PlaybackEngines/WebGLSupport/UnityEditor.WebGL.Extensions.dll
Register platform support module: C:/Program Files/Unity/Hub/Editor/2021.3.10f1/Editor/Data/PlaybackEngines/WindowsStandaloneSupport/UnityEditor.WindowsStandalone.Extensions.dll
Register platform support module: C:/Program Files/Unity/Hub/Editor/2021.3.10f1/Editor/Data/PlaybackEngines/MetroSupport/UnityEditor.UWP.Extensions.dll
Registered in 0.007784 seconds.
Native extension for UWP target not found
Native extension for WindowsStandalone target not found
Native extension for WebGL target not found
Refreshing native plugins compatible for Editor in 564.24 ms, found 5 plugins.
Preloading 0 native plugins for Editor in 0.00 ms.
Mono: successfully reloaded assembly
- Completed reload, in  1.101 seconds
Domain Reload Profiling:
	ReloadAssembly (1101ms)
		BeginReloadAssembly (65ms)
			ExecutionOrderSort (0ms)
			DisableScriptedObjects (0ms)
			BackupInstance (0ms)
			ReleaseScriptingObjects (0ms)
			CreateAndSetChildDomain (1ms)
		EndReloadAssembly (926ms)
			LoadAssemblies (64ms)
			RebuildTransferFunctionScriptingTraits (0ms)
			SetupTypeCache (104ms)
			ReleaseScriptCaches (0ms)
			RebuildScriptCaches (26ms)
			SetupLoadedEditorAssemblies (737ms)
				LogAssemblyErrors (0ms)
				InitializePlatformSupportModulesInManaged (9ms)
				SetLoadedEditorAssemblies (0ms)
				RefreshPlugins (564ms)
				BeforeProcessingInitializeOnLoad (2ms)
				ProcessInitializeOnLoadAttributes (118ms)
				ProcessInitializeOnLoadMethodAttributes (43ms)
				AfterProcessingInitializeOnLoad (0ms)
				EditorAssembliesLoaded (0ms)
			ExecutionOrderSort2 (0ms)
			AwakeInstancesAfterBackupRestoration (0ms)
Platform modules already initialized, skipping
Registering precompiled user dll's ...
Registered in 0.016336 seconds.
Begin MonoManager ReloadAssembly
Native extension for UWP target not found
Native extension for WindowsStandalone target not found
Native extension for WebGL target not found
Refreshing native plugins compatible for Editor in 593.00 ms, found 5 plugins.
Preloading 0 native plugins for Editor in 0.00 ms.
Mono: successfully reloaded assembly
- Completed reload, in  2.663 seconds
Domain Reload Profiling:
	ReloadAssembly (2664ms)
		BeginReloadAssembly (104ms)
			ExecutionOrderSort (0ms)
			DisableScriptedObjects (5ms)
			BackupInstance (0ms)
			ReleaseScriptingObjects (0ms)
			CreateAndSetChildDomain (17ms)
		EndReloadAssembly (2435ms)
			LoadAssemblies (109ms)
			RebuildTransferFunctionScriptingTraits (0ms)
			SetupTypeCache (421ms)
			ReleaseScriptCaches (1ms)
			RebuildScriptCaches (156ms)
			SetupLoadedEditorAssemblies (1689ms)
				LogAssemblyErrors (0ms)
				InitializePlatformSupportModulesInManaged (7ms)
				SetLoadedEditorAssemblies (0ms)
				RefreshPlugins (593ms)
				BeforeProcessingInitializeOnLoad (158ms)
				ProcessInitializeOnLoadAttributes (806ms)
				ProcessInitializeOnLoadMethodAttributes (114ms)
				AfterProcessingInitializeOnLoad (10ms)
				EditorAssembliesLoaded (0ms)
			ExecutionOrderSort2 (0ms)
			AwakeInstancesAfterBackupRestoration (4ms)
Platform modules already initialized, skipping
========================================================================
Worker process is ready to serve import requests
Shader 'CartoonCoffee/Particle Additive': fallback shader '2' not found
Shader 'Custom/RainShader': fallback shader 'Particles/Alpha Blended' not found
Shader 'Ferr/2D Terrain/Pixel Lit/Lightmap Textured Vertex Color (8 lights|lightmap +0 light)': fallback shader 'Ferr/Lit Textured Vertex Color (4 lights|lightmap +1 light)' not found
Shader 'Ferr/2D Terrain/Pixel Lit/Lightmap Textured Vertex Color Transparent (8 lights|lightmap +0 light)': fallback shader 'Ferr/Lit Textured Vertex Color Transparent (4 lights|lightmap +1 light)' not found
Shader 'CartoonCoffee/Particle Basic': fallback shader '2' not found
Shader 'MoreMountains/MMRipple': fallback shader 'Particle/AlphaBlended' not found
Launched and connected shader compiler UnityShaderCompiler.exe after 0.04 seconds
Refreshing native plugins compatible for Editor in 5.27 ms, found 5 plugins.
Preloading 0 native plugins for Editor in 0.00 ms.
Unloading 9274 Unused Serialized files (Serialized files now loaded: 0)
Unloading 130 unused Assets / (3.8 MB). Loaded Objects now: 9780.
Memory consumption went from 0.63 GB to 0.63 GB.
Total: 6.326500 ms (FindLiveObjects: 0.741300 ms CreateObjectMapping: 0.880800 ms MarkObjects: 3.730900 ms  DeleteObjects: 0.972600 ms)

AssetImportParameters requested are different than current active one (requested -> active):
  custom:video-decoder-ogg-theora: a1e56fd34408186e4bbccfd4996cb3dc -> 
  custom:container-muxer-webm: aa71ff27fc2769a1b78a27578f13a17b -> 
  custom:container-demuxer-webm: 4f35f7cbe854078d1ac9338744f61a02 -> 
  custom:video-encoder-webm-vp8: eb34c28f22e8b96e1ab97ce403110664 -> 
  custom:video-codec-MediaFoundation-h265: 746d11721c4dcdbdad8f713fa42b33f4 -> 
  custom:audio-encoder-webm-vorbis: bf7c407c2cedff20999df2af8eb42d56 -> 
  custom:framework-win-MediaFoundation: 216162199b28c13a410421893ffa2e32 -> 
  custom:container-demuxer-ogg: 62fdf1f143b41e24485cea50d1cbac27 -> 
  custom:video-decoder-webm-vp8: 9c59270c3fd7afecdb556c50c9e8de78 -> 
  custom:audio-decoder-ogg-vorbis: bf7c407c2cedff20999df2af8eb42d56 -> 
========================================================================
Received Import Request.
  Time since last request: 273529.664519 seconds.
  path: Assets/Hovl Studio/RPG VFX Bundle/Materials/Circle40cg.mat
  artifactKey: Guid(50ddfe50af350b24a94dc9af5bbcd00c) Importer(815301076,1909f56bfc062723c751e8b465ee728b)
Start importing Assets/Hovl Studio/RPG VFX Bundle/Materials/Circle40cg.mat using Guid(50ddfe50af350b24a94dc9af5bbcd00c) Importer(815301076,1909f56bfc062723c751e8b465ee728b)  -> (artifact id: '93356a5d63dd176151fba1ce85dff329') in 0.301737 seconds 
========================================================================
Received Import Request.
  Time since last request: 0.000028 seconds.
  path: Assets/Hovl Studio/RPG VFX Bundle/Materials/Circle80cg.mat
  artifactKey: Guid(5d24fc6f1631bd4478664d58fe170490) Importer(815301076,1909f56bfc062723c751e8b465ee728b)
Start importing Assets/Hovl Studio/RPG VFX Bundle/Materials/Circle80cg.mat using Guid(5d24fc6f1631bd4478664d58fe170490) Importer(815301076,1909f56bfc062723c751e8b465ee728b)  -> (artifact id: '0fbe57e4248792b5b04346198ac864e1') in 0.026007 seconds 
========================================================================
Received Import Request.
  Time since last request: 0.000028 seconds.
  path: Assets/Hovl Studio/RPG VFX Bundle/Materials/Circle79cg.mat
  artifactKey: Guid(d4188dd4137dcc74595c39e77de48183) Importer(815301076,1909f56bfc062723c751e8b465ee728b)
Start importing Assets/Hovl Studio/RPG VFX Bundle/Materials/Circle79cg.mat using Guid(d4188dd4137dcc74595c39e77de48183) Importer(815301076,1909f56bfc062723c751e8b465ee728b)  -> (artifact id: '5905e67b9923ac4439d9569274b77f3f') in 0.030864 seconds 
========================================================================
Received Import Request.
  Time since last request: 0.000028 seconds.
  path: Assets/Hovl Studio/RPG VFX Bundle/Materials/Circle38cg.mat
  artifactKey: Guid(4f7dde5d02427b947bd2d9aeff846594) Importer(815301076,1909f56bfc062723c751e8b465ee728b)
Start importing Assets/Hovl Studio/RPG VFX Bundle/Materials/Circle38cg.mat using Guid(4f7dde5d02427b947bd2d9aeff846594) Importer(815301076,1909f56bfc062723c751e8b465ee728b)  -> (artifact id: 'a062e1e721b898e908338ce6f72a742f') in 0.014805 seconds 
========================================================================
Received Import Request.
  Time since last request: 0.000024 seconds.
  path: Assets/Hovl Studio/RPG VFX Bundle/Materials/Chain1Bbcg.mat
  artifactKey: Guid(78ae7c5cda35e6d47abbbd3ada229965) Importer(815301076,1909f56bfc062723c751e8b465ee728b)
Start importing Assets/Hovl Studio/RPG VFX Bundle/Materials/Chain1Bbcg.mat using Guid(78ae7c5cda35e6d47abbbd3ada229965) Importer(815301076,1909f56bfc062723c751e8b465ee728b)  -> (artifact id: '49b540eca55785bba92379e815503178') in 0.026971 seconds 
========================================================================
Received Import Request.
  Time since last request: 0.000021 seconds.
  path: Assets/Hovl Studio/RPG VFX Bundle/Materials/Circle17cg.mat
  artifactKey: Guid(f75fa4eaa4fda8c4d91ab4fefcdb3d0c) Importer(815301076,1909f56bfc062723c751e8b465ee728b)
Start importing Assets/Hovl Studio/RPG VFX Bundle/Materials/Circle17cg.mat using Guid(f75fa4eaa4fda8c4d91ab4fefcdb3d0c) Importer(815301076,1909f56bfc062723c751e8b465ee728b)  -> (artifact id: '6f909343a25d8a7dd8d5e793160d6af7') in 0.025433 seconds 
========================================================================
Received Import Request.
  Time since last request: 0.000025 seconds.
  path: Assets/Hovl Studio/RPG VFX Bundle/Materials/Chain3bn.mat
  artifactKey: Guid(5646dde4d7f35fa4f9d21c9d25705549) Importer(815301076,1909f56bfc062723c751e8b465ee728b)
Start importing Assets/Hovl Studio/RPG VFX Bundle/Materials/Chain3bn.mat using Guid(5646dde4d7f35fa4f9d21c9d25705549) Importer(815301076,1909f56bfc062723c751e8b465ee728b)  -> (artifact id: 'b284a5d839dee8f9f60a1d8fa7431321') in 0.585585 seconds 
========================================================================
Received Import Request.
  Time since last request: 0.000029 seconds.
  path: Assets/Hovl Studio/RPG VFX Bundle/Materials/Circle41cg.mat
  artifactKey: Guid(54a6c1f6ac7494944a32a1d6fd599997) Importer(815301076,1909f56bfc062723c751e8b465ee728b)
Start importing Assets/Hovl Studio/RPG VFX Bundle/Materials/Circle41cg.mat using Guid(54a6c1f6ac7494944a32a1d6fd599997) Importer(815301076,1909f56bfc062723c751e8b465ee728b)  -> (artifact id: '27a5b549415d624d474c6c44b0579b60') in 0.028472 seconds 
========================================================================
Received Import Request.
  Time since last request: 0.000036 seconds.
  path: Assets/Hovl Studio/RPG VFX Bundle/Materials/Arrow6bcg.mat
  artifactKey: Guid(ed60593b91fad7941812dc8476fa8d7a) Importer(815301076,1909f56bfc062723c751e8b465ee728b)
Start importing Assets/Hovl Studio/RPG VFX Bundle/Materials/Arrow6bcg.mat using Guid(ed60593b91fad7941812dc8476fa8d7a) Importer(815301076,1909f56bfc062723c751e8b465ee728b)  -> (artifact id: '7d60d414bce4f6eec9be2787b8c9276d') in 0.029829 seconds 
========================================================================
Received Import Request.
  Time since last request: 0.953854 seconds.
  path: Assets/Hovl Studio/RPG VFX Bundle/Materials/Star2bcg.mat
  artifactKey: Guid(09b4ce3140709214d891c32fdea6004c) Importer(815301076,1909f56bfc062723c751e8b465ee728b)
Start importing Assets/Hovl Studio/RPG VFX Bundle/Materials/Star2bcg.mat using Guid(09b4ce3140709214d891c32fdea6004c) Importer(815301076,1909f56bfc062723c751e8b465ee728b)  -> (artifact id: '90fea1ea4389236daa2eca57261845e8') in 0.030918 seconds 
========================================================================
Received Import Request.
  Time since last request: 0.000021 seconds.
  path: Assets/Hovl Studio/RPG VFX Bundle/Materials/Trail17bcg.mat
  artifactKey: Guid(46138b87c1e61ad40be6b4b3b5435b41) Importer(815301076,1909f56bfc062723c751e8b465ee728b)
Start importing Assets/Hovl Studio/RPG VFX Bundle/Materials/Trail17bcg.mat using Guid(46138b87c1e61ad40be6b4b3b5435b41) Importer(815301076,1909f56bfc062723c751e8b465ee728b)  -> (artifact id: '53d7b3f68cf8c187a8aaaa5d3aaff92c') in 0.019665 seconds 
========================================================================
Received Import Request.
  Time since last request: 0.000031 seconds.
  path: Assets/Hovl Studio/RPG VFX Bundle/Materials/Trail21cg2.mat
  artifactKey: Guid(205b00b67e6f0f040a51d0b763dd2bae) Importer(815301076,1909f56bfc062723c751e8b465ee728b)
Start importing Assets/Hovl Studio/RPG VFX Bundle/Materials/Trail21cg2.mat using Guid(205b00b67e6f0f040a51d0b763dd2bae) Importer(815301076,1909f56bfc062723c751e8b465ee728b)  -> (artifact id: '19b75b6bd6114bab4bfa8621095b9bdc') in 0.027050 seconds 
========================================================================
Received Import Request.
  Time since last request: 0.000023 seconds.
  path: Assets/Hovl Studio/RPG VFX Bundle/Materials/Trail26bcg.mat
  artifactKey: Guid(564274271c0dac34e96edb9a9aa5aff1) Importer(815301076,1909f56bfc062723c751e8b465ee728b)
Start importing Assets/Hovl Studio/RPG VFX Bundle/Materials/Trail26bcg.mat using Guid(564274271c0dac34e96edb9a9aa5aff1) Importer(815301076,1909f56bfc062723c751e8b465ee728b)  -> (artifact id: 'b31f0f9c5e78189d0278c4c7be3e07de') in 0.019491 seconds 
========================================================================
Received Import Request.
  Time since last request: 0.000024 seconds.
  path: Assets/Hovl Studio/RPG VFX Bundle/Materials/Star3bcg.mat
  artifactKey: Guid(9509d65f44bec55498ba99d0a564e28b) Importer(815301076,1909f56bfc062723c751e8b465ee728b)
Start importing Assets/Hovl Studio/RPG VFX Bundle/Materials/Star3bcg.mat using Guid(9509d65f44bec55498ba99d0a564e28b) Importer(815301076,1909f56bfc062723c751e8b465ee728b)  -> (artifact id: '5f35f2c90a665119b44a2354eed2f6c7') in 0.027366 seconds 
========================================================================
Received Import Request.
  Time since last request: 0.000026 seconds.
  path: Assets/Hovl Studio/RPG VFX Bundle/Materials/Trail29cg.mat
  artifactKey: Guid(a1b5342d56c8edf4caeeb103dcf3053e) Importer(815301076,1909f56bfc062723c751e8b465ee728b)
Start importing Assets/Hovl Studio/RPG VFX Bundle/Materials/Trail29cg.mat using Guid(a1b5342d56c8edf4caeeb103dcf3053e) Importer(815301076,1909f56bfc062723c751e8b465ee728b)  -> (artifact id: '6248a30f829e76b4889f5d9b75172728') in 0.021715 seconds 
========================================================================
Received Import Request.
  Time since last request: 0.000024 seconds.
  path: Assets/Hovl Studio/RPG VFX Bundle/Materials/Trail29cg3.mat
  artifactKey: Guid(1527ae2bfa2902f4aa26e90dbf40dae9) Importer(815301076,1909f56bfc062723c751e8b465ee728b)
Start importing Assets/Hovl Studio/RPG VFX Bundle/Materials/Trail29cg3.mat using Guid(1527ae2bfa2902f4aa26e90dbf40dae9) Importer(815301076,1909f56bfc062723c751e8b465ee728b)  -> (artifact id: '2a41d9f49c66fc7a0a26f1dc87b6a87d') in 0.021901 seconds 
========================================================================
Received Import Request.
  Time since last request: 0.336103 seconds.
  path: Assets/Hovl Studio/RPG VFX Bundle/Materials/Trail36bcg2.mat
  artifactKey: Guid(6ff94d486172b8b408b029d5efd8c52f) Importer(815301076,1909f56bfc062723c751e8b465ee728b)
Start importing Assets/Hovl Studio/RPG VFX Bundle/Materials/Trail36bcg2.mat using Guid(6ff94d486172b8b408b029d5efd8c52f) Importer(815301076,1909f56bfc062723c751e8b465ee728b)  -> (artifact id: 'c2e18a681af9fd42a19795b8901d5823') in 0.031868 seconds 
========================================================================
Received Import Request.
  Time since last request: 0.000040 seconds.
  path: Assets/Hovl Studio/RPG VFX Bundle/Materials/TrailPart4cg.mat
  artifactKey: Guid(72740154f0e4b624e8801ab500a91a5b) Importer(815301076,1909f56bfc062723c751e8b465ee728b)
Start importing Assets/Hovl Studio/RPG VFX Bundle/Materials/TrailPart4cg.mat using Guid(72740154f0e4b624e8801ab500a91a5b) Importer(815301076,1909f56bfc062723c751e8b465ee728b)  -> (artifact id: 'f793f18d95036ae1e80c3297229a802c') in 0.028973 seconds 
========================================================================
Received Import Request.
  Time since last request: 0.000023 seconds.
  path: Assets/Hovl Studio/RPG VFX Bundle/Materials/Trail55bcg.mat
  artifactKey: Guid(2d797bf69a09aa84fa0eea32fbf3b7d0) Importer(815301076,1909f56bfc062723c751e8b465ee728b)
Start importing Assets/Hovl Studio/RPG VFX Bundle/Materials/Trail55bcg.mat using Guid(2d797bf69a09aa84fa0eea32fbf3b7d0) Importer(815301076,1909f56bfc062723c751e8b465ee728b)  -> (artifact id: '505f2be6f35b71569bb5d2825816d8b1') in 0.031989 seconds 
========================================================================
Received Import Request.
  Time since last request: 0.000033 seconds.
  path: Assets/Hovl Studio/RPG VFX Bundle/Materials/WaterSplash2cg.mat
  artifactKey: Guid(0dbf04791027e924fac9ee9345b294a7) Importer(815301076,1909f56bfc062723c751e8b465ee728b)
Start importing Assets/Hovl Studio/RPG VFX Bundle/Materials/WaterSplash2cg.mat using Guid(0dbf04791027e924fac9ee9345b294a7) Importer(815301076,1909f56bfc062723c751e8b465ee728b)  -> (artifact id: '37357a25d3ff97289520dbd0d863b2ed') in 0.033540 seconds 
========================================================================
Received Import Request.
  Time since last request: 0.000025 seconds.
  path: Assets/Hovl Studio/RPG VFX Bundle/Materials/Trail48cg.mat
  artifactKey: Guid(515ee2a7ec124f646842afffa89838d2) Importer(815301076,1909f56bfc062723c751e8b465ee728b)
Start importing Assets/Hovl Studio/RPG VFX Bundle/Materials/Trail48cg.mat using Guid(515ee2a7ec124f646842afffa89838d2) Importer(815301076,1909f56bfc062723c751e8b465ee728b)  -> (artifact id: '42071def9d96cc221c33d2656242cff6') in 0.030200 seconds 
========================================================================
Received Import Request.
  Time since last request: 0.000030 seconds.
  path: Assets/Hovl Studio/RPG VFX Bundle/Materials/Trail60bcg.mat
  artifactKey: Guid(b8ec4de64f77fdc429abf7abb17bc82b) Importer(815301076,1909f56bfc062723c751e8b465ee728b)
Start importing Assets/Hovl Studio/RPG VFX Bundle/Materials/Trail60bcg.mat using Guid(b8ec4de64f77fdc429abf7abb17bc82b) Importer(815301076,1909f56bfc062723c751e8b465ee728b)  -> (artifact id: 'f7121c0917535a0c21983ba6303be9b0') in 0.033117 seconds 
========================================================================
Received Import Request.
  Time since last request: 0.000031 seconds.
  path: Assets/Hovl Studio/RPG VFX Bundle/Materials/Trail39bcg.mat
  artifactKey: Guid(5af75f7d9a57db547990e8cbd7dfc462) Importer(815301076,1909f56bfc062723c751e8b465ee728b)
Start importing Assets/Hovl Studio/RPG VFX Bundle/Materials/Trail39bcg.mat using Guid(5af75f7d9a57db547990e8cbd7dfc462) Importer(815301076,1909f56bfc062723c751e8b465ee728b)  -> (artifact id: 'ac9bac1f7661628539f53e2b8f56e839') in 0.026534 seconds 
========================================================================
Received Import Request.
  Time since last request: 0.000023 seconds.
  path: Assets/Hovl Studio/RPG VFX Bundle/Materials/TwoSides30.mat
  artifactKey: Guid(bbbc91c8725bb1841961d41555465902) Importer(815301076,1909f56bfc062723c751e8b465ee728b)
Start importing Assets/Hovl Studio/RPG VFX Bundle/Materials/TwoSides30.mat using Guid(bbbc91c8725bb1841961d41555465902) Importer(815301076,1909f56bfc062723c751e8b465ee728b)  -> (artifact id: '3097a431fbfa2b9fa91c13222e88f33f') in 0.029417 seconds 
========================================================================
Received Import Request.
  Time since last request: 0.000023 seconds.
  path: Assets/Hovl Studio/RPG VFX Bundle/Materials/Trail36cg.mat
  artifactKey: Guid(c8953ba4dc761204bb7fe8847308aab2) Importer(815301076,1909f56bfc062723c751e8b465ee728b)
Start importing Assets/Hovl Studio/RPG VFX Bundle/Materials/Trail36cg.mat using Guid(c8953ba4dc761204bb7fe8847308aab2) Importer(815301076,1909f56bfc062723c751e8b465ee728b)  -> (artifact id: '8b82801ee2391f7719d79dffa88b8189') in 0.022068 seconds 
Editor requested this worker to shutdown with reason: Scaling down because of idle timeout
AssetImportWorker is now disconnected from the server
Process exiting
Exiting without the bug reporter. Application will terminate with return code 0