Using pre-set license
Built from '2021.3/staging' branch; Version is '2021.3.10f1 (1c7d0df0160b) revision 1867021'; Using compiler version '192829333'; Build Type 'Release'
OS: 'Windows 10  (10.0.19045) 64bit Professional' Language: 'ja' Physical Memory: 16222 MB
BatchMode: 1, IsHumanControllingUs: 0, StartBugReporterOnCrash: 0, Is64bit: 1, IsPro: 1

COMMAND LINE ARGUMENTS:
C:\Program Files\Unity\Hub\Editor\2021.3.10f1\Editor\Unity.exe
-adb2
-batchMode
-noUpm
-name
AssetImportWorker0
-projectPath
C:/Users/tatuk/Documents/SisterCave/Cave
-logFile
Logs/AssetImportWorker0.log
-srvPort
49912
Successfully changed project path to: C:/Users/tatuk/Documents/SisterCave/Cave
C:/Users/tatuk/Documents/SisterCave/Cave
[UnityMemory] Configuration Parameters - Can be set up in boot.config
    "memorysetup-bucket-allocator-granularity=16"
    "memorysetup-bucket-allocator-bucket-count=8"
    "memorysetup-bucket-allocator-block-size=33554432"
    "memorysetup-bucket-allocator-block-count=8"
    "memorysetup-main-allocator-block-size=16777216"
    "memorysetup-thread-allocator-block-size=16777216"
    "memorysetup-gfx-main-allocator-block-size=16777216"
    "memorysetup-gfx-thread-allocator-block-size=16777216"
    "memorysetup-cache-allocator-block-size=4194304"
    "memorysetup-typetree-allocator-block-size=2097152"
    "memorysetup-profiler-bucket-allocator-granularity=16"
    "memorysetup-profiler-bucket-allocator-bucket-count=8"
    "memorysetup-profiler-bucket-allocator-block-size=33554432"
    "memorysetup-profiler-bucket-allocator-block-count=8"
    "memorysetup-profiler-allocator-block-size=16777216"
    "memorysetup-profiler-editor-allocator-block-size=1048576"
    "memorysetup-temp-allocator-size-main=16777216"
    "memorysetup-job-temp-allocator-block-size=2097152"
    "memorysetup-job-temp-allocator-block-size-background=1048576"
    "memorysetup-job-temp-allocator-reduction-small-platforms=262144"
    "memorysetup-temp-allocator-size-background-worker=32768"
    "memorysetup-temp-allocator-size-job-worker=262144"
    "memorysetup-temp-allocator-size-preload-manager=33554432"
    "memorysetup-temp-allocator-size-nav-mesh-worker=65536"
    "memorysetup-temp-allocator-size-audio-worker=65536"
    "memorysetup-temp-allocator-size-cloud-worker=32768"
    "memorysetup-temp-allocator-size-gi-baking-worker=262144"
    "memorysetup-temp-allocator-size-gfx=262144"
Refreshing native plugins compatible for Editor in 632.01 ms, found 5 plugins.
Preloading 0 native plugins for Editor in 0.00 ms.
Initialize engine version: 2021.3.10f1 (1c7d0df0160b)
[Subsystems] Discovering subsystems at path C:/Program Files/Unity/Hub/Editor/2021.3.10f1/Editor/Data/Resources/UnitySubsystems
[Subsystems] Discovering subsystems at path C:/Users/tatuk/Documents/SisterCave/Cave/Assets
GfxDevice: creating device client; threaded=0; jobified=0
Direct3D:
    Version:  Direct3D 11.0 [level 11.1]
    Renderer: NVIDIA GeForce RTX 2070 Super (ID=0x1ed1)
    Vendor:   NVIDIA
    VRAM:     8003 MB
    Driver:   31.0.15.2656
Shader 'Custom/RainShader': fallback shader 'Particles/Alpha Blended' not found
Shader 'Ferr/2D Terrain/Pixel Lit/Lightmap Textured Vertex Color Transparent (8 lights|lightmap +0 light)': fallback shader 'Ferr/Lit Textured Vertex Color Transparent (4 lights|lightmap +1 light)' not found
Shader 'Ferr/2D Terrain/Pixel Lit/Lightmap Textured Vertex Color (8 lights|lightmap +0 light)': fallback shader 'Ferr/Lit Textured Vertex Color (4 lights|lightmap +1 light)' not found
Shader 'CartoonCoffee/Particle Basic': fallback shader '2' not found
Shader 'CartoonCoffee/Particle Additive': fallback shader '2' not found
Shader 'MoreMountains/MMRipple': fallback shader 'Particle/AlphaBlended' not found
Initialize mono
Mono path[0] = 'C:/Program Files/Unity/Hub/Editor/2021.3.10f1/Editor/Data/Managed'
Mono path[1] = 'C:/Program Files/Unity/Hub/Editor/2021.3.10f1/Editor/Data/MonoBleedingEdge/lib/mono/unityjit-win32'
Mono config path = 'C:/Program Files/Unity/Hub/Editor/2021.3.10f1/Editor/Data/MonoBleedingEdge/etc'
Using monoOptions --debugger-agent=transport=dt_socket,embedding=1,server=y,suspend=n,address=127.0.0.1:56036
Begin MonoManager ReloadAssembly
Registering precompiled unity dll's ...
Register platform support module: C:/Program Files/Unity/Hub/Editor/2021.3.10f1/Editor/Data/PlaybackEngines/WebGLSupport/UnityEditor.WebGL.Extensions.dll
Register platform support module: C:/Program Files/Unity/Hub/Editor/2021.3.10f1/Editor/Data/PlaybackEngines/WindowsStandaloneSupport/UnityEditor.WindowsStandalone.Extensions.dll
Register platform support module: C:/Program Files/Unity/Hub/Editor/2021.3.10f1/Editor/Data/PlaybackEngines/MetroSupport/UnityEditor.UWP.Extensions.dll
Registered in 0.009204 seconds.
Native extension for UWP target not found
Native extension for WindowsStandalone target not found
Native extension for WebGL target not found
Refreshing native plugins compatible for Editor in 619.36 ms, found 5 plugins.
Preloading 0 native plugins for Editor in 0.00 ms.
Mono: successfully reloaded assembly
- Completed reload, in  1.221 seconds
Domain Reload Profiling:
	ReloadAssembly (1222ms)
		BeginReloadAssembly (73ms)
			ExecutionOrderSort (0ms)
			DisableScriptedObjects (0ms)
			BackupInstance (0ms)
			ReleaseScriptingObjects (0ms)
			CreateAndSetChildDomain (1ms)
		EndReloadAssembly (1032ms)
			LoadAssemblies (71ms)
			RebuildTransferFunctionScriptingTraits (0ms)
			SetupTypeCache (124ms)
			ReleaseScriptCaches (0ms)
			RebuildScriptCaches (28ms)
			SetupLoadedEditorAssemblies (814ms)
				LogAssemblyErrors (0ms)
				InitializePlatformSupportModulesInManaged (11ms)
				SetLoadedEditorAssemblies (0ms)
				RefreshPlugins (619ms)
				BeforeProcessingInitializeOnLoad (1ms)
				ProcessInitializeOnLoadAttributes (128ms)
				ProcessInitializeOnLoadMethodAttributes (54ms)
				AfterProcessingInitializeOnLoad (0ms)
				EditorAssembliesLoaded (0ms)
			ExecutionOrderSort2 (0ms)
			AwakeInstancesAfterBackupRestoration (0ms)
Platform modules already initialized, skipping
Registering precompiled user dll's ...
Registered in 0.015138 seconds.
Begin MonoManager ReloadAssembly
Native extension for UWP target not found
Native extension for WindowsStandalone target not found
Native extension for WebGL target not found
Refreshing native plugins compatible for Editor in 587.16 ms, found 5 plugins.
Preloading 0 native plugins for Editor in 0.00 ms.
Mono: successfully reloaded assembly
- Completed reload, in  2.678 seconds
Domain Reload Profiling:
	ReloadAssembly (2679ms)
		BeginReloadAssembly (103ms)
			ExecutionOrderSort (0ms)
			DisableScriptedObjects (5ms)
			BackupInstance (0ms)
			ReleaseScriptingObjects (0ms)
			CreateAndSetChildDomain (17ms)
		EndReloadAssembly (2449ms)
			LoadAssemblies (181ms)
			RebuildTransferFunctionScriptingTraits (0ms)
			SetupTypeCache (412ms)
			ReleaseScriptCaches (1ms)
			RebuildScriptCaches (154ms)
			SetupLoadedEditorAssemblies (1644ms)
				LogAssemblyErrors (0ms)
				InitializePlatformSupportModulesInManaged (6ms)
				SetLoadedEditorAssemblies (0ms)
				RefreshPlugins (587ms)
				BeforeProcessingInitializeOnLoad (158ms)
				ProcessInitializeOnLoadAttributes (764ms)
				ProcessInitializeOnLoadMethodAttributes (116ms)
				AfterProcessingInitializeOnLoad (11ms)
				EditorAssembliesLoaded (0ms)
			ExecutionOrderSort2 (0ms)
			AwakeInstancesAfterBackupRestoration (4ms)
Platform modules already initialized, skipping
========================================================================
Worker process is ready to serve import requests
Shader 'MoreMountains/MMRipple': fallback shader 'Particle/AlphaBlended' not found
Shader 'Ferr/2D Terrain/Pixel Lit/Lightmap Textured Vertex Color (8 lights|lightmap +0 light)': fallback shader 'Ferr/Lit Textured Vertex Color (4 lights|lightmap +1 light)' not found
Shader 'CartoonCoffee/Particle Additive': fallback shader '2' not found
Shader 'Ferr/2D Terrain/Pixel Lit/Lightmap Textured Vertex Color Transparent (8 lights|lightmap +0 light)': fallback shader 'Ferr/Lit Textured Vertex Color Transparent (4 lights|lightmap +1 light)' not found
Shader 'Custom/RainShader': fallback shader 'Particles/Alpha Blended' not found
Shader 'CartoonCoffee/Particle Basic': fallback shader '2' not found
Launched and connected shader compiler UnityShaderCompiler.exe after 0.04 seconds
Refreshing native plugins compatible for Editor in 5.70 ms, found 5 plugins.
Preloading 0 native plugins for Editor in 0.00 ms.
Unloading 9319 Unused Serialized files (Serialized files now loaded: 0)
Unloading 130 unused Assets / (3.8 MB). Loaded Objects now: 9825.
Memory consumption went from 0.63 GB to 0.62 GB.
Total: 6.129000 ms (FindLiveObjects: 0.738100 ms CreateObjectMapping: 0.952700 ms MarkObjects: 3.574200 ms  DeleteObjects: 0.862600 ms)

AssetImportParameters requested are different than current active one (requested -> active):
  custom:video-decoder-ogg-theora: a1e56fd34408186e4bbccfd4996cb3dc -> 
  custom:container-muxer-webm: aa71ff27fc2769a1b78a27578f13a17b -> 
  custom:container-demuxer-webm: 4f35f7cbe854078d1ac9338744f61a02 -> 
  custom:video-encoder-webm-vp8: eb34c28f22e8b96e1ab97ce403110664 -> 
  custom:video-codec-MediaFoundation-h265: 746d11721c4dcdbdad8f713fa42b33f4 -> 
  custom:audio-encoder-webm-vorbis: bf7c407c2cedff20999df2af8eb42d56 -> 
  custom:framework-win-MediaFoundation: 216162199b28c13a410421893ffa2e32 -> 
  custom:container-demuxer-ogg: 62fdf1f143b41e24485cea50d1cbac27 -> 
  custom:video-decoder-webm-vp8: 9c59270c3fd7afecdb556c50c9e8de78 -> 
  custom:audio-decoder-ogg-vorbis: bf7c407c2cedff20999df2af8eb42d56 -> 
========================================================================
Received Import Request.
  Time since last request: 534.819731 seconds.
  path: Assets/testAsset/Effects/Effect/Magic/Bullet/Holy/SHolyBullet.prefab
  artifactKey: Guid(d86f1d752fbf0a849bbceaef7590af0c) Importer(815301076,1909f56bfc062723c751e8b465ee728b)
Start importing Assets/testAsset/Effects/Effect/Magic/Bullet/Holy/SHolyBullet.prefab using Guid(d86f1d752fbf0a849bbceaef7590af0c) Importer(815301076,1909f56bfc062723c751e8b465ee728b)  -> (artifact id: 'c183333437c512df1e161bc3344c219d') in 0.344711 seconds 
========================================================================
Received Prepare
Registering precompiled user dll's ...
Registered in 0.012674 seconds.
Begin MonoManager ReloadAssembly
Native extension for UWP target not found
Native extension for WindowsStandalone target not found
Native extension for WebGL target not found
Refreshing native plugins compatible for Editor in 5.07 ms, found 5 plugins.
Preloading 0 native plugins for Editor in 0.00 ms.
Mono: successfully reloaded assembly
- Completed reload, in  2.067 seconds
Domain Reload Profiling:
	ReloadAssembly (2067ms)
		BeginReloadAssembly (169ms)
			ExecutionOrderSort (0ms)
			DisableScriptedObjects (12ms)
			BackupInstance (0ms)
			ReleaseScriptingObjects (0ms)
			CreateAndSetChildDomain (54ms)
		EndReloadAssembly (1788ms)
			LoadAssemblies (115ms)
			RebuildTransferFunctionScriptingTraits (0ms)
			SetupTypeCache (475ms)
			ReleaseScriptCaches (5ms)
			RebuildScriptCaches (177ms)
			SetupLoadedEditorAssemblies (898ms)
				LogAssemblyErrors (0ms)
				InitializePlatformSupportModulesInManaged (14ms)
				SetLoadedEditorAssemblies (0ms)
				RefreshPlugins (5ms)
				BeforeProcessingInitializeOnLoad (156ms)
				ProcessInitializeOnLoadAttributes (601ms)
				ProcessInitializeOnLoadMethodAttributes (114ms)
				AfterProcessingInitializeOnLoad (8ms)
				EditorAssembliesLoaded (0ms)
			ExecutionOrderSort2 (0ms)
			AwakeInstancesAfterBackupRestoration (43ms)
Platform modules already initialized, skipping
Shader 'MoreMountains/MMRipple': fallback shader 'Particle/AlphaBlended' not found
Shader 'Ferr/2D Terrain/Pixel Lit/Lightmap Textured Vertex Color (8 lights|lightmap +0 light)': fallback shader 'Ferr/Lit Textured Vertex Color (4 lights|lightmap +1 light)' not found
Shader 'CartoonCoffee/Particle Additive': fallback shader '2' not found
Shader 'Ferr/2D Terrain/Pixel Lit/Lightmap Textured Vertex Color Transparent (8 lights|lightmap +0 light)': fallback shader 'Ferr/Lit Textured Vertex Color Transparent (4 lights|lightmap +1 light)' not found
Shader 'Custom/RainShader': fallback shader 'Particles/Alpha Blended' not found
Shader 'CartoonCoffee/Particle Basic': fallback shader '2' not found
Refreshing native plugins compatible for Editor in 10.78 ms, found 5 plugins.
Preloading 0 native plugins for Editor in 0.00 ms.
Unloading 8871 Unused Serialized files (Serialized files now loaded: 0)
Unloading 106 unused Assets / (3.8 MB). Loaded Objects now: 9888.
Memory consumption went from 0.61 GB to 0.60 GB.
Total: 6.428000 ms (FindLiveObjects: 0.650600 ms CreateObjectMapping: 0.546800 ms MarkObjects: 4.160300 ms  DeleteObjects: 1.069100 ms)

AssetImportParameters requested are different than current active one (requested -> active):
  custom:video-decoder-ogg-theora: a1e56fd34408186e4bbccfd4996cb3dc -> 
  custom:container-muxer-webm: aa71ff27fc2769a1b78a27578f13a17b -> 
  custom:container-demuxer-webm: 4f35f7cbe854078d1ac9338744f61a02 -> 
  custom:video-encoder-webm-vp8: eb34c28f22e8b96e1ab97ce403110664 -> 
  custom:video-codec-MediaFoundation-h265: 746d11721c4dcdbdad8f713fa42b33f4 -> 
  custom:audio-encoder-webm-vorbis: bf7c407c2cedff20999df2af8eb42d56 -> 
  custom:framework-win-MediaFoundation: 216162199b28c13a410421893ffa2e32 -> 
  custom:container-demuxer-ogg: 62fdf1f143b41e24485cea50d1cbac27 -> 
  custom:video-decoder-webm-vp8: 9c59270c3fd7afecdb556c50c9e8de78 -> 
  custom:audio-decoder-ogg-vorbis: bf7c407c2cedff20999df2af8eb42d56 -> 
========================================================================
Received Import Request.
  Time since last request: 491.276379 seconds.
  path: Assets/Ultimate Sound FX Bundle/Natural Ambiances Pro/Ambiance_Spooky_Jungle_01.wav
  artifactKey: Guid(5d2c5bf2475e94c48ae80455c0ff3a8f) Importer(815301076,1909f56bfc062723c751e8b465ee728b)
Start importing Assets/Ultimate Sound FX Bundle/Natural Ambiances Pro/Ambiance_Spooky_Jungle_01.wav using Guid(5d2c5bf2475e94c48ae80455c0ff3a8f) Importer(815301076,1909f56bfc062723c751e8b465ee728b)  -> (artifact id: 'ffeb7145729c69d8f16e0aaee30ef731') in 0.165918 seconds 
========================================================================
Received Import Request.
  Time since last request: 0.000023 seconds.
  path: Assets/SineVFX/TopDownEffects/Resources/Materials/MainEffects/ConjureLavaPool/ConjureLavaPool_Ground_Embers_01.mat
  artifactKey: Guid(a7409337fab84657ba0ad8426204d54c) Importer(815301076,1909f56bfc062723c751e8b465ee728b)
Start importing Assets/SineVFX/TopDownEffects/Resources/Materials/MainEffects/ConjureLavaPool/ConjureLavaPool_Ground_Embers_01.mat using Guid(a7409337fab84657ba0ad8426204d54c) Importer(815301076,1909f56bfc062723c751e8b465ee728b)  -> (artifact id: 'ae13085fc6fcc106aff05361fb5e5725') in 0.336656 seconds 
========================================================================
Received Import Request.
  Time since last request: 0.000030 seconds.
  path: Assets/SineVFX/TopDownEffects/CompleteEffects/ConjureWaterPool.prefab
  artifactKey: Guid(c65700d66e8844c4955c3b1cde3357bc) Importer(815301076,1909f56bfc062723c751e8b465ee728b)
Start importing Assets/SineVFX/TopDownEffects/CompleteEffects/ConjureWaterPool.prefab using Guid(c65700d66e8844c4955c3b1cde3357bc) Importer(815301076,1909f56bfc062723c751e8b465ee728b)  -> (artifact id: 'cc2ed426d823b8b84986b87b34474ecb') in 0.279060 seconds 
========================================================================
Received Import Request.
  Time since last request: 0.000026 seconds.
  path: Assets/SineVFX/TopDownEffects/Resources/Materials/MainEffects/ConjureLavaPool/ConjureLavaPool_Indicator_Emissive_01.mat
  artifactKey: Guid(d0fdbdb0df3e404b8f5139bacad3ffb4) Importer(815301076,1909f56bfc062723c751e8b465ee728b)
Start importing Assets/SineVFX/TopDownEffects/Resources/Materials/MainEffects/ConjureLavaPool/ConjureLavaPool_Indicator_Emissive_01.mat using Guid(d0fdbdb0df3e404b8f5139bacad3ffb4) Importer(815301076,1909f56bfc062723c751e8b465ee728b)  -> (artifact id: 'aa50cbcbe69722cf0db9e33418732d6f') in 0.035290 seconds 
========================================================================
Received Import Request.
  Time since last request: 0.000029 seconds.
  path: Assets/SineVFX/TopDownEffects/Resources/Materials/MainEffects/ConjureWaterPool/ConjureWaterPool_Indicator_Emissive_01.mat
  artifactKey: Guid(39788a35ab104a238eca8e2e43d3ba23) Importer(815301076,1909f56bfc062723c751e8b465ee728b)
Start importing Assets/SineVFX/TopDownEffects/Resources/Materials/MainEffects/ConjureWaterPool/ConjureWaterPool_Indicator_Emissive_01.mat using Guid(39788a35ab104a238eca8e2e43d3ba23) Importer(815301076,1909f56bfc062723c751e8b465ee728b)  -> (artifact id: '716b0326362ccaaac2a6c417966ec32d') in 0.030408 seconds 
========================================================================
Received Import Request.
  Time since last request: 0.000036 seconds.
  path: Assets/SineVFX/TopDownEffects/Resources/Materials/MainEffects/ConjureWaterPool/ConjureWaterPool_Ground_Bubbles_01.mat
  artifactKey: Guid(49781b9373c1466a99b846632a0542c6) Importer(815301076,1909f56bfc062723c751e8b465ee728b)
Start importing Assets/SineVFX/TopDownEffects/Resources/Materials/MainEffects/ConjureWaterPool/ConjureWaterPool_Ground_Bubbles_01.mat using Guid(49781b9373c1466a99b846632a0542c6) Importer(815301076,1909f56bfc062723c751e8b465ee728b)  -> (artifact id: '556f80c56c63833cd52794f6c997f8e2') in 0.023041 seconds 
========================================================================
Received Import Request.
  Time since last request: 0.000024 seconds.
  path: Assets/EffectExamples/Goop Effects/Textures/GoopPoolAlbedo.tif
  artifactKey: Guid(b4e688a60e266c340b1f84c510a4c102) Importer(815301076,1909f56bfc062723c751e8b465ee728b)
Start importing Assets/EffectExamples/Goop Effects/Textures/GoopPoolAlbedo.tif using Guid(b4e688a60e266c340b1f84c510a4c102) Importer(815301076,1909f56bfc062723c751e8b465ee728b)  -> (artifact id: 'f63e670eb8af8d1df0ba12181ac0615f') in 0.039724 seconds 
========================================================================
Received Import Request.
  Time since last request: 0.000031 seconds.
  path: Assets/SineVFX/TopDownEffects/Resources/Materials/MainEffects/ConjureWaterPool/ConjureWaterPool_Ground_Impact_01.mat
  artifactKey: Guid(0d63c8908b69462482898f36a0045ff1) Importer(815301076,1909f56bfc062723c751e8b465ee728b)
Start importing Assets/SineVFX/TopDownEffects/Resources/Materials/MainEffects/ConjureWaterPool/ConjureWaterPool_Ground_Impact_01.mat using Guid(0d63c8908b69462482898f36a0045ff1) Importer(815301076,1909f56bfc062723c751e8b465ee728b)  -> (artifact id: 'a87446a27b1d006a4ca3256ad44c73e9') in 0.037107 seconds 
========================================================================
Received Import Request.
  Time since last request: 0.000024 seconds.
  path: Assets/CorgiEngine/Demos/Retro/Sounds/LoftSpoon.wav
  artifactKey: Guid(b547f2474881b7f4e97a0f93f55c355b) Importer(815301076,1909f56bfc062723c751e8b465ee728b)
Start importing Assets/CorgiEngine/Demos/Retro/Sounds/LoftSpoon.wav using Guid(b547f2474881b7f4e97a0f93f55c355b) Importer(815301076,1909f56bfc062723c751e8b465ee728b)  -> (artifact id: '241cf0a667470302e8726a28a7e9ded8') in 0.021112 seconds 
========================================================================
Received Import Request.
  Time since last request: 0.000042 seconds.
  path: Assets/Ultimate SFX Bundle - HD Remaster/OST Pro/Loops/The March_Spooky Strings.wav
  artifactKey: Guid(cc1c5c9db779a8b4286a17c840c87200) Importer(815301076,1909f56bfc062723c751e8b465ee728b)
Start importing Assets/Ultimate SFX Bundle - HD Remaster/OST Pro/Loops/The March_Spooky Strings.wav using Guid(cc1c5c9db779a8b4286a17c840c87200) Importer(815301076,1909f56bfc062723c751e8b465ee728b)  -> (artifact id: '426d79709139404e64bd3a72509dfafb') in 0.015342 seconds 
========================================================================
Received Import Request.
  Time since last request: 2.224260 seconds.
  path: Assets/CorgiEngine/ThirdParty/MoreMountains/MMTools/Tools/MMObjectPool
  artifactKey: Guid(269bfcb0e3d5a4350a24346983d94b29) Importer(815301076,1909f56bfc062723c751e8b465ee728b)
Start importing Assets/CorgiEngine/ThirdParty/MoreMountains/MMTools/Tools/MMObjectPool using Guid(269bfcb0e3d5a4350a24346983d94b29) Importer(815301076,1909f56bfc062723c751e8b465ee728b)  -> (artifact id: '529c650f496528e4571fb2a6a8f5a3a9') in 0.005707 seconds 
========================================================================
Received Import Request.
  Time since last request: 2.963694 seconds.
  path: Assets/CorgiEngine/ThirdParty/MoreMountains/MMFeedbacks/MMFeedbacks/Core/ObjectPool
  artifactKey: Guid(dea619c1b9acaab45aaea2653a61c4af) Importer(815301076,1909f56bfc062723c751e8b465ee728b)
Start importing Assets/CorgiEngine/ThirdParty/MoreMountains/MMFeedbacks/MMFeedbacks/Core/ObjectPool using Guid(dea619c1b9acaab45aaea2653a61c4af) Importer(815301076,1909f56bfc062723c751e8b465ee728b)  -> (artifact id: '3f826da64463268c5e08ffe28aadb752') in 0.006289 seconds 
========================================================================
Received Import Request.
  Time since last request: 6.006938 seconds.
  path: Assets/CorgiEngine/ThirdParty/MoreMountains/MMTools/Tools/MMObjectPool/MMMultipleObjectPooler.cs
  artifactKey: Guid(73098ca8f002adc4f9debdbe47a78c9a) Importer(815301076,1909f56bfc062723c751e8b465ee728b)
Start importing Assets/CorgiEngine/ThirdParty/MoreMountains/MMTools/Tools/MMObjectPool/MMMultipleObjectPooler.cs using Guid(73098ca8f002adc4f9debdbe47a78c9a) Importer(815301076,1909f56bfc062723c751e8b465ee728b)  -> (artifact id: '6ef464814052f733bb785a7ceda6a716') in 0.009089 seconds 
========================================================================
Received Import Request.
  Time since last request: 2.849280 seconds.
  path: Assets/CorgiEngine/ThirdParty/MoreMountains/MMTools/Tools/MMObjectPool/MMObjectPool.cs
  artifactKey: Guid(3148d0478f12644438359651f85a7a92) Importer(815301076,1909f56bfc062723c751e8b465ee728b)
Start importing Assets/CorgiEngine/ThirdParty/MoreMountains/MMTools/Tools/MMObjectPool/MMObjectPool.cs using Guid(3148d0478f12644438359651f85a7a92) Importer(815301076,1909f56bfc062723c751e8b465ee728b)  -> (artifact id: '460f91eee7a603bb7a12266795927141') in 0.001893 seconds 
========================================================================
Received Import Request.
  Time since last request: 1.481899 seconds.
  path: Assets/CorgiEngine/ThirdParty/MoreMountains/MMTools/Tools/MMObjectPool/MMPoolableObject.cs
  artifactKey: Guid(72de0b0360096ea41a18d17864ecb963) Importer(815301076,1909f56bfc062723c751e8b465ee728b)
Start importing Assets/CorgiEngine/ThirdParty/MoreMountains/MMTools/Tools/MMObjectPool/MMPoolableObject.cs using Guid(72de0b0360096ea41a18d17864ecb963) Importer(815301076,1909f56bfc062723c751e8b465ee728b)  -> (artifact id: 'b498be7502ecf03ee823afee71fa4374') in 0.007029 seconds 
========================================================================
Received Import Request.
  Time since last request: 1.161215 seconds.
  path: Assets/CorgiEngine/ThirdParty/MoreMountains/MMTools/Tools/MMObjectPool/MMSimpleObjectPooler.cs
  artifactKey: Guid(0b7277539b95c0d45895792ecc99ce66) Importer(815301076,1909f56bfc062723c751e8b465ee728b)
Start importing Assets/CorgiEngine/ThirdParty/MoreMountains/MMTools/Tools/MMObjectPool/MMSimpleObjectPooler.cs using Guid(0b7277539b95c0d45895792ecc99ce66) Importer(815301076,1909f56bfc062723c751e8b465ee728b)  -> (artifact id: '7454943de47841f5fad4a9fc8ba8afb4') in 0.006194 seconds 
========================================================================
Received Import Request.
  Time since last request: 45.733525 seconds.
  path: Assets/AnyPortrait/Demo/AP_PirateGame_Robot.psd
  artifactKey: Guid(e72644d2f7a95c6468ec0d9a04995dd9) Importer(815301076,1909f56bfc062723c751e8b465ee728b)
Start importing Assets/AnyPortrait/Demo/AP_PirateGame_Robot.psd using Guid(e72644d2f7a95c6468ec0d9a04995dd9) Importer(815301076,1909f56bfc062723c751e8b465ee728b)  -> (artifact id: '2e6d4729172db3580e5a273d43c03d99') in 0.104825 seconds 
========================================================================
Received Import Request.
  Time since last request: 0.000032 seconds.
  path: Assets/MagicArsenal/Demo/Effect Prefabs/Missiles/Normal/ArcaneNormalObj.prefab
  artifactKey: Guid(538360dad8d90fe438d0b88cabc31eaf) Importer(815301076,1909f56bfc062723c751e8b465ee728b)
Start importing Assets/MagicArsenal/Demo/Effect Prefabs/Missiles/Normal/ArcaneNormalObj.prefab using Guid(538360dad8d90fe438d0b88cabc31eaf) Importer(815301076,1909f56bfc062723c751e8b465ee728b)  -> (artifact id: 'ebfa8298c52af43c259ea55a6f210209') in 0.036654 seconds 
========================================================================
Received Import Request.
  Time since last request: 0.000035 seconds.
  path: Assets/MudBun/Examples/URP/Ray-Marched Blobs/Blob Dark.asset
  artifactKey: Guid(8b3b1977632feab469ba830a36254c2f) Importer(815301076,1909f56bfc062723c751e8b465ee728b)
Start importing Assets/MudBun/Examples/URP/Ray-Marched Blobs/Blob Dark.asset using Guid(8b3b1977632feab469ba830a36254c2f) Importer(815301076,1909f56bfc062723c751e8b465ee728b)  -> (artifact id: '55b5067c4f44515f8b39a6d98372cca2') in 0.016200 seconds 
========================================================================
Received Import Request.
  Time since last request: 0.000030 seconds.
  path: Assets/CorgiEngine/Demos/Corgi3D/Models/Enemies/Blob.obj
  artifactKey: Guid(50b61ecc576ff0c4c87f6a9013fad013) Importer(815301076,1909f56bfc062723c751e8b465ee728b)
Start importing Assets/CorgiEngine/Demos/Corgi3D/Models/Enemies/Blob.obj using Guid(50b61ecc576ff0c4c87f6a9013fad013) Importer(815301076,1909f56bfc062723c751e8b465ee728b)  -> (artifact id: '24bcbeb9bcc243e1687c84a5f73eca4c') in 0.082704 seconds 
========================================================================
Received Import Request.
  Time since last request: 0.248984 seconds.
  path: Assets/MagicArsenal/Demo/Scene Prefabs/Misc/Combined Scene/Walls/CombinedObject.prefab
  artifactKey: Guid(0792d5add16888247abef5ae3e44b4a0) Importer(815301076,1909f56bfc062723c751e8b465ee728b)
Start importing Assets/MagicArsenal/Demo/Scene Prefabs/Misc/Combined Scene/Walls/CombinedObject.prefab using Guid(0792d5add16888247abef5ae3e44b4a0) Importer(815301076,1909f56bfc062723c751e8b465ee728b)  -> (artifact id: '59a93cff1aff18b4c4798b51020dca3f') in 0.041363 seconds 
========================================================================
Received Import Request.
  Time since last request: 0.000024 seconds.
  path: Assets/MagicArsenal/Demo/Effect Prefabs/Missiles/Normal/EarthNormalObj.prefab
  artifactKey: Guid(caeadd7abca85604ca0faf53d44d32b4) Importer(815301076,1909f56bfc062723c751e8b465ee728b)
Start importing Assets/MagicArsenal/Demo/Effect Prefabs/Missiles/Normal/EarthNormalObj.prefab using Guid(caeadd7abca85604ca0faf53d44d32b4) Importer(815301076,1909f56bfc062723c751e8b465ee728b)  -> (artifact id: '20569bf34f6273d4604a0e65e58ff47c') in 0.031434 seconds 
========================================================================
Received Import Request.
  Time since last request: 0.000031 seconds.
  path: Assets/beffio/UI - BUILDER/Prefabs/2. Ready-Made Component Elements/Percentage - Pie Charts/FillingObject_8.prefab
  artifactKey: Guid(e2c430ad3fc0f8747a8915b69be6a3b3) Importer(815301076,1909f56bfc062723c751e8b465ee728b)
Start importing Assets/beffio/UI - BUILDER/Prefabs/2. Ready-Made Component Elements/Percentage - Pie Charts/FillingObject_8.prefab using Guid(e2c430ad3fc0f8747a8915b69be6a3b3) Importer(815301076,1909f56bfc062723c751e8b465ee728b)  -> (artifact id: '45de8708b55aeb0b1d4d907bb225f95e') in 0.019845 seconds 
========================================================================
Received Import Request.
  Time since last request: 0.000026 seconds.
  path: Assets/MagicArsenal/Demo/Effect Prefabs/Missiles/Normal/FrostNormalObj.prefab
  artifactKey: Guid(b668bc008f1943b4cbadb60eab2ad4eb) Importer(815301076,1909f56bfc062723c751e8b465ee728b)
Start importing Assets/MagicArsenal/Demo/Effect Prefabs/Missiles/Normal/FrostNormalObj.prefab using Guid(b668bc008f1943b4cbadb60eab2ad4eb) Importer(815301076,1909f56bfc062723c751e8b465ee728b)  -> (artifact id: 'a09f1f74a04bc3f7c2e256b2990bf442') in 0.034279 seconds 
========================================================================
Received Import Request.
  Time since last request: 0.000058 seconds.
  path: Assets/MagicArsenal/Demo/Scene Prefabs/Misc/Combined Scene/Wood/CombinedObjectWood.prefab
  artifactKey: Guid(1bb289e40a1f42a4a871db07d429000a) Importer(815301076,1909f56bfc062723c751e8b465ee728b)
Start importing Assets/MagicArsenal/Demo/Scene Prefabs/Misc/Combined Scene/Wood/CombinedObjectWood.prefab using Guid(1bb289e40a1f42a4a871db07d429000a) Importer(815301076,1909f56bfc062723c751e8b465ee728b)  -> (artifact id: '7b6b72c612df53da45e781169e16e52e') in 0.040622 seconds 
========================================================================
Received Import Request.
  Time since last request: 0.000026 seconds.
  path: Assets/beffio/UI - BUILDER/Prefabs/2. Ready-Made Component Elements/Percentage - Pie Charts/FillingObject_5.prefab
  artifactKey: Guid(e273f625de0bd1943ae9721d98f60ccb) Importer(815301076,1909f56bfc062723c751e8b465ee728b)
Start importing Assets/beffio/UI - BUILDER/Prefabs/2. Ready-Made Component Elements/Percentage - Pie Charts/FillingObject_5.prefab using Guid(e273f625de0bd1943ae9721d98f60ccb) Importer(815301076,1909f56bfc062723c751e8b465ee728b)  -> (artifact id: '1f6ad36b4d1249ee13ba7b4ebb1d8d8d') in 0.015981 seconds 
========================================================================
Received Import Request.
  Time since last request: 0.000024 seconds.
  path: Assets/beffio/UI - BUILDER/Prefabs/2. Ready-Made Component Elements/Percentage - Pie Charts/FillingObject_2.prefab
  artifactKey: Guid(31695353aeadb7c438a7ec36a5e4c69d) Importer(815301076,1909f56bfc062723c751e8b465ee728b)
Start importing Assets/beffio/UI - BUILDER/Prefabs/2. Ready-Made Component Elements/Percentage - Pie Charts/FillingObject_2.prefab using Guid(31695353aeadb7c438a7ec36a5e4c69d) Importer(815301076,1909f56bfc062723c751e8b465ee728b)  -> (artifact id: '938270d8c61911b44d4830a45bcaab4e') in 0.038516 seconds 
========================================================================
Received Import Request.
  Time since last request: 0.000025 seconds.
  path: Assets/AddressableAssetsData/DefaultObject.asset
  artifactKey: Guid(cece4fe479b47204391bf487ff4d6666) Importer(815301076,1909f56bfc062723c751e8b465ee728b)
Start importing Assets/AddressableAssetsData/DefaultObject.asset using Guid(cece4fe479b47204391bf487ff4d6666) Importer(815301076,1909f56bfc062723c751e8b465ee728b)  -> (artifact id: '0f20a998cb4c9d4d119f863ee7ce8c3f') in 0.011316 seconds 
========================================================================
Received Import Request.
  Time since last request: 0.000033 seconds.
  path: Assets/MagicArsenal/Demo/Effect Prefabs/Missiles/Small/FrostSmallObj.prefab
  artifactKey: Guid(0c30de7e2cfa1ed44b6e3c1ca6faf35e) Importer(815301076,1909f56bfc062723c751e8b465ee728b)
Start importing Assets/MagicArsenal/Demo/Effect Prefabs/Missiles/Small/FrostSmallObj.prefab using Guid(0c30de7e2cfa1ed44b6e3c1ca6faf35e) Importer(815301076,1909f56bfc062723c751e8b465ee728b)  -> (artifact id: '80630cf918d6fd5c647e90c373ba4aed') in 0.024073 seconds 
========================================================================
Received Import Request.
  Time since last request: 0.000026 seconds.
  path: Assets/MagicArsenal/Demo/Effect Prefabs/Missiles/Mega/FrostMegaObj.prefab
  artifactKey: Guid(eb1e7265f93dd7842acac70e858320d3) Importer(815301076,1909f56bfc062723c751e8b465ee728b)
Start importing Assets/MagicArsenal/Demo/Effect Prefabs/Missiles/Mega/FrostMegaObj.prefab using Guid(eb1e7265f93dd7842acac70e858320d3) Importer(815301076,1909f56bfc062723c751e8b465ee728b)  -> (artifact id: '67795685c83c0d0fae4743e2305bd861') in 0.033477 seconds 
========================================================================
Received Import Request.
  Time since last request: 0.000032 seconds.
  path: Assets/beffio/UI - BUILDER/Prefabs/2. Ready-Made Component Elements/Percentage - Pie Charts/FillingObject_9.prefab
  artifactKey: Guid(e545a786c09c859409083531eba6d4fa) Importer(815301076,1909f56bfc062723c751e8b465ee728b)
Start importing Assets/beffio/UI - BUILDER/Prefabs/2. Ready-Made Component Elements/Percentage - Pie Charts/FillingObject_9.prefab using Guid(e545a786c09c859409083531eba6d4fa) Importer(815301076,1909f56bfc062723c751e8b465ee728b)  -> (artifact id: '5c07012ccf45892b60d99b916ac4c913') in 0.013698 seconds 
========================================================================
Received Import Request.
  Time since last request: 0.000031 seconds.
  path: Assets/beffio/UI - BUILDER/Prefabs/2. Ready-Made Component Elements/Percentage - Pie Charts/FillingObject_10.prefab
  artifactKey: Guid(f07389db77cb1e942b3c3b088f8d9e4b) Importer(815301076,1909f56bfc062723c751e8b465ee728b)
Start importing Assets/beffio/UI - BUILDER/Prefabs/2. Ready-Made Component Elements/Percentage - Pie Charts/FillingObject_10.prefab using Guid(f07389db77cb1e942b3c3b088f8d9e4b) Importer(815301076,1909f56bfc062723c751e8b465ee728b)  -> (artifact id: 'd38fdbb50eb7c351d4923f2c6c8cf21f') in 0.020431 seconds 
========================================================================
Received Import Request.
  Time since last request: 0.000023 seconds.
  path: Assets/MagicArsenal/Demo/Effect Prefabs/Missiles/Normal/FireNormalObj.prefab
  artifactKey: Guid(85189cce24e80d841a5e5e7944bdd238) Importer(815301076,1909f56bfc062723c751e8b465ee728b)
Start importing Assets/MagicArsenal/Demo/Effect Prefabs/Missiles/Normal/FireNormalObj.prefab using Guid(85189cce24e80d841a5e5e7944bdd238) Importer(815301076,1909f56bfc062723c751e8b465ee728b)  -> (artifact id: '8e669da6cdc76998328db030b73c46ba') in 0.028120 seconds 
========================================================================
Received Import Request.
  Time since last request: 0.255256 seconds.
  path: Assets/AnyPortrait/Editor/Images/Inspector/InspectorIcon_Objects.png
  artifactKey: Guid(853c5534a6183ec439486da2a5787415) Importer(815301076,1909f56bfc062723c751e8b465ee728b)
Start importing Assets/AnyPortrait/Editor/Images/Inspector/InspectorIcon_Objects.png using Guid(853c5534a6183ec439486da2a5787415) Importer(815301076,1909f56bfc062723c751e8b465ee728b)  -> (artifact id: 'd9439bf78e784d1c25f5a1f05b84e73d') in 0.036151 seconds 
========================================================================
Received Import Request.
  Time since last request: 0.000031 seconds.
  path: Assets/ARPG Effects/Demo/Models/RPGFXChest.FBX
  artifactKey: Guid(4db004f82d3d23c4eb4b83b3058dc44e) Importer(815301076,1909f56bfc062723c751e8b465ee728b)
Start importing Assets/ARPG Effects/Demo/Models/RPGFXChest.FBX using Guid(4db004f82d3d23c4eb4b83b3058dc44e) Importer(815301076,1909f56bfc062723c751e8b465ee728b)  -> (artifact id: 'edd366794073ccdd86be586577e67f17') in 0.101509 seconds 
========================================================================
Received Import Request.
  Time since last request: 309.143531 seconds.
  path: Assets/CorgiEngine/ThirdParty/MoreMountains/MMFeedbacks/MMFeedbacks/Feedbacks
  artifactKey: Guid(f426746d965f3a84bbc27fdca344c170) Importer(815301076,1909f56bfc062723c751e8b465ee728b)
Start importing Assets/CorgiEngine/ThirdParty/MoreMountains/MMFeedbacks/MMFeedbacks/Feedbacks using Guid(f426746d965f3a84bbc27fdca344c170) Importer(815301076,1909f56bfc062723c751e8b465ee728b)  -> (artifact id: 'be175d89eb1a82450829cd62a9c7b990') in 0.006293 seconds 
========================================================================
Received Prepare
Registering precompiled user dll's ...
Registered in 0.011516 seconds.
Begin MonoManager ReloadAssembly
Native extension for UWP target not found
Native extension for WindowsStandalone target not found
Native extension for WebGL target not found
Refreshing native plugins compatible for Editor in 6.46 ms, found 5 plugins.
Preloading 0 native plugins for Editor in 0.00 ms.
Mono: successfully reloaded assembly
- Completed reload, in  2.556 seconds
Domain Reload Profiling:
	ReloadAssembly (2556ms)
		BeginReloadAssembly (253ms)
			ExecutionOrderSort (0ms)
			DisableScriptedObjects (9ms)
			BackupInstance (0ms)
			ReleaseScriptingObjects (0ms)
			CreateAndSetChildDomain (63ms)
		EndReloadAssembly (2166ms)
			LoadAssemblies (210ms)
			RebuildTransferFunctionScriptingTraits (0ms)
			SetupTypeCache (710ms)
			ReleaseScriptCaches (5ms)
			RebuildScriptCaches (162ms)
			SetupLoadedEditorAssemblies (968ms)
				LogAssemblyErrors (0ms)
				InitializePlatformSupportModulesInManaged (15ms)
				SetLoadedEditorAssemblies (1ms)
				RefreshPlugins (7ms)
				BeforeProcessingInitializeOnLoad (171ms)
				ProcessInitializeOnLoadAttributes (643ms)
				ProcessInitializeOnLoadMethodAttributes (123ms)
				AfterProcessingInitializeOnLoad (8ms)
				EditorAssembliesLoaded (0ms)
			ExecutionOrderSort2 (0ms)
			AwakeInstancesAfterBackupRestoration (43ms)
Platform modules already initialized, skipping
Shader 'MoreMountains/MMRipple': fallback shader 'Particle/AlphaBlended' not found
Shader 'Ferr/2D Terrain/Pixel Lit/Lightmap Textured Vertex Color (8 lights|lightmap +0 light)': fallback shader 'Ferr/Lit Textured Vertex Color (4 lights|lightmap +1 light)' not found
Shader 'CartoonCoffee/Particle Additive': fallback shader '2' not found
Shader 'Ferr/2D Terrain/Pixel Lit/Lightmap Textured Vertex Color Transparent (8 lights|lightmap +0 light)': fallback shader 'Ferr/Lit Textured Vertex Color Transparent (4 lights|lightmap +1 light)' not found
Shader 'Custom/RainShader': fallback shader 'Particles/Alpha Blended' not found
Shader 'CartoonCoffee/Particle Basic': fallback shader '2' not found
Refreshing native plugins compatible for Editor in 15.56 ms, found 5 plugins.
Preloading 0 native plugins for Editor in 0.00 ms.
Unloading 8876 Unused Serialized files (Serialized files now loaded: 0)
Unloading 107 unused Assets / (3.8 MB). Loaded Objects now: 9984.
Memory consumption went from 0.62 GB to 0.61 GB.
Total: 7.025500 ms (FindLiveObjects: 0.563000 ms CreateObjectMapping: 0.460600 ms MarkObjects: 4.934400 ms  DeleteObjects: 1.066700 ms)

AssetImportParameters requested are different than current active one (requested -> active):
  custom:video-decoder-ogg-theora: a1e56fd34408186e4bbccfd4996cb3dc -> 
  custom:container-muxer-webm: aa71ff27fc2769a1b78a27578f13a17b -> 
  custom:container-demuxer-webm: 4f35f7cbe854078d1ac9338744f61a02 -> 
  custom:video-encoder-webm-vp8: eb34c28f22e8b96e1ab97ce403110664 -> 
  custom:video-codec-MediaFoundation-h265: 746d11721c4dcdbdad8f713fa42b33f4 -> 
  custom:audio-encoder-webm-vorbis: bf7c407c2cedff20999df2af8eb42d56 -> 
  custom:framework-win-MediaFoundation: 216162199b28c13a410421893ffa2e32 -> 
  custom:container-demuxer-ogg: 62fdf1f143b41e24485cea50d1cbac27 -> 
  custom:video-decoder-webm-vp8: 9c59270c3fd7afecdb556c50c9e8de78 -> 
  custom:audio-decoder-ogg-vorbis: bf7c407c2cedff20999df2af8eb42d56 -> 
========================================================================
Received Prepare
Registering precompiled user dll's ...
Registered in 0.026814 seconds.
Begin MonoManager ReloadAssembly
Native extension for UWP target not found
Native extension for WindowsStandalone target not found
Native extension for WebGL target not found
Refreshing native plugins compatible for Editor in 6.92 ms, found 5 plugins.
Preloading 0 native plugins for Editor in 0.00 ms.
Mono: successfully reloaded assembly
- Completed reload, in  2.066 seconds
Domain Reload Profiling:
	ReloadAssembly (2067ms)
		BeginReloadAssembly (164ms)
			ExecutionOrderSort (0ms)
			DisableScriptedObjects (9ms)
			BackupInstance (0ms)
			ReleaseScriptingObjects (0ms)
			CreateAndSetChildDomain (61ms)
		EndReloadAssembly (1798ms)
			LoadAssemblies (112ms)
			RebuildTransferFunctionScriptingTraits (0ms)
			SetupTypeCache (404ms)
			ReleaseScriptCaches (5ms)
			RebuildScriptCaches (179ms)
			SetupLoadedEditorAssemblies (953ms)
				LogAssemblyErrors (0ms)
				InitializePlatformSupportModulesInManaged (15ms)
				SetLoadedEditorAssemblies (0ms)
				RefreshPlugins (7ms)
				BeforeProcessingInitializeOnLoad (164ms)
				ProcessInitializeOnLoadAttributes (627ms)
				ProcessInitializeOnLoadMethodAttributes (130ms)
				AfterProcessingInitializeOnLoad (8ms)
				EditorAssembliesLoaded (0ms)
			ExecutionOrderSort2 (0ms)
			AwakeInstancesAfterBackupRestoration (44ms)
Platform modules already initialized, skipping
Shader 'MoreMountains/MMRipple': fallback shader 'Particle/AlphaBlended' not found
Shader 'Ferr/2D Terrain/Pixel Lit/Lightmap Textured Vertex Color (8 lights|lightmap +0 light)': fallback shader 'Ferr/Lit Textured Vertex Color (4 lights|lightmap +1 light)' not found
Shader 'CartoonCoffee/Particle Additive': fallback shader '2' not found
Shader 'Ferr/2D Terrain/Pixel Lit/Lightmap Textured Vertex Color Transparent (8 lights|lightmap +0 light)': fallback shader 'Ferr/Lit Textured Vertex Color Transparent (4 lights|lightmap +1 light)' not found
Shader 'Custom/RainShader': fallback shader 'Particles/Alpha Blended' not found
Shader 'CartoonCoffee/Particle Basic': fallback shader '2' not found
Refreshing native plugins compatible for Editor in 12.22 ms, found 5 plugins.
Preloading 0 native plugins for Editor in 0.00 ms.
Unloading 8872 Unused Serialized files (Serialized files now loaded: 0)
Unloading 106 unused Assets / (3.8 MB). Loaded Objects now: 9991.
Memory consumption went from 0.62 GB to 0.61 GB.
Total: 5.800900 ms (FindLiveObjects: 0.619900 ms CreateObjectMapping: 0.804600 ms MarkObjects: 3.169100 ms  DeleteObjects: 1.206000 ms)

AssetImportParameters requested are different than current active one (requested -> active):
  custom:video-decoder-ogg-theora: a1e56fd34408186e4bbccfd4996cb3dc -> 
  custom:container-muxer-webm: aa71ff27fc2769a1b78a27578f13a17b -> 
  custom:container-demuxer-webm: 4f35f7cbe854078d1ac9338744f61a02 -> 
  custom:video-encoder-webm-vp8: eb34c28f22e8b96e1ab97ce403110664 -> 
  custom:video-codec-MediaFoundation-h265: 746d11721c4dcdbdad8f713fa42b33f4 -> 
  custom:audio-encoder-webm-vorbis: bf7c407c2cedff20999df2af8eb42d56 -> 
  custom:framework-win-MediaFoundation: 216162199b28c13a410421893ffa2e32 -> 
  custom:container-demuxer-ogg: 62fdf1f143b41e24485cea50d1cbac27 -> 
  custom:video-decoder-webm-vp8: 9c59270c3fd7afecdb556c50c9e8de78 -> 
  custom:audio-decoder-ogg-vorbis: bf7c407c2cedff20999df2af8eb42d56 -> 
========================================================================
Received Prepare
Registering precompiled user dll's ...
Registered in 0.016615 seconds.
Begin MonoManager ReloadAssembly
Native extension for UWP target not found
Native extension for WindowsStandalone target not found
Native extension for WebGL target not found
Refreshing native plugins compatible for Editor in 5.84 ms, found 5 plugins.
Preloading 0 native plugins for Editor in 0.00 ms.
Mono: successfully reloaded assembly
- Completed reload, in  2.101 seconds
Domain Reload Profiling:
	ReloadAssembly (2102ms)
		BeginReloadAssembly (161ms)
			ExecutionOrderSort (0ms)
			DisableScriptedObjects (10ms)
			BackupInstance (0ms)
			ReleaseScriptingObjects (0ms)
			CreateAndSetChildDomain (57ms)
		EndReloadAssembly (1834ms)
			LoadAssemblies (116ms)
			RebuildTransferFunctionScriptingTraits (0ms)
			SetupTypeCache (428ms)
			ReleaseScriptCaches (7ms)
			RebuildScriptCaches (166ms)
			SetupLoadedEditorAssemblies (970ms)
				LogAssemblyErrors (0ms)
				InitializePlatformSupportModulesInManaged (13ms)
				SetLoadedEditorAssemblies (0ms)
				RefreshPlugins (6ms)
				BeforeProcessingInitializeOnLoad (171ms)
				ProcessInitializeOnLoadAttributes (656ms)
				ProcessInitializeOnLoadMethodAttributes (114ms)
				AfterProcessingInitializeOnLoad (9ms)
				EditorAssembliesLoaded (0ms)
			ExecutionOrderSort2 (0ms)
			AwakeInstancesAfterBackupRestoration (55ms)
Platform modules already initialized, skipping
Shader 'MoreMountains/MMRipple': fallback shader 'Particle/AlphaBlended' not found
Shader 'Ferr/2D Terrain/Pixel Lit/Lightmap Textured Vertex Color (8 lights|lightmap +0 light)': fallback shader 'Ferr/Lit Textured Vertex Color (4 lights|lightmap +1 light)' not found
Shader 'CartoonCoffee/Particle Additive': fallback shader '2' not found
Shader 'Ferr/2D Terrain/Pixel Lit/Lightmap Textured Vertex Color Transparent (8 lights|lightmap +0 light)': fallback shader 'Ferr/Lit Textured Vertex Color Transparent (4 lights|lightmap +1 light)' not found
Shader 'Custom/RainShader': fallback shader 'Particles/Alpha Blended' not found
Shader 'CartoonCoffee/Particle Basic': fallback shader '2' not found
Refreshing native plugins compatible for Editor in 13.61 ms, found 5 plugins.
Preloading 0 native plugins for Editor in 0.00 ms.
Unloading 8872 Unused Serialized files (Serialized files now loaded: 0)
Unloading 106 unused Assets / (3.8 MB). Loaded Objects now: 9998.
Memory consumption went from 0.62 GB to 0.61 GB.
Total: 7.350100 ms (FindLiveObjects: 0.801000 ms CreateObjectMapping: 0.963400 ms MarkObjects: 4.623300 ms  DeleteObjects: 0.961500 ms)

AssetImportParameters requested are different than current active one (requested -> active):
  custom:video-decoder-ogg-theora: a1e56fd34408186e4bbccfd4996cb3dc -> 
  custom:container-muxer-webm: aa71ff27fc2769a1b78a27578f13a17b -> 
  custom:container-demuxer-webm: 4f35f7cbe854078d1ac9338744f61a02 -> 
  custom:video-encoder-webm-vp8: eb34c28f22e8b96e1ab97ce403110664 -> 
  custom:video-codec-MediaFoundation-h265: 746d11721c4dcdbdad8f713fa42b33f4 -> 
  custom:audio-encoder-webm-vorbis: bf7c407c2cedff20999df2af8eb42d56 -> 
  custom:framework-win-MediaFoundation: 216162199b28c13a410421893ffa2e32 -> 
  custom:container-demuxer-ogg: 62fdf1f143b41e24485cea50d1cbac27 -> 
  custom:video-decoder-webm-vp8: 9c59270c3fd7afecdb556c50c9e8de78 -> 
  custom:audio-decoder-ogg-vorbis: bf7c407c2cedff20999df2af8eb42d56 -> 
========================================================================
Received Prepare
Registering precompiled user dll's ...
Registered in 0.012050 seconds.
Begin MonoManager ReloadAssembly
Native extension for UWP target not found
Native extension for WindowsStandalone target not found
Native extension for WebGL target not found
Refreshing native plugins compatible for Editor in 5.90 ms, found 5 plugins.
Preloading 0 native plugins for Editor in 0.00 ms.
Mono: successfully reloaded assembly
- Completed reload, in  2.136 seconds
Domain Reload Profiling:
	ReloadAssembly (2137ms)
		BeginReloadAssembly (155ms)
			ExecutionOrderSort (0ms)
			DisableScriptedObjects (9ms)
			BackupInstance (0ms)
			ReleaseScriptingObjects (0ms)
			CreateAndSetChildDomain (58ms)
		EndReloadAssembly (1857ms)
			LoadAssemblies (116ms)
			RebuildTransferFunctionScriptingTraits (0ms)
			SetupTypeCache (430ms)
			ReleaseScriptCaches (5ms)
			RebuildScriptCaches (155ms)
			SetupLoadedEditorAssemblies (981ms)
				LogAssemblyErrors (0ms)
				InitializePlatformSupportModulesInManaged (14ms)
				SetLoadedEditorAssemblies (0ms)
				RefreshPlugins (6ms)
				BeforeProcessingInitializeOnLoad (169ms)
				ProcessInitializeOnLoadAttributes (659ms)
				ProcessInitializeOnLoadMethodAttributes (125ms)
				AfterProcessingInitializeOnLoad (8ms)
				EditorAssembliesLoaded (0ms)
			ExecutionOrderSort2 (0ms)
			AwakeInstancesAfterBackupRestoration (53ms)
Platform modules already initialized, skipping
Shader 'MoreMountains/MMRipple': fallback shader 'Particle/AlphaBlended' not found
Shader 'Ferr/2D Terrain/Pixel Lit/Lightmap Textured Vertex Color (8 lights|lightmap +0 light)': fallback shader 'Ferr/Lit Textured Vertex Color (4 lights|lightmap +1 light)' not found
Shader 'CartoonCoffee/Particle Additive': fallback shader '2' not found
Shader 'Ferr/2D Terrain/Pixel Lit/Lightmap Textured Vertex Color Transparent (8 lights|lightmap +0 light)': fallback shader 'Ferr/Lit Textured Vertex Color Transparent (4 lights|lightmap +1 light)' not found
Shader 'Custom/RainShader': fallback shader 'Particles/Alpha Blended' not found
Shader 'CartoonCoffee/Particle Basic': fallback shader '2' not found
Refreshing native plugins compatible for Editor in 12.70 ms, found 5 plugins.
Preloading 0 native plugins for Editor in 0.00 ms.
Unloading 8872 Unused Serialized files (Serialized files now loaded: 0)
Unloading 106 unused Assets / (3.8 MB). Loaded Objects now: 10005.
Memory consumption went from 0.62 GB to 0.61 GB.
Total: 7.738300 ms (FindLiveObjects: 0.630300 ms CreateObjectMapping: 0.643800 ms MarkObjects: 5.107900 ms  DeleteObjects: 1.355300 ms)

AssetImportParameters requested are different than current active one (requested -> active):
  custom:video-decoder-ogg-theora: a1e56fd34408186e4bbccfd4996cb3dc -> 
  custom:container-muxer-webm: aa71ff27fc2769a1b78a27578f13a17b -> 
  custom:container-demuxer-webm: 4f35f7cbe854078d1ac9338744f61a02 -> 
  custom:video-encoder-webm-vp8: eb34c28f22e8b96e1ab97ce403110664 -> 
  custom:video-codec-MediaFoundation-h265: 746d11721c4dcdbdad8f713fa42b33f4 -> 
  custom:audio-encoder-webm-vorbis: bf7c407c2cedff20999df2af8eb42d56 -> 
  custom:framework-win-MediaFoundation: 216162199b28c13a410421893ffa2e32 -> 
  custom:container-demuxer-ogg: 62fdf1f143b41e24485cea50d1cbac27 -> 
  custom:video-decoder-webm-vp8: 9c59270c3fd7afecdb556c50c9e8de78 -> 
  custom:audio-decoder-ogg-vorbis: bf7c407c2cedff20999df2af8eb42d56 -> 
========================================================================
Received Import Request.
  Time since last request: 18759.354420 seconds.
  path: Assets/testAsset/Effects/Script/EffectControllAbillity.cs
  artifactKey: Guid(e6c89c76c124ce344a36b00fca6852fe) Importer(815301076,1909f56bfc062723c751e8b465ee728b)
Start importing Assets/testAsset/Effects/Script/EffectControllAbillity.cs using Guid(e6c89c76c124ce344a36b00fca6852fe) Importer(815301076,1909f56bfc062723c751e8b465ee728b)  -> (artifact id: '7f27ed23e8df9185577953d98fb352ff') in 0.025114 seconds 
========================================================================
Received Import Request.
  Time since last request: 92.542062 seconds.
  path: Assets/testAsset/Effects/Script/EffectControllAbillity.cs
  artifactKey: Guid(e6c89c76c124ce344a36b00fca6852fe) Importer(815301076,1909f56bfc062723c751e8b465ee728b)
Start importing Assets/testAsset/Effects/Script/EffectControllAbillity.cs using Guid(e6c89c76c124ce344a36b00fca6852fe) Importer(815301076,1909f56bfc062723c751e8b465ee728b)  -> (artifact id: '858f7a1c2140e1038dd55c4cb9212ca0') in 0.005501 seconds 
========================================================================
Received Import Request.
  Time since last request: 2466.928623 seconds.
  path: Assets/testAsset/Effects/Script/EffectControllAbillity.cs
  artifactKey: Guid(e6c89c76c124ce344a36b00fca6852fe) Importer(815301076,1909f56bfc062723c751e8b465ee728b)
Start importing Assets/testAsset/Effects/Script/EffectControllAbillity.cs using Guid(e6c89c76c124ce344a36b00fca6852fe) Importer(815301076,1909f56bfc062723c751e8b465ee728b)  -> (artifact id: '52e0f475faa06216ad2a1472f016e43a') in 0.008013 seconds 
========================================================================
Received Import Request.
  Time since last request: 4041.253203 seconds.
  path: Assets/Ultimate SFX Bundle - HD Remaster/Survival Sound Kit - HD Remake/Blacksmith hitting hammer.wav
  artifactKey: Guid(da6c4f84a1f9ce547805050b7c1155ac) Importer(815301076,1909f56bfc062723c751e8b465ee728b)
Start importing Assets/Ultimate SFX Bundle - HD Remaster/Survival Sound Kit - HD Remake/Blacksmith hitting hammer.wav using Guid(da6c4f84a1f9ce547805050b7c1155ac) Importer(815301076,1909f56bfc062723c751e8b465ee728b)  -> (artifact id: '9324e45df84afb1336d9ce57b80ea9b7') in 0.061490 seconds 
========================================================================
Received Import Request.
  Time since last request: 0.000028 seconds.
  path: Assets/Ultimate SFX Bundle - HD Remaster/Survival Sound Kit - HD Remake/Blacksmith hitting hammer 4.wav
  artifactKey: Guid(41c17fb0f1fdd81439a391b60fa58673) Importer(815301076,1909f56bfc062723c751e8b465ee728b)
Start importing Assets/Ultimate SFX Bundle - HD Remaster/Survival Sound Kit - HD Remake/Blacksmith hitting hammer 4.wav using Guid(41c17fb0f1fdd81439a391b60fa58673) Importer(815301076,1909f56bfc062723c751e8b465ee728b)  -> (artifact id: '525f2d9d6cdf71e5dc7686af7ba73b46') in 0.032535 seconds 
========================================================================
Received Import Request.
  Time since last request: 0.000038 seconds.
  path: Assets/Bow and Hammer Sound Effects/Hammer/HammerFlesh3.wav
  artifactKey: Guid(a9fe83366307d414ea5aec26a348f3ea) Importer(815301076,1909f56bfc062723c751e8b465ee728b)
Start importing Assets/Bow and Hammer Sound Effects/Hammer/HammerFlesh3.wav using Guid(a9fe83366307d414ea5aec26a348f3ea) Importer(815301076,1909f56bfc062723c751e8b465ee728b)  -> (artifact id: '308b9d79bcb3261ea4254ffec97489e5') in 0.053174 seconds 
========================================================================
Received Import Request.
  Time since last request: 0.000026 seconds.
  path: Assets/Bow and Hammer Sound Effects/Hammer/HammerImpact4.wav
  artifactKey: Guid(f72a112b8aedd154887e21eb1e70c0f8) Importer(815301076,1909f56bfc062723c751e8b465ee728b)
Start importing Assets/Bow and Hammer Sound Effects/Hammer/HammerImpact4.wav using Guid(f72a112b8aedd154887e21eb1e70c0f8) Importer(815301076,1909f56bfc062723c751e8b465ee728b)  -> (artifact id: 'c9ee217a4888b94bf7fe336ff2cdea1b') in 0.024709 seconds 
========================================================================
Received Import Request.
  Time since last request: 0.000021 seconds.
  path: Assets/SineVFX/TopDownEffects/Resources/Meshes/RegularAnimated/Hammer/HammerAnimated_DissolveDirectionMask.png
  artifactKey: Guid(9500d2b3a5d5b26479ef73d9de70add0) Importer(815301076,1909f56bfc062723c751e8b465ee728b)
Start importing Assets/SineVFX/TopDownEffects/Resources/Meshes/RegularAnimated/Hammer/HammerAnimated_DissolveDirectionMask.png using Guid(9500d2b3a5d5b26479ef73d9de70add0) Importer(815301076,1909f56bfc062723c751e8b465ee728b)  -> (artifact id: 'ec51a5e1dd6a11a7d4159cda02e07cf1') in 0.034246 seconds 
========================================================================
Received Import Request.
  Time since last request: 0.000030 seconds.
  path: Assets/Ultimate SFX Bundle - HD Remaster/Survival Sound Kit - HD Remake/Blacksmith hitting hammer 10.wav
  artifactKey: Guid(0becf096fceadf147803ea1b152a9940) Importer(815301076,1909f56bfc062723c751e8b465ee728b)
Start importing Assets/Ultimate SFX Bundle - HD Remaster/Survival Sound Kit - HD Remake/Blacksmith hitting hammer 10.wav using Guid(0becf096fceadf147803ea1b152a9940) Importer(815301076,1909f56bfc062723c751e8b465ee728b)  -> (artifact id: 'a3bb861056e35193dd9b7c2fa159ce64') in 0.022661 seconds 
========================================================================
Received Import Request.
  Time since last request: 0.000029 seconds.
  path: Assets/Ultimate SFX Bundle - HD Remaster/Survival Sound Kit - HD Remake/Blacksmith hitting hammer 9.wav
  artifactKey: Guid(04b90eb4b3a1aa445a0dae9b378c01cc) Importer(815301076,1909f56bfc062723c751e8b465ee728b)
Start importing Assets/Ultimate SFX Bundle - HD Remaster/Survival Sound Kit - HD Remake/Blacksmith hitting hammer 9.wav using Guid(04b90eb4b3a1aa445a0dae9b378c01cc) Importer(815301076,1909f56bfc062723c751e8b465ee728b)  -> (artifact id: 'e8ee049b2923794ee5ceaf8ae7a47577') in 0.023329 seconds 
========================================================================
Received Import Request.
  Time since last request: 0.000031 seconds.
  path: Assets/Bow and Hammer Sound Effects/Hammer/HammerImpact1.wav
  artifactKey: Guid(d3b11b80263d8a145ad7641f5e978ff4) Importer(815301076,1909f56bfc062723c751e8b465ee728b)
Start importing Assets/Bow and Hammer Sound Effects/Hammer/HammerImpact1.wav using Guid(d3b11b80263d8a145ad7641f5e978ff4) Importer(815301076,1909f56bfc062723c751e8b465ee728b)  -> (artifact id: '5bf2748a36d75b863b15888997653d6a') in 0.020306 seconds 
========================================================================
Received Import Request.
  Time since last request: 0.000027 seconds.
  path: Assets/Bow and Hammer Sound Effects/Hammer/HammerImpact2.wav
  artifactKey: Guid(6e125c7f6c3574341bb7b01fe6b9dfee) Importer(815301076,1909f56bfc062723c751e8b465ee728b)
Start importing Assets/Bow and Hammer Sound Effects/Hammer/HammerImpact2.wav using Guid(6e125c7f6c3574341bb7b01fe6b9dfee) Importer(815301076,1909f56bfc062723c751e8b465ee728b)  -> (artifact id: 'dbde16afc73d7825c9ac87982eb464b2') in 0.018867 seconds 
========================================================================
Received Import Request.
  Time since last request: 0.000026 seconds.
  path: Assets/Ultimate Sound FX Bundle/Survival Sounds Pro/Blacksmith hitting hammer/Blacksmith hitting hammer 3.wav
  artifactKey: Guid(dc8c20f252c07414794b9c3a5ebc3df1) Importer(815301076,1909f56bfc062723c751e8b465ee728b)
Start importing Assets/Ultimate Sound FX Bundle/Survival Sounds Pro/Blacksmith hitting hammer/Blacksmith hitting hammer 3.wav using Guid(dc8c20f252c07414794b9c3a5ebc3df1) Importer(815301076,1909f56bfc062723c751e8b465ee728b)  -> (artifact id: 'ef0a286bc955d341789c7db330577054') in 0.018707 seconds 
========================================================================
Received Import Request.
  Time since last request: 0.000023 seconds.
  path: Assets/Ultimate SFX Bundle - HD Remaster/Survival Sound Kit - HD Remake/Blacksmith hitting hammer 6.wav
  artifactKey: Guid(c4813914f9374524a8ca1d103f1edb3c) Importer(815301076,1909f56bfc062723c751e8b465ee728b)
Start importing Assets/Ultimate SFX Bundle - HD Remaster/Survival Sound Kit - HD Remake/Blacksmith hitting hammer 6.wav using Guid(c4813914f9374524a8ca1d103f1edb3c) Importer(815301076,1909f56bfc062723c751e8b465ee728b)  -> (artifact id: 'd8d759a017cd1ae68b0dd63437a52c6a') in 0.018615 seconds 
========================================================================
Received Import Request.
  Time since last request: 0.000023 seconds.
  path: Assets/Ultimate SFX Bundle - HD Remaster/Survival Sound Kit - HD Remake/Blacksmith hitting hammer 2.wav
  artifactKey: Guid(151ef8c8d6f3cab409e8ff9c4dd2f627) Importer(815301076,1909f56bfc062723c751e8b465ee728b)
Start importing Assets/Ultimate SFX Bundle - HD Remaster/Survival Sound Kit - HD Remake/Blacksmith hitting hammer 2.wav using Guid(151ef8c8d6f3cab409e8ff9c4dd2f627) Importer(815301076,1909f56bfc062723c751e8b465ee728b)  -> (artifact id: 'c5be9e805d9b83b296cc6c389fff4d10') in 0.019460 seconds 
========================================================================
Received Import Request.
  Time since last request: 0.000024 seconds.
  path: Assets/Ultimate Sound FX Bundle/Ultimate Retro Sounds/Hammer Impact - 10/Hammer Impact 8.wav
  artifactKey: Guid(c74ed68a3cd38b54c808367e8ce576b3) Importer(815301076,1909f56bfc062723c751e8b465ee728b)
Start importing Assets/Ultimate Sound FX Bundle/Ultimate Retro Sounds/Hammer Impact - 10/Hammer Impact 8.wav using Guid(c74ed68a3cd38b54c808367e8ce576b3) Importer(815301076,1909f56bfc062723c751e8b465ee728b)  -> (artifact id: 'edd9b0c2dc73d457f323e9da49e96f2e') in 0.019203 seconds 
========================================================================
Received Import Request.
  Time since last request: 0.000027 seconds.
  path: Assets/SineVFX/TopDownEffects/Resources/Meshes/Regular/Hammer.obj
  artifactKey: Guid(283e6ecd1b7e3ca4bacc7c4ef95e085a) Importer(815301076,1909f56bfc062723c751e8b465ee728b)
Start importing Assets/SineVFX/TopDownEffects/Resources/Meshes/Regular/Hammer.obj using Guid(283e6ecd1b7e3ca4bacc7c4ef95e085a) Importer(815301076,1909f56bfc062723c751e8b465ee728b)  -> (artifact id: 'f490c58fcb74aed4320f6066732ef810') in 0.204657 seconds 
========================================================================
Received Import Request.
  Time since last request: 0.000036 seconds.
  path: Assets/Ultimate Sound FX Bundle/Ultimate Retro Sounds/Hammer Impact - 10/Hammer Impact 9.wav
  artifactKey: Guid(58cec8edec6949d4b959ae4f939ff6d2) Importer(815301076,1909f56bfc062723c751e8b465ee728b)
Start importing Assets/Ultimate Sound FX Bundle/Ultimate Retro Sounds/Hammer Impact - 10/Hammer Impact 9.wav using Guid(58cec8edec6949d4b959ae4f939ff6d2) Importer(815301076,1909f56bfc062723c751e8b465ee728b)  -> (artifact id: '6f0eaa298651dd9f67ad6f9a7a1d3597') in 0.019470 seconds 
========================================================================
Received Import Request.
  Time since last request: 0.000065 seconds.
  path: Assets/Ultimate Sound FX Bundle/Ultimate Retro Sounds/Hammer Impact - 10/Hammer Impact 5.wav
  artifactKey: Guid(90f0e47b7d400334fa31fb145adeddd6) Importer(815301076,1909f56bfc062723c751e8b465ee728b)
Start importing Assets/Ultimate Sound FX Bundle/Ultimate Retro Sounds/Hammer Impact - 10/Hammer Impact 5.wav using Guid(90f0e47b7d400334fa31fb145adeddd6) Importer(815301076,1909f56bfc062723c751e8b465ee728b)  -> (artifact id: '8f386d381c61241302f713ebef6c6f32') in 0.019742 seconds 
========================================================================
Received Import Request.
  Time since last request: 0.000027 seconds.
  path: Assets/Ultimate Sound FX Bundle/Survival Sounds Pro/Blacksmith hitting hammer/Blacksmith hitting hammer 2.wav
  artifactKey: Guid(a3654eaeda46b264888b9d54f28c9d16) Importer(815301076,1909f56bfc062723c751e8b465ee728b)
Start importing Assets/Ultimate Sound FX Bundle/Survival Sounds Pro/Blacksmith hitting hammer/Blacksmith hitting hammer 2.wav using Guid(a3654eaeda46b264888b9d54f28c9d16) Importer(815301076,1909f56bfc062723c751e8b465ee728b)  -> (artifact id: '45691f48ab72faadf02e99a2293132b3') in 0.019504 seconds 
========================================================================
Received Import Request.
  Time since last request: 0.000028 seconds.
  path: Assets/Bow and Hammer Sound Effects/Hammer/HammerFlesh4.wav
  artifactKey: Guid(d4bebb49f2606a84ab636a6ffc5d3379) Importer(815301076,1909f56bfc062723c751e8b465ee728b)
Start importing Assets/Bow and Hammer Sound Effects/Hammer/HammerFlesh4.wav using Guid(d4bebb49f2606a84ab636a6ffc5d3379) Importer(815301076,1909f56bfc062723c751e8b465ee728b)  -> (artifact id: 'bf8f87f9160d5e9274296e904dc15dc9') in 0.020299 seconds 
========================================================================
Received Import Request.
  Time since last request: 0.000041 seconds.
  path: Assets/Ultimate Sound FX Bundle/Survival Sounds Pro/Blacksmith hitting hammer/Blacksmith hitting hammer 9.wav
  artifactKey: Guid(bf94920fbd3eac04a997e83842b537b9) Importer(815301076,1909f56bfc062723c751e8b465ee728b)
Start importing Assets/Ultimate Sound FX Bundle/Survival Sounds Pro/Blacksmith hitting hammer/Blacksmith hitting hammer 9.wav using Guid(bf94920fbd3eac04a997e83842b537b9) Importer(815301076,1909f56bfc062723c751e8b465ee728b)  -> (artifact id: 'b40abb66bcc284de97a171cadb0470e7') in 0.018092 seconds 
========================================================================
Received Import Request.
  Time since last request: 0.000036 seconds.
  path: Assets/Ultimate SFX Bundle - HD Remaster/Survival Sound Kit - HD Remake/Blacksmith hitting hammer 11.wav
  artifactKey: Guid(329950b754d67ad44bf1913940542884) Importer(815301076,1909f56bfc062723c751e8b465ee728b)
Start importing Assets/Ultimate SFX Bundle - HD Remaster/Survival Sound Kit - HD Remake/Blacksmith hitting hammer 11.wav using Guid(329950b754d67ad44bf1913940542884) Importer(815301076,1909f56bfc062723c751e8b465ee728b)  -> (artifact id: '599081282b649ffb30177f2c5d4bcc0a') in 0.019137 seconds 
========================================================================
Received Import Request.
  Time since last request: 0.000024 seconds.
  path: Assets/Ultimate Sound FX Bundle/Survival Sounds Pro/Blacksmith hitting hammer/Blacksmith hitting hammer 4.wav
  artifactKey: Guid(21d5632d030d1c140bc356fc8a4e28ef) Importer(815301076,1909f56bfc062723c751e8b465ee728b)
Start importing Assets/Ultimate Sound FX Bundle/Survival Sounds Pro/Blacksmith hitting hammer/Blacksmith hitting hammer 4.wav using Guid(21d5632d030d1c140bc356fc8a4e28ef) Importer(815301076,1909f56bfc062723c751e8b465ee728b)  -> (artifact id: '5b63d835671fba05f66c69dff615cef9') in 0.017383 seconds 
========================================================================
Received Import Request.
  Time since last request: 0.000032 seconds.
  path: Assets/Ultimate SFX Bundle - HD Remaster/Survival Sound Kit - HD Remake/Blacksmith hitting hammer 7.wav
  artifactKey: Guid(498f906ff0111d241b37f9dc40420023) Importer(815301076,1909f56bfc062723c751e8b465ee728b)
Start importing Assets/Ultimate SFX Bundle - HD Remaster/Survival Sound Kit - HD Remake/Blacksmith hitting hammer 7.wav using Guid(498f906ff0111d241b37f9dc40420023) Importer(815301076,1909f56bfc062723c751e8b465ee728b)  -> (artifact id: 'af3282cc73448a64dbeaf2ec1178331f') in 0.017829 seconds 
========================================================================
Received Import Request.
  Time since last request: 0.000028 seconds.
  path: Assets/Bow and Hammer Sound Effects/Hammer/HammerFlesh2.wav
  artifactKey: Guid(22eab4df0bfb76b439118c30d20e43b9) Importer(815301076,1909f56bfc062723c751e8b465ee728b)
Start importing Assets/Bow and Hammer Sound Effects/Hammer/HammerFlesh2.wav using Guid(22eab4df0bfb76b439118c30d20e43b9) Importer(815301076,1909f56bfc062723c751e8b465ee728b)  -> (artifact id: '45151a17516be859bb4156c28543ea90') in 0.019072 seconds 
========================================================================
Received Import Request.
  Time since last request: 0.000028 seconds.
  path: Assets/SineVFX/TopDownEffects/Resources/Meshes/ForVFX/EmitterMeshHammer_01.fbx
  artifactKey: Guid(c6f549b32d9f90c4cb34d053e30ffd08) Importer(815301076,1909f56bfc062723c751e8b465ee728b)
Start importing Assets/SineVFX/TopDownEffects/Resources/Meshes/ForVFX/EmitterMeshHammer_01.fbx using Guid(c6f549b32d9f90c4cb34d053e30ffd08) Importer(815301076,1909f56bfc062723c751e8b465ee728b)  -> (artifact id: 'b0ef43c3c928cbe4f8504c54b3ed956e') in 0.048838 seconds 
========================================================================
Received Import Request.
  Time since last request: 0.000022 seconds.
  path: Assets/Ultimate Sound FX Bundle/Ultimate Retro Sounds/Hammer Impact - 10/Hammer Impact 10.wav
  artifactKey: Guid(029899e52559ae246b0fd0dbac888586) Importer(815301076,1909f56bfc062723c751e8b465ee728b)
Start importing Assets/Ultimate Sound FX Bundle/Ultimate Retro Sounds/Hammer Impact - 10/Hammer Impact 10.wav using Guid(029899e52559ae246b0fd0dbac888586) Importer(815301076,1909f56bfc062723c751e8b465ee728b)  -> (artifact id: '0000768997d33811e4e8b36848195e71') in 0.026197 seconds 
========================================================================
Received Import Request.
  Time since last request: 0.000028 seconds.
  path: Assets/Ultimate Sound FX Bundle/Survival Sounds Pro/Blacksmith hitting hammer/Blacksmith hitting hammer 6.wav
  artifactKey: Guid(0912909456ee9bc4fac5a3cec0191728) Importer(815301076,1909f56bfc062723c751e8b465ee728b)
Start importing Assets/Ultimate Sound FX Bundle/Survival Sounds Pro/Blacksmith hitting hammer/Blacksmith hitting hammer 6.wav using Guid(0912909456ee9bc4fac5a3cec0191728) Importer(815301076,1909f56bfc062723c751e8b465ee728b)  -> (artifact id: '89e96f75d151de1eb97b84e108ce98b5') in 0.019960 seconds 
========================================================================
Received Import Request.
  Time since last request: 1.353824 seconds.
  path: Assets/CorgiEngine/ThirdParty/MoreMountains/MMTools/Tools/MMEvents/MMEventManager.cs
  artifactKey: Guid(7e05480e454f546b4b1780169ecf2d6c) Importer(815301076,1909f56bfc062723c751e8b465ee728b)
Start importing Assets/CorgiEngine/ThirdParty/MoreMountains/MMTools/Tools/MMEvents/MMEventManager.cs using Guid(7e05480e454f546b4b1780169ecf2d6c) Importer(815301076,1909f56bfc062723c751e8b465ee728b)  -> (artifact id: 'f57bb373c331ff82a064759e7489b751') in 0.005681 seconds 
========================================================================
Received Import Request.
  Time since last request: 1.644387 seconds.
  path: Assets/CorgiEngine/ThirdParty/MoreMountains/MMTools/Tools/MMEvents
  artifactKey: Guid(a5b52e5517a383e4788af5831d5ed367) Importer(815301076,1909f56bfc062723c751e8b465ee728b)
Start importing Assets/CorgiEngine/ThirdParty/MoreMountains/MMTools/Tools/MMEvents using Guid(a5b52e5517a383e4788af5831d5ed367) Importer(815301076,1909f56bfc062723c751e8b465ee728b)  -> (artifact id: 'c08b94056a8d262c802d09718e359bb3') in 0.005386 seconds 
========================================================================
Received Import Request.
  Time since last request: 3.748348 seconds.
  path: Assets/CorgiEngine/ThirdParty/MoreMountains/MMTools/Tools/MMEvents/MMGameEventListener.cs
  artifactKey: Guid(5d32468fc4b09b2409873fc687f0e04d) Importer(815301076,1909f56bfc062723c751e8b465ee728b)
Start importing Assets/CorgiEngine/ThirdParty/MoreMountains/MMTools/Tools/MMEvents/MMGameEventListener.cs using Guid(5d32468fc4b09b2409873fc687f0e04d) Importer(815301076,1909f56bfc062723c751e8b465ee728b)  -> (artifact id: 'cac3d53e3420b17ce99b1cfafe7119de') in 0.006568 seconds 
========================================================================
Received Import Request.
  Time since last request: 5.822901 seconds.
  path: Assets/CorgiEngine/ThirdParty/MoreMountains/MMTools/Demos
  artifactKey: Guid(7b7e2fa08c8e2c94a8a21074911ce87e) Importer(815301076,1909f56bfc062723c751e8b465ee728b)
Start importing Assets/CorgiEngine/ThirdParty/MoreMountains/MMTools/Demos using Guid(7b7e2fa08c8e2c94a8a21074911ce87e) Importer(815301076,1909f56bfc062723c751e8b465ee728b)  -> (artifact id: '561fdf611c2db5f60e8c8e242a13e759') in 0.006281 seconds 
========================================================================
Received Import Request.
  Time since last request: 0.062586 seconds.
  path: Assets/CorgiEngine/ThirdParty/MoreMountains/MMTools/Demos/MoreMountains.Tools.Demos.asmref
  artifactKey: Guid(ef404fbee21d25c43828c6a39015f168) Importer(815301076,1909f56bfc062723c751e8b465ee728b)
Start importing Assets/CorgiEngine/ThirdParty/MoreMountains/MMTools/Demos/MoreMountains.Tools.Demos.asmref using Guid(ef404fbee21d25c43828c6a39015f168) Importer(815301076,1909f56bfc062723c751e8b465ee728b)  -> (artifact id: '137569fcdd3d940c2ff787721322a1c8') in 0.006078 seconds 
========================================================================
Received Import Request.
  Time since last request: 4.453979 seconds.
  path: Assets/CorgiEngine/ThirdParty/MoreMountains/MMTools/Demos/MMBezierLineRenderer
  artifactKey: Guid(6034eb5ae1f63d046938e73a7a17d066) Importer(815301076,1909f56bfc062723c751e8b465ee728b)
Start importing Assets/CorgiEngine/ThirdParty/MoreMountains/MMTools/Demos/MMBezierLineRenderer using Guid(6034eb5ae1f63d046938e73a7a17d066) Importer(815301076,1909f56bfc062723c751e8b465ee728b)  -> (artifact id: '28bc80818875f27833c471cdba7dfd24') in 0.006078 seconds 
========================================================================
Received Import Request.
  Time since last request: 1.564120 seconds.
  path: Assets/CorgiEngine/ThirdParty/MoreMountains/MMTools/Demos/MMControls
  artifactKey: Guid(8ec460670d074b042acdefbeab9d9496) Importer(815301076,1909f56bfc062723c751e8b465ee728b)
Start importing Assets/CorgiEngine/ThirdParty/MoreMountains/MMTools/Demos/MMControls using Guid(8ec460670d074b042acdefbeab9d9496) Importer(815301076,1909f56bfc062723c751e8b465ee728b)  -> (artifact id: '3c13d43a12768f7c4c8efe4878d86e3c') in 0.005302 seconds 
========================================================================
Received Import Request.
  Time since last request: 1.529436 seconds.
  path: Assets/CorgiEngine/ThirdParty/MoreMountains/MMTools/Demos/MMDebugMenu
  artifactKey: Guid(0baff3febb58e3741bd19e1551098049) Importer(815301076,1909f56bfc062723c751e8b465ee728b)
Start importing Assets/CorgiEngine/ThirdParty/MoreMountains/MMTools/Demos/MMDebugMenu using Guid(0baff3febb58e3741bd19e1551098049) Importer(815301076,1909f56bfc062723c751e8b465ee728b)  -> (artifact id: '0a0819c04e8d8fbbf970bd6fdc6ba531') in 0.006281 seconds 
========================================================================
Received Import Request.
  Time since last request: 0.852791 seconds.
  path: Assets/CorgiEngine/ThirdParty/MoreMountains/MMTools/Demos/MMFollowTarget
  artifactKey: Guid(3a0419c472de94847b4fd0762bd56ad2) Importer(815301076,1909f56bfc062723c751e8b465ee728b)
Start importing Assets/CorgiEngine/ThirdParty/MoreMountains/MMTools/Demos/MMFollowTarget using Guid(3a0419c472de94847b4fd0762bd56ad2) Importer(815301076,1909f56bfc062723c751e8b465ee728b)  -> (artifact id: '8e7e45a4603fcf61ebfb530ed09d470a') in 0.005752 seconds 
========================================================================
Received Import Request.
  Time since last request: 1.424970 seconds.
  path: Assets/CorgiEngine/ThirdParty/MoreMountains/MMTools/Demos/MMGhostCamera
  artifactKey: Guid(0845783f7e11d3b4484a65b814477fdd) Importer(815301076,1909f56bfc062723c751e8b465ee728b)
Start importing Assets/CorgiEngine/ThirdParty/MoreMountains/MMTools/Demos/MMGhostCamera using Guid(0845783f7e11d3b4484a65b814477fdd) Importer(815301076,1909f56bfc062723c751e8b465ee728b)  -> (artifact id: '37b65d268cfb6421cc3cf1314656fbd9') in 0.006615 seconds 
========================================================================
Received Import Request.
  Time since last request: 1.361398 seconds.
  path: Assets/CorgiEngine/ThirdParty/MoreMountains/MMTools/Demos/MMGizmos
  artifactKey: Guid(6ad59ffca7f359f45a1e5d48d9d26fe8) Importer(815301076,1909f56bfc062723c751e8b465ee728b)
Start importing Assets/CorgiEngine/ThirdParty/MoreMountains/MMTools/Demos/MMGizmos using Guid(6ad59ffca7f359f45a1e5d48d9d26fe8) Importer(815301076,1909f56bfc062723c751e8b465ee728b)  -> (artifact id: '70ec003afc1278608f4d4c6f644c59bf') in 0.006046 seconds 
========================================================================
Received Import Request.
  Time since last request: 1.123211 seconds.
  path: Assets/CorgiEngine/ThirdParty/MoreMountains/MMTools/Demos/MMObservable
  artifactKey: Guid(715d668b8cdd7f64783ce63df1a9c0ed) Importer(815301076,1909f56bfc062723c751e8b465ee728b)
Start importing Assets/CorgiEngine/ThirdParty/MoreMountains/MMTools/Demos/MMObservable using Guid(715d668b8cdd7f64783ce63df1a9c0ed) Importer(815301076,1909f56bfc062723c751e8b465ee728b)  -> (artifact id: '5e27bd8f82749e92ae136378c9a56cee') in 0.006307 seconds 
========================================================================
Received Import Request.
  Time since last request: 2.646812 seconds.
  path: Assets/CorgiEngine/ThirdParty/MoreMountains/MMTools/Demos/MMPrototypeTextures
  artifactKey: Guid(3910464add5d075419afad9dc9ebca63) Importer(815301076,1909f56bfc062723c751e8b465ee728b)
Start importing Assets/CorgiEngine/ThirdParty/MoreMountains/MMTools/Demos/MMPrototypeTextures using Guid(3910464add5d075419afad9dc9ebca63) Importer(815301076,1909f56bfc062723c751e8b465ee728b)  -> (artifact id: '10f73983fef91fb26ee91d7caafeb4c5') in 0.006583 seconds 
========================================================================
Received Import Request.
  Time since last request: 1.902248 seconds.
  path: Assets/CorgiEngine/ThirdParty/MoreMountains/MMTools/Demos/MMRadio
  artifactKey: Guid(33ddcd19696a7134eacda6bed9799dca) Importer(815301076,1909f56bfc062723c751e8b465ee728b)
Start importing Assets/CorgiEngine/ThirdParty/MoreMountains/MMTools/Demos/MMRadio using Guid(33ddcd19696a7134eacda6bed9799dca) Importer(815301076,1909f56bfc062723c751e8b465ee728b)  -> (artifact id: 'e98ce7803913c13c587529b3bf2aa3d2') in 0.005631 seconds 
========================================================================
Received Import Request.
  Time since last request: 1.029973 seconds.
  path: Assets/CorgiEngine/ThirdParty/MoreMountains/MMTools/Demos/MMSceneLoading
  artifactKey: Guid(849a138428a12d343a81627eb16c022d) Importer(815301076,1909f56bfc062723c751e8b465ee728b)
Start importing Assets/CorgiEngine/ThirdParty/MoreMountains/MMTools/Demos/MMSceneLoading using Guid(849a138428a12d343a81627eb16c022d) Importer(815301076,1909f56bfc062723c751e8b465ee728b)  -> (artifact id: 'c722f78a4a7d11d1df4f3e88f3e4eda6') in 0.006031 seconds 
========================================================================
Received Import Request.
  Time since last request: 2.072590 seconds.
  path: Assets/CorgiEngine/ThirdParty/MoreMountains/MMTools/Demos/MMTween
  artifactKey: Guid(e31c50c65e926134bbbf37c3d53724eb) Importer(815301076,1909f56bfc062723c751e8b465ee728b)
Start importing Assets/CorgiEngine/ThirdParty/MoreMountains/MMTools/Demos/MMTween using Guid(e31c50c65e926134bbbf37c3d53724eb) Importer(815301076,1909f56bfc062723c751e8b465ee728b)  -> (artifact id: '779c6f2f6c7bb8fec6114ec9e43a0114') in 0.005935 seconds 
========================================================================
Received Import Request.
  Time since last request: 6.168871 seconds.
  path: Assets/CorgiEngine/ThirdParty/MoreMountains/MMTools/Demos/MMObservable/MMObservableDemoSubject.cs
  artifactKey: Guid(e6fd774b01b4cbd4e8230b76b6eeda5c) Importer(815301076,1909f56bfc062723c751e8b465ee728b)
Start importing Assets/CorgiEngine/ThirdParty/MoreMountains/MMTools/Demos/MMObservable/MMObservableDemoSubject.cs using Guid(e6fd774b01b4cbd4e8230b76b6eeda5c) Importer(815301076,1909f56bfc062723c751e8b465ee728b)  -> (artifact id: '4de4dcdda804d072928c24329ee58fd6') in 0.006056 seconds 
========================================================================
Received Import Request.
  Time since last request: 3.135710 seconds.
  path: Assets/CorgiEngine/ThirdParty/MoreMountains/MMTools/Demos/MMObservable/MMObservableDemoObserverAutoSleep.cs
  artifactKey: Guid(a97d79031ec706140a9e04a5b21e82f7) Importer(815301076,1909f56bfc062723c751e8b465ee728b)
Start importing Assets/CorgiEngine/ThirdParty/MoreMountains/MMTools/Demos/MMObservable/MMObservableDemoObserverAutoSleep.cs using Guid(a97d79031ec706140a9e04a5b21e82f7) Importer(815301076,1909f56bfc062723c751e8b465ee728b)  -> (artifact id: '07254b6b3028976ff0d64ddaeacf82c1') in 0.006110 seconds 
========================================================================
Received Import Request.
  Time since last request: 6.207962 seconds.
  path: Assets/CorgiEngine/ThirdParty/MoreMountains/MMTools/Demos/MMObservable/MMObservableDemoObserver.cs
  artifactKey: Guid(7626ba85783411047a182b9352e58a60) Importer(815301076,1909f56bfc062723c751e8b465ee728b)
Start importing Assets/CorgiEngine/ThirdParty/MoreMountains/MMTools/Demos/MMObservable/MMObservableDemoObserver.cs using Guid(7626ba85783411047a182b9352e58a60) Importer(815301076,1909f56bfc062723c751e8b465ee728b)  -> (artifact id: 'b8c1a2d596fabefe80b9a9ff5803ad13') in 0.006862 seconds 
========================================================================
Received Import Request.
  Time since last request: 11.736313 seconds.
  path: Assets/CorgiEngine/ThirdParty/MoreMountains/MMInterface
  artifactKey: Guid(83203688d1adab2489e3eedad0858f34) Importer(815301076,1909f56bfc062723c751e8b465ee728b)
Start importing Assets/CorgiEngine/ThirdParty/MoreMountains/MMInterface using Guid(83203688d1adab2489e3eedad0858f34) Importer(815301076,1909f56bfc062723c751e8b465ee728b)  -> (artifact id: '3d462f3ddf8d6c74e9fb8f7b32c9e56c') in 0.007904 seconds 
========================================================================
Received Import Request.
  Time since last request: 1.182919 seconds.
  path: Assets/CorgiEngine/ThirdParty/MoreMountains/MMTools
  artifactKey: Guid(e16c5733e7ebc114e967386a4e313f66) Importer(815301076,1909f56bfc062723c751e8b465ee728b)
Start importing Assets/CorgiEngine/ThirdParty/MoreMountains/MMTools using Guid(e16c5733e7ebc114e967386a4e313f66) Importer(815301076,1909f56bfc062723c751e8b465ee728b)  -> (artifact id: 'a921a9c3d2a3dce06329bf8c61ae338e') in 0.006391 seconds 
========================================================================
Received Import Request.
  Time since last request: 0.817283 seconds.
  path: Assets/CorgiEngine/ThirdParty/MoreMountains/MMFeedbacks
  artifactKey: Guid(fdd094891ccc5444eaf436ba60bd2a07) Importer(815301076,1909f56bfc062723c751e8b465ee728b)
Start importing Assets/CorgiEngine/ThirdParty/MoreMountains/MMFeedbacks using Guid(fdd094891ccc5444eaf436ba60bd2a07) Importer(815301076,1909f56bfc062723c751e8b465ee728b)  -> (artifact id: '700be5fc91662f1ca6d02ed51b1dc17f') in 0.011706 seconds 
========================================================================
Received Import Request.
  Time since last request: 5812.186008 seconds.
  path: Assets/CorgiEngine/ThirdParty/MoreMountains/MMTools/Tools/MMEvents/EffectCondition.cs
  artifactKey: Guid(2bf6409fd0fdf48419c39b79dcc3cfc0) Importer(815301076,1909f56bfc062723c751e8b465ee728b)
Start importing Assets/CorgiEngine/ThirdParty/MoreMountains/MMTools/Tools/MMEvents/EffectCondition.cs using Guid(2bf6409fd0fdf48419c39b79dcc3cfc0) Importer(815301076,1909f56bfc062723c751e8b465ee728b)  -> (artifact id: '2000d0a52682f916a333e4e03e66b6c3') in 0.006858 seconds 
========================================================================
Received Import Request.
  Time since last request: 310.843887 seconds.
  path: Assets/testAsset/Effects/Script/EffectCondition.cs
  artifactKey: Guid(e848ab5655451a641bb960c709609dfa) Importer(815301076,1909f56bfc062723c751e8b465ee728b)
Start importing Assets/testAsset/Effects/Script/EffectCondition.cs using Guid(e848ab5655451a641bb960c709609dfa) Importer(815301076,1909f56bfc062723c751e8b465ee728b)  -> (artifact id: '41ea53c05e2b65826ee9c7ecdf93ab19') in 0.007868 seconds 
========================================================================
Received Import Request.
  Time since last request: 1458.361607 seconds.
  path: Assets/testAsset/Effects/Script/EffectCondition.cs
  artifactKey: Guid(e848ab5655451a641bb960c709609dfa) Importer(815301076,1909f56bfc062723c751e8b465ee728b)
Start importing Assets/testAsset/Effects/Script/EffectCondition.cs using Guid(e848ab5655451a641bb960c709609dfa) Importer(815301076,1909f56bfc062723c751e8b465ee728b)  -> (artifact id: '75b774937b54445dda7753944b7b9ebc') in 0.001835 seconds 
========================================================================
Received Import Request.
  Time since last request: 509.502478 seconds.
  path: Assets/testAsset/Effects/Script/EffectCondition.cs
  artifactKey: Guid(e848ab5655451a641bb960c709609dfa) Importer(815301076,1909f56bfc062723c751e8b465ee728b)
Start importing Assets/testAsset/Effects/Script/EffectCondition.cs using Guid(e848ab5655451a641bb960c709609dfa) Importer(815301076,1909f56bfc062723c751e8b465ee728b)  -> (artifact id: '86e216773747180e503487de50b1697f') in 0.002199 seconds 
========================================================================
Received Prepare
Registering precompiled user dll's ...
Registered in 0.013919 seconds.
