Using pre-set license
Built from '2021.3/staging' branch; Version is '2021.3.10f1 (1c7d0df0160b) revision 1867021'; Using compiler version '192829333'; Build Type 'Release'
OS: 'Windows 10  (10.0.19043) 64bit Professional' Language: 'ja' Physical Memory: 16222 MB
BatchMode: 1, IsHumanControllingUs: 0, StartBugReporterOnCrash: 0, Is64bit: 1, IsPro: 1

COMMAND LINE ARGUMENTS:
C:\Program Files\Unity\Hub\Editor\2021.3.10f1\Editor\Unity.exe
-adb2
-batchMode
-noUpm
-name
AssetImportWorker4
-projectPath
C:/Users/tatuk/Documents/SisterCave/Cave
-logFile
Logs/AssetImportWorker4.log
-srvPort
60134
Successfully changed project path to: C:/Users/tatuk/Documents/SisterCave/Cave
C:/Users/tatuk/Documents/SisterCave/Cave
[UnityMemory] Configuration Parameters - Can be set up in boot.config
    "memorysetup-bucket-allocator-granularity=16"
    "memorysetup-bucket-allocator-bucket-count=8"
    "memorysetup-bucket-allocator-block-size=33554432"
    "memorysetup-bucket-allocator-block-count=8"
    "memorysetup-main-allocator-block-size=16777216"
    "memorysetup-thread-allocator-block-size=16777216"
    "memorysetup-gfx-main-allocator-block-size=16777216"
    "memorysetup-gfx-thread-allocator-block-size=16777216"
    "memorysetup-cache-allocator-block-size=4194304"
    "memorysetup-typetree-allocator-block-size=2097152"
    "memorysetup-profiler-bucket-allocator-granularity=16"
    "memorysetup-profiler-bucket-allocator-bucket-count=8"
    "memorysetup-profiler-bucket-allocator-block-size=33554432"
    "memorysetup-profiler-bucket-allocator-block-count=8"
    "memorysetup-profiler-allocator-block-size=16777216"
    "memorysetup-profiler-editor-allocator-block-size=1048576"
    "memorysetup-temp-allocator-size-main=16777216"
    "memorysetup-job-temp-allocator-block-size=2097152"
    "memorysetup-job-temp-allocator-block-size-background=1048576"
    "memorysetup-job-temp-allocator-reduction-small-platforms=262144"
    "memorysetup-temp-allocator-size-background-worker=32768"
    "memorysetup-temp-allocator-size-job-worker=262144"
    "memorysetup-temp-allocator-size-preload-manager=33554432"
    "memorysetup-temp-allocator-size-nav-mesh-worker=65536"
    "memorysetup-temp-allocator-size-audio-worker=65536"
    "memorysetup-temp-allocator-size-cloud-worker=32768"
    "memorysetup-temp-allocator-size-gi-baking-worker=262144"
    "memorysetup-temp-allocator-size-gfx=262144"
Refreshing native plugins compatible for Editor in 682.62 ms, found 5 plugins.
Preloading 0 native plugins for Editor in 0.00 ms.
Initialize engine version: 2021.3.10f1 (1c7d0df0160b)
[Subsystems] Discovering subsystems at path C:/Program Files/Unity/Hub/Editor/2021.3.10f1/Editor/Data/Resources/UnitySubsystems
[Subsystems] Discovering subsystems at path C:/Users/tatuk/Documents/SisterCave/Cave/Assets
GfxDevice: creating device client; threaded=0; jobified=0
Direct3D:
    Version:  Direct3D 11.0 [level 11.1]
    Renderer: NVIDIA GeForce RTX 2070 Super (ID=0x1ed1)
    Vendor:   NVIDIA
    VRAM:     8012 MB
    Driver:   30.0.15.1278
Shader 'Custom/RainShader': fallback shader 'Particles/Alpha Blended' not found
Shader 'Ferr/2D Terrain/Pixel Lit/Lightmap Textured Vertex Color Transparent (8 lights|lightmap +0 light)': fallback shader 'Ferr/Lit Textured Vertex Color Transparent (4 lights|lightmap +1 light)' not found
Shader 'Ferr/2D Terrain/Pixel Lit/Lightmap Textured Vertex Color (8 lights|lightmap +0 light)': fallback shader 'Ferr/Lit Textured Vertex Color (4 lights|lightmap +1 light)' not found
Shader 'CartoonCoffee/Particle Basic': fallback shader '2' not found
Shader 'CartoonCoffee/Particle Additive': fallback shader '2' not found
Shader 'MoreMountains/MMRipple': fallback shader 'Particle/AlphaBlended' not found
Initialize mono
Mono path[0] = 'C:/Program Files/Unity/Hub/Editor/2021.3.10f1/Editor/Data/Managed'
Mono path[1] = 'C:/Program Files/Unity/Hub/Editor/2021.3.10f1/Editor/Data/MonoBleedingEdge/lib/mono/unityjit-win32'
Mono config path = 'C:/Program Files/Unity/Hub/Editor/2021.3.10f1/Editor/Data/MonoBleedingEdge/etc'
Using monoOptions --debugger-agent=transport=dt_socket,embedding=1,server=y,suspend=n,address=127.0.0.1:56844
Begin MonoManager ReloadAssembly
Registering precompiled unity dll's ...
Register platform support module: C:/Program Files/Unity/Hub/Editor/2021.3.10f1/Editor/Data/PlaybackEngines/WebGLSupport/UnityEditor.WebGL.Extensions.dll
Register platform support module: C:/Program Files/Unity/Hub/Editor/2021.3.10f1/Editor/Data/PlaybackEngines/WindowsStandaloneSupport/UnityEditor.WindowsStandalone.Extensions.dll
Register platform support module: C:/Program Files/Unity/Hub/Editor/2021.3.10f1/Editor/Data/PlaybackEngines/MetroSupport/UnityEditor.UWP.Extensions.dll
Registered in 0.007321 seconds.
Native extension for UWP target not found
Native extension for WindowsStandalone target not found
Native extension for WebGL target not found
Refreshing native plugins compatible for Editor in 512.81 ms, found 5 plugins.
Preloading 0 native plugins for Editor in 0.00 ms.
Mono: successfully reloaded assembly
- Completed reload, in  0.997 seconds
Domain Reload Profiling:
	ReloadAssembly (998ms)
		BeginReloadAssembly (62ms)
			ExecutionOrderSort (0ms)
			DisableScriptedObjects (0ms)
			BackupInstance (0ms)
			ReleaseScriptingObjects (0ms)
			CreateAndSetChildDomain (1ms)
		EndReloadAssembly (835ms)
			LoadAssemblies (59ms)
			RebuildTransferFunctionScriptingTraits (0ms)
			SetupTypeCache (93ms)
			ReleaseScriptCaches (0ms)
			RebuildScriptCaches (23ms)
			SetupLoadedEditorAssemblies (667ms)
				LogAssemblyErrors (0ms)
				InitializePlatformSupportModulesInManaged (9ms)
				SetLoadedEditorAssemblies (0ms)
				RefreshPlugins (513ms)
				BeforeProcessingInitializeOnLoad (1ms)
				ProcessInitializeOnLoadAttributes (106ms)
				ProcessInitializeOnLoadMethodAttributes (37ms)
				AfterProcessingInitializeOnLoad (0ms)
				EditorAssembliesLoaded (0ms)
			ExecutionOrderSort2 (0ms)
			AwakeInstancesAfterBackupRestoration (0ms)
Platform modules already initialized, skipping
Registering precompiled user dll's ...
Registered in 0.011702 seconds.
Begin MonoManager ReloadAssembly
Native extension for UWP target not found
Native extension for WindowsStandalone target not found
Native extension for WebGL target not found
Refreshing native plugins compatible for Editor in 563.74 ms, found 5 plugins.
Preloading 0 native plugins for Editor in 0.00 ms.
Mono: successfully reloaded assembly
- Completed reload, in  2.552 seconds
Domain Reload Profiling:
	ReloadAssembly (2553ms)
		BeginReloadAssembly (105ms)
			ExecutionOrderSort (0ms)
			DisableScriptedObjects (7ms)
			BackupInstance (0ms)
			ReleaseScriptingObjects (0ms)
			CreateAndSetChildDomain (18ms)
		EndReloadAssembly (2337ms)
			LoadAssemblies (96ms)
			RebuildTransferFunctionScriptingTraits (0ms)
			SetupTypeCache (388ms)
			ReleaseScriptCaches (2ms)
			RebuildScriptCaches (151ms)
			SetupLoadedEditorAssemblies (1642ms)
				LogAssemblyErrors (0ms)
				InitializePlatformSupportModulesInManaged (8ms)
				SetLoadedEditorAssemblies (0ms)
				RefreshPlugins (564ms)
				BeforeProcessingInitializeOnLoad (145ms)
				ProcessInitializeOnLoadAttributes (812ms)
				ProcessInitializeOnLoadMethodAttributes (106ms)
				AfterProcessingInitializeOnLoad (7ms)
				EditorAssembliesLoaded (0ms)
			ExecutionOrderSort2 (0ms)
			AwakeInstancesAfterBackupRestoration (4ms)
Platform modules already initialized, skipping
========================================================================
Worker process is ready to serve import requests
Shader 'Ferr/2D Terrain/Pixel Lit/Lightmap Textured Vertex Color Transparent (8 lights|lightmap +0 light)': fallback shader 'Ferr/Lit Textured Vertex Color Transparent (4 lights|lightmap +1 light)' not found
Shader 'Custom/RainShader': fallback shader 'Particles/Alpha Blended' not found
Shader 'CartoonCoffee/Particle Additive': fallback shader '2' not found
Shader 'CartoonCoffee/Particle Basic': fallback shader '2' not found
Shader 'MoreMountains/MMRipple': fallback shader 'Particle/AlphaBlended' not found
Shader 'Ferr/2D Terrain/Pixel Lit/Lightmap Textured Vertex Color (8 lights|lightmap +0 light)': fallback shader 'Ferr/Lit Textured Vertex Color (4 lights|lightmap +1 light)' not found
Launched and connected shader compiler UnityShaderCompiler.exe after 0.03 seconds
Refreshing native plugins compatible for Editor in 4.98 ms, found 5 plugins.
Preloading 0 native plugins for Editor in 0.00 ms.
Unloading 9265 Unused Serialized files (Serialized files now loaded: 0)
Unloading 142 unused Assets / (8.2 MB). Loaded Objects now: 9759.
Memory consumption went from 0.63 GB to 0.62 GB.
Total: 7.562600 ms (FindLiveObjects: 0.746300 ms CreateObjectMapping: 0.878200 ms MarkObjects: 4.207200 ms  DeleteObjects: 1.730200 ms)

AssetImportParameters requested are different than current active one (requested -> active):
  custom:video-decoder-ogg-theora: a1e56fd34408186e4bbccfd4996cb3dc -> 
  custom:container-muxer-webm: aa71ff27fc2769a1b78a27578f13a17b -> 
  custom:container-demuxer-webm: 4f35f7cbe854078d1ac9338744f61a02 -> 
  custom:video-encoder-webm-vp8: eb34c28f22e8b96e1ab97ce403110664 -> 
  custom:video-codec-MediaFoundation-h265: 746d11721c4dcdbdad8f713fa42b33f4 -> 
  custom:audio-encoder-webm-vorbis: bf7c407c2cedff20999df2af8eb42d56 -> 
  custom:framework-win-MediaFoundation: 216162199b28c13a410421893ffa2e32 -> 
  custom:container-demuxer-ogg: 62fdf1f143b41e24485cea50d1cbac27 -> 
  custom:video-decoder-webm-vp8: 9c59270c3fd7afecdb556c50c9e8de78 -> 
  custom:audio-decoder-ogg-vorbis: bf7c407c2cedff20999df2af8eb42d56 -> 
========================================================================
Received Import Request.
  Time since last request: 469966.091128 seconds.
  path: Assets/AllIn1SpriteShader/Textures/white.png
  artifactKey: Guid(839adabbc5de26041bac66450214a831) Importer(815301076,1909f56bfc062723c751e8b465ee728b)
Start importing Assets/AllIn1SpriteShader/Textures/white.png using Guid(839adabbc5de26041bac66450214a831) Importer(815301076,1909f56bfc062723c751e8b465ee728b)  -> (artifact id: '8cd9e1be5597acb29be2e7047a183ffa') in 0.155532 seconds 
========================================================================
Received Prepare
Registering precompiled user dll's ...
Registered in 0.040895 seconds.
Begin MonoManager ReloadAssembly
Native extension for UWP target not found
Native extension for WindowsStandalone target not found
Native extension for WebGL target not found
Refreshing native plugins compatible for Editor in 6.18 ms, found 5 plugins.
Preloading 0 native plugins for Editor in 0.00 ms.
Mono: successfully reloaded assembly
- Completed reload, in  2.156 seconds
Domain Reload Profiling:
	ReloadAssembly (2157ms)
		BeginReloadAssembly (150ms)
			ExecutionOrderSort (0ms)
			DisableScriptedObjects (9ms)
			BackupInstance (0ms)
			ReleaseScriptingObjects (1ms)
			CreateAndSetChildDomain (54ms)
		EndReloadAssembly (1905ms)
			LoadAssemblies (104ms)
			RebuildTransferFunctionScriptingTraits (0ms)
			SetupTypeCache (393ms)
			ReleaseScriptCaches (6ms)
			RebuildScriptCaches (172ms)
			SetupLoadedEditorAssemblies (1113ms)
				LogAssemblyErrors (0ms)
				InitializePlatformSupportModulesInManaged (16ms)
				SetLoadedEditorAssemblies (1ms)
				RefreshPlugins (6ms)
				BeforeProcessingInitializeOnLoad (173ms)
				ProcessInitializeOnLoadAttributes (792ms)
				ProcessInitializeOnLoadMethodAttributes (118ms)
				AfterProcessingInitializeOnLoad (7ms)
				EditorAssembliesLoaded (0ms)
			ExecutionOrderSort2 (0ms)
			AwakeInstancesAfterBackupRestoration (41ms)
Platform modules already initialized, skipping
Shader 'Ferr/2D Terrain/Pixel Lit/Lightmap Textured Vertex Color Transparent (8 lights|lightmap +0 light)': fallback shader 'Ferr/Lit Textured Vertex Color Transparent (4 lights|lightmap +1 light)' not found
Shader 'Custom/RainShader': fallback shader 'Particles/Alpha Blended' not found
Shader 'CartoonCoffee/Particle Additive': fallback shader '2' not found
Shader 'CartoonCoffee/Particle Basic': fallback shader '2' not found
Shader 'MoreMountains/MMRipple': fallback shader 'Particle/AlphaBlended' not found
Shader 'Ferr/2D Terrain/Pixel Lit/Lightmap Textured Vertex Color (8 lights|lightmap +0 light)': fallback shader 'Ferr/Lit Textured Vertex Color (4 lights|lightmap +1 light)' not found
Refreshing native plugins compatible for Editor in 9.95 ms, found 5 plugins.
Preloading 0 native plugins for Editor in 0.00 ms.
Unloading 8804 Unused Serialized files (Serialized files now loaded: 0)
Unloading 118 unused Assets / (8.2 MB). Loaded Objects now: 9772.
Memory consumption went from 0.61 GB to 0.60 GB.
Total: 6.925200 ms (FindLiveObjects: 0.644300 ms CreateObjectMapping: 0.525500 ms MarkObjects: 3.991800 ms  DeleteObjects: 1.762900 ms)

AssetImportParameters requested are different than current active one (requested -> active):
  custom:video-decoder-ogg-theora: a1e56fd34408186e4bbccfd4996cb3dc -> 
  custom:container-muxer-webm: aa71ff27fc2769a1b78a27578f13a17b -> 
  custom:container-demuxer-webm: 4f35f7cbe854078d1ac9338744f61a02 -> 
  custom:video-encoder-webm-vp8: eb34c28f22e8b96e1ab97ce403110664 -> 
  custom:video-codec-MediaFoundation-h265: 746d11721c4dcdbdad8f713fa42b33f4 -> 
  custom:audio-encoder-webm-vorbis: bf7c407c2cedff20999df2af8eb42d56 -> 
  custom:framework-win-MediaFoundation: 216162199b28c13a410421893ffa2e32 -> 
  custom:container-demuxer-ogg: 62fdf1f143b41e24485cea50d1cbac27 -> 
  custom:video-decoder-webm-vp8: 9c59270c3fd7afecdb556c50c9e8de78 -> 
  custom:audio-decoder-ogg-vorbis: bf7c407c2cedff20999df2af8eb42d56 -> 
========================================================================
Received Import Request.
  Time since last request: 149.906777 seconds.
  path: Assets/testAsset/Enemy/EnemyPrefab/Fly/Porter.prefab
  artifactKey: Guid(dea6be2b28f522147a7a84546d290f91) Importer(815301076,1909f56bfc062723c751e8b465ee728b)
Start importing Assets/testAsset/Enemy/EnemyPrefab/Fly/Porter.prefab using Guid(dea6be2b28f522147a7a84546d290f91) Importer(815301076,1909f56bfc062723c751e8b465ee728b)  -> (artifact id: 'daa42a37747c8bd5d7bafcec0b05ee27') in 0.314943 seconds 
========================================================================
Received Import Request.
  Time since last request: 1.222043 seconds.
  path: Assets/testAsset/Enemy/EnemyPrefab/Fly/Porter.prefab
  artifactKey: Guid(dea6be2b28f522147a7a84546d290f91) Importer(815301076,1909f56bfc062723c751e8b465ee728b)
Start importing Assets/testAsset/Enemy/EnemyPrefab/Fly/Porter.prefab using Guid(dea6be2b28f522147a7a84546d290f91) Importer(815301076,1909f56bfc062723c751e8b465ee728b)  -> (artifact id: '9e60af7bf9795931ecbf37dd2a836637') in 0.041233 seconds 
========================================================================
Received Import Request.
  Time since last request: 20.421619 seconds.
  path: Assets/testAsset/Enemy/EnemyPrefab/Fly/Porter.prefab
  artifactKey: Guid(dea6be2b28f522147a7a84546d290f91) Importer(815301076,1909f56bfc062723c751e8b465ee728b)
Start importing Assets/testAsset/Enemy/EnemyPrefab/Fly/Porter.prefab using Guid(dea6be2b28f522147a7a84546d290f91) Importer(815301076,1909f56bfc062723c751e8b465ee728b)  -> (artifact id: 'd45114be61e6de9a829ec1455910b539') in 0.041806 seconds 
========================================================================
Received Import Request.
  Time since last request: 34.086428 seconds.
  path: Assets/AllIn1SpriteShader/2DRenderer_URP/PipelineSetup/AllIn12DRenderer.asset
  artifactKey: Guid(bb4305d8e284ab94abb0fc3478415e62) Importer(815301076,1909f56bfc062723c751e8b465ee728b)
Start importing Assets/AllIn1SpriteShader/2DRenderer_URP/PipelineSetup/AllIn12DRenderer.asset using Guid(bb4305d8e284ab94abb0fc3478415e62) Importer(815301076,1909f56bfc062723c751e8b465ee728b)  -> (artifact id: '97946ae09178fbc0285fec89b67b09b0') in 0.005316 seconds 
========================================================================
Received Import Request.
  Time since last request: 6.176849 seconds.
  path: Assets/AllIn1SpriteShader/2DRenderer_URP
  artifactKey: Guid(4295661e46f29f54ca948b7f32d459dd) Importer(815301076,1909f56bfc062723c751e8b465ee728b)
Start importing Assets/AllIn1SpriteShader/2DRenderer_URP using Guid(4295661e46f29f54ca948b7f32d459dd) Importer(815301076,1909f56bfc062723c751e8b465ee728b)  -> (artifact id: '9f4635c26aa1cd2bc7c6d561f56b4336') in 0.009045 seconds 
========================================================================
Received Import Request.
  Time since last request: 5.687678 seconds.
  path: Assets/AllIn1SpriteShader/Documentation.pdf
  artifactKey: Guid(593198a96eec1d74c8549e7b54168503) Importer(815301076,1909f56bfc062723c751e8b465ee728b)
Start importing Assets/AllIn1SpriteShader/Documentation.pdf using Guid(593198a96eec1d74c8549e7b54168503) Importer(815301076,1909f56bfc062723c751e8b465ee728b)  -> (artifact id: '79b2500e17bcf9f4defe6eaf704a5380') in 0.012824 seconds 
========================================================================
Received Import Request.
  Time since last request: 264.191924 seconds.
  path: Assets/testAsset/Map/Lighting/Advance.asset
  artifactKey: Guid(8eb7b89a86e8b474696f0ab322e893aa) Importer(815301076,1909f56bfc062723c751e8b465ee728b)
Start importing Assets/testAsset/Map/Lighting/Advance.asset using Guid(8eb7b89a86e8b474696f0ab322e893aa) Importer(815301076,1909f56bfc062723c751e8b465ee728b)  -> (artifact id: '7826f6db4efcf2002d90899b8dc83598') in 0.012923 seconds 
========================================================================
Received Import Request.
  Time since last request: 0.000024 seconds.
  path: Assets/testAsset/Map/Lighting/DayStage.asset
  artifactKey: Guid(b9695ec666ab5624eaa22319d38152d1) Importer(815301076,1909f56bfc062723c751e8b465ee728b)
Start importing Assets/testAsset/Map/Lighting/DayStage.asset using Guid(b9695ec666ab5624eaa22319d38152d1) Importer(815301076,1909f56bfc062723c751e8b465ee728b)  -> (artifact id: 'd3e1c719fc907f3dadf885dbd36eeb42') in 0.013557 seconds 
========================================================================
Received Import Request.
  Time since last request: 0.000038 seconds.
  path: Assets/testAsset/Map/Lighting/URP_Renderer.asset
  artifactKey: Guid(5173d9fb6cbb7794bb1fd3736b159891) Importer(815301076,1909f56bfc062723c751e8b465ee728b)
Start importing Assets/testAsset/Map/Lighting/URP_Renderer.asset using Guid(5173d9fb6cbb7794bb1fd3736b159891) Importer(815301076,1909f56bfc062723c751e8b465ee728b)  -> (artifact id: '4e778baf4b96a1ec1c089579764e09bd') in 0.014747 seconds 
========================================================================
Received Import Request.
  Time since last request: 0.000039 seconds.
  path: Assets/testAsset/Map/Lighting/URP.asset
  artifactKey: Guid(faac5834cb89e1c419bfb218bb7db0cf) Importer(815301076,1909f56bfc062723c751e8b465ee728b)
Start importing Assets/testAsset/Map/Lighting/URP.asset using Guid(faac5834cb89e1c419bfb218bb7db0cf) Importer(815301076,1909f56bfc062723c751e8b465ee728b)  -> (artifact id: 'a5beb7df4cfa160ae0c9cec42c53e6b3') in 0.007837 seconds 
Editor requested this worker to shutdown with reason: Scaling down because of idle timeout
AssetImportWorker is now disconnected from the server
Process exiting
Exiting without the bug reporter. Application will terminate with return code 0