Using pre-set license
Built from '2021.3/staging' branch; Version is '2021.3.10f1 (1c7d0df0160b) revision 1867021'; Using compiler version '192829333'; Build Type 'Release'
OS: 'Windows 10  (10.0.19043) 64bit Professional' Language: 'ja' Physical Memory: 16222 MB
BatchMode: 1, IsHumanControllingUs: 0, StartBugReporterOnCrash: 0, Is64bit: 1, IsPro: 1

COMMAND LINE ARGUMENTS:
C:\Program Files\Unity\Hub\Editor\2021.3.10f1\Editor\Unity.exe
-adb2
-batchMode
-noUpm
-name
AssetImportWorker3
-projectPath
C:/Users/tatuk/Documents/SisterCave/Cave
-logFile
Logs/AssetImportWorker3.log
-srvPort
60134
Successfully changed project path to: C:/Users/tatuk/Documents/SisterCave/Cave
C:/Users/tatuk/Documents/SisterCave/Cave
[UnityMemory] Configuration Parameters - Can be set up in boot.config
    "memorysetup-bucket-allocator-granularity=16"
    "memorysetup-bucket-allocator-bucket-count=8"
    "memorysetup-bucket-allocator-block-size=33554432"
    "memorysetup-bucket-allocator-block-count=8"
    "memorysetup-main-allocator-block-size=16777216"
    "memorysetup-thread-allocator-block-size=16777216"
    "memorysetup-gfx-main-allocator-block-size=16777216"
    "memorysetup-gfx-thread-allocator-block-size=16777216"
    "memorysetup-cache-allocator-block-size=4194304"
    "memorysetup-typetree-allocator-block-size=2097152"
    "memorysetup-profiler-bucket-allocator-granularity=16"
    "memorysetup-profiler-bucket-allocator-bucket-count=8"
    "memorysetup-profiler-bucket-allocator-block-size=33554432"
    "memorysetup-profiler-bucket-allocator-block-count=8"
    "memorysetup-profiler-allocator-block-size=16777216"
    "memorysetup-profiler-editor-allocator-block-size=1048576"
    "memorysetup-temp-allocator-size-main=16777216"
    "memorysetup-job-temp-allocator-block-size=2097152"
    "memorysetup-job-temp-allocator-block-size-background=1048576"
    "memorysetup-job-temp-allocator-reduction-small-platforms=262144"
    "memorysetup-temp-allocator-size-background-worker=32768"
    "memorysetup-temp-allocator-size-job-worker=262144"
    "memorysetup-temp-allocator-size-preload-manager=33554432"
    "memorysetup-temp-allocator-size-nav-mesh-worker=65536"
    "memorysetup-temp-allocator-size-audio-worker=65536"
    "memorysetup-temp-allocator-size-cloud-worker=32768"
    "memorysetup-temp-allocator-size-gi-baking-worker=262144"
    "memorysetup-temp-allocator-size-gfx=262144"
Refreshing native plugins compatible for Editor in 608.46 ms, found 5 plugins.
Preloading 0 native plugins for Editor in 0.00 ms.
Initialize engine version: 2021.3.10f1 (1c7d0df0160b)
[Subsystems] Discovering subsystems at path C:/Program Files/Unity/Hub/Editor/2021.3.10f1/Editor/Data/Resources/UnitySubsystems
[Subsystems] Discovering subsystems at path C:/Users/tatuk/Documents/SisterCave/Cave/Assets
GfxDevice: creating device client; threaded=0; jobified=0
Direct3D:
    Version:  Direct3D 11.0 [level 11.1]
    Renderer: NVIDIA GeForce RTX 2070 Super (ID=0x1ed1)
    Vendor:   NVIDIA
    VRAM:     8012 MB
    Driver:   30.0.15.1278
Shader 'Custom/RainShader': fallback shader 'Particles/Alpha Blended' not found
Shader 'Ferr/2D Terrain/Pixel Lit/Lightmap Textured Vertex Color Transparent (8 lights|lightmap +0 light)': fallback shader 'Ferr/Lit Textured Vertex Color Transparent (4 lights|lightmap +1 light)' not found
Shader 'Ferr/2D Terrain/Pixel Lit/Lightmap Textured Vertex Color (8 lights|lightmap +0 light)': fallback shader 'Ferr/Lit Textured Vertex Color (4 lights|lightmap +1 light)' not found
Shader 'CartoonCoffee/Particle Basic': fallback shader '2' not found
Shader 'CartoonCoffee/Particle Additive': fallback shader '2' not found
Shader 'MoreMountains/MMRipple': fallback shader 'Particle/AlphaBlended' not found
Initialize mono
Mono path[0] = 'C:/Program Files/Unity/Hub/Editor/2021.3.10f1/Editor/Data/Managed'
Mono path[1] = 'C:/Program Files/Unity/Hub/Editor/2021.3.10f1/Editor/Data/MonoBleedingEdge/lib/mono/unityjit-win32'
Mono config path = 'C:/Program Files/Unity/Hub/Editor/2021.3.10f1/Editor/Data/MonoBleedingEdge/etc'
Using monoOptions --debugger-agent=transport=dt_socket,embedding=1,server=y,suspend=n,address=127.0.0.1:56472
Begin MonoManager ReloadAssembly
Registering precompiled unity dll's ...
Register platform support module: C:/Program Files/Unity/Hub/Editor/2021.3.10f1/Editor/Data/PlaybackEngines/WebGLSupport/UnityEditor.WebGL.Extensions.dll
Register platform support module: C:/Program Files/Unity/Hub/Editor/2021.3.10f1/Editor/Data/PlaybackEngines/WindowsStandaloneSupport/UnityEditor.WindowsStandalone.Extensions.dll
Register platform support module: C:/Program Files/Unity/Hub/Editor/2021.3.10f1/Editor/Data/PlaybackEngines/MetroSupport/UnityEditor.UWP.Extensions.dll
Registered in 0.007324 seconds.
Native extension for UWP target not found
Native extension for WindowsStandalone target not found
Native extension for WebGL target not found
Refreshing native plugins compatible for Editor in 710.33 ms, found 5 plugins.
Preloading 0 native plugins for Editor in 0.00 ms.
Mono: successfully reloaded assembly
- Completed reload, in  1.236 seconds
Domain Reload Profiling:
	ReloadAssembly (1237ms)
		BeginReloadAssembly (57ms)
			ExecutionOrderSort (0ms)
			DisableScriptedObjects (0ms)
			BackupInstance (0ms)
			ReleaseScriptingObjects (0ms)
			CreateAndSetChildDomain (1ms)
		EndReloadAssembly (1080ms)
			LoadAssemblies (56ms)
			RebuildTransferFunctionScriptingTraits (0ms)
			SetupTypeCache (94ms)
			ReleaseScriptCaches (0ms)
			RebuildScriptCaches (23ms)
			SetupLoadedEditorAssemblies (903ms)
				LogAssemblyErrors (0ms)
				InitializePlatformSupportModulesInManaged (10ms)
				SetLoadedEditorAssemblies (0ms)
				RefreshPlugins (710ms)
				BeforeProcessingInitializeOnLoad (2ms)
				ProcessInitializeOnLoadAttributes (126ms)
				ProcessInitializeOnLoadMethodAttributes (55ms)
				AfterProcessingInitializeOnLoad (0ms)
				EditorAssembliesLoaded (0ms)
			ExecutionOrderSort2 (0ms)
			AwakeInstancesAfterBackupRestoration (0ms)
Platform modules already initialized, skipping
Registering precompiled user dll's ...
Registered in 0.013368 seconds.
Begin MonoManager ReloadAssembly
Native extension for UWP target not found
Native extension for WindowsStandalone target not found
Native extension for WebGL target not found
Refreshing native plugins compatible for Editor in 552.52 ms, found 5 plugins.
Preloading 0 native plugins for Editor in 0.00 ms.
Mono: successfully reloaded assembly
- Completed reload, in  2.820 seconds
Domain Reload Profiling:
	ReloadAssembly (2821ms)
		BeginReloadAssembly (93ms)
			ExecutionOrderSort (0ms)
			DisableScriptedObjects (5ms)
			BackupInstance (0ms)
			ReleaseScriptingObjects (0ms)
			CreateAndSetChildDomain (16ms)
		EndReloadAssembly (2604ms)
			LoadAssemblies (195ms)
			RebuildTransferFunctionScriptingTraits (0ms)
			SetupTypeCache (454ms)
			ReleaseScriptCaches (1ms)
			RebuildScriptCaches (150ms)
			SetupLoadedEditorAssemblies (1732ms)
				LogAssemblyErrors (0ms)
				InitializePlatformSupportModulesInManaged (9ms)
				SetLoadedEditorAssemblies (0ms)
				RefreshPlugins (553ms)
				BeforeProcessingInitializeOnLoad (147ms)
				ProcessInitializeOnLoadAttributes (906ms)
				ProcessInitializeOnLoadMethodAttributes (109ms)
				AfterProcessingInitializeOnLoad (7ms)
				EditorAssembliesLoaded (0ms)
			ExecutionOrderSort2 (0ms)
			AwakeInstancesAfterBackupRestoration (4ms)
Platform modules already initialized, skipping
========================================================================
Worker process is ready to serve import requests
Shader 'Ferr/2D Terrain/Pixel Lit/Lightmap Textured Vertex Color Transparent (8 lights|lightmap +0 light)': fallback shader 'Ferr/Lit Textured Vertex Color Transparent (4 lights|lightmap +1 light)' not found
Shader 'Custom/RainShader': fallback shader 'Particles/Alpha Blended' not found
Shader 'CartoonCoffee/Particle Additive': fallback shader '2' not found
Shader 'CartoonCoffee/Particle Basic': fallback shader '2' not found
Shader 'MoreMountains/MMRipple': fallback shader 'Particle/AlphaBlended' not found
Shader 'Ferr/2D Terrain/Pixel Lit/Lightmap Textured Vertex Color (8 lights|lightmap +0 light)': fallback shader 'Ferr/Lit Textured Vertex Color (4 lights|lightmap +1 light)' not found
Launched and connected shader compiler UnityShaderCompiler.exe after 0.04 seconds
Refreshing native plugins compatible for Editor in 4.97 ms, found 5 plugins.
Preloading 0 native plugins for Editor in 0.00 ms.
Unloading 9265 Unused Serialized files (Serialized files now loaded: 0)
Unloading 142 unused Assets / (8.2 MB). Loaded Objects now: 9759.
Memory consumption went from 0.63 GB to 0.62 GB.
Total: 8.001200 ms (FindLiveObjects: 0.756400 ms CreateObjectMapping: 0.679100 ms MarkObjects: 4.615500 ms  DeleteObjects: 1.947000 ms)

AssetImportParameters requested are different than current active one (requested -> active):
  custom:video-decoder-ogg-theora: a1e56fd34408186e4bbccfd4996cb3dc -> 
  custom:container-muxer-webm: aa71ff27fc2769a1b78a27578f13a17b -> 
  custom:container-demuxer-webm: 4f35f7cbe854078d1ac9338744f61a02 -> 
  custom:video-encoder-webm-vp8: eb34c28f22e8b96e1ab97ce403110664 -> 
  custom:video-codec-MediaFoundation-h265: 746d11721c4dcdbdad8f713fa42b33f4 -> 
  custom:audio-encoder-webm-vorbis: bf7c407c2cedff20999df2af8eb42d56 -> 
  custom:framework-win-MediaFoundation: 216162199b28c13a410421893ffa2e32 -> 
  custom:container-demuxer-ogg: 62fdf1f143b41e24485cea50d1cbac27 -> 
  custom:video-decoder-webm-vp8: 9c59270c3fd7afecdb556c50c9e8de78 -> 
  custom:audio-decoder-ogg-vorbis: bf7c407c2cedff20999df2af8eb42d56 -> 
========================================================================
Received Import Request.
  Time since last request: 469930.699632 seconds.
  path: Assets/AllIn1SpriteShader/Demo/PostProcessProfiles/AllIn1PostProcessing.asset
  artifactKey: Guid(c12f806a2a3ae954ebb1771c65441e4c) Importer(815301076,1909f56bfc062723c751e8b465ee728b)
Start importing Assets/AllIn1SpriteShader/Demo/PostProcessProfiles/AllIn1PostProcessing.asset using Guid(c12f806a2a3ae954ebb1771c65441e4c) Importer(815301076,1909f56bfc062723c751e8b465ee728b)  -> (artifact id: 'b972c1f0c8fd9401cfab5a5ca4071365') in 0.071861 seconds 
========================================================================
Received Import Request.
  Time since last request: 0.000022 seconds.
  path: Assets/Ultimate Sound FX Bundle/Bullet Impacts & Flybys/Bullet Falling on Concrete/Bullet Falling on Concrete 7.wav
  artifactKey: Guid(f3ead2bcc96380f4a923d77fb9666701) Importer(815301076,1909f56bfc062723c751e8b465ee728b)
Start importing Assets/Ultimate Sound FX Bundle/Bullet Impacts & Flybys/Bullet Falling on Concrete/Bullet Falling on Concrete 7.wav using Guid(f3ead2bcc96380f4a923d77fb9666701) Importer(815301076,1909f56bfc062723c751e8b465ee728b)  -> (artifact id: '308ec5ddb079937fbec9b9d03352736c') in 0.133353 seconds 
========================================================================
Received Import Request.
  Time since last request: 0.000031 seconds.
  path: Assets/Ultimate SFX Bundle - HD Remaster/Bullet Impacts & Flybys/Bullet Falling on Earth_Dirt/Bullet Falling on Earth, Dirt 2.wav
  artifactKey: Guid(6264f24e1d5014448804c95e6ce8e30f) Importer(815301076,1909f56bfc062723c751e8b465ee728b)
Start importing Assets/Ultimate SFX Bundle - HD Remaster/Bullet Impacts & Flybys/Bullet Falling on Earth_Dirt/Bullet Falling on Earth, Dirt 2.wav using Guid(6264f24e1d5014448804c95e6ce8e30f) Importer(815301076,1909f56bfc062723c751e8b465ee728b)  -> (artifact id: 'ccbdc4f25011a9beffab4543ffe080b3') in 0.024152 seconds 
========================================================================
Received Import Request.
  Time since last request: 0.000040 seconds.
  path: Assets/Ultimate SFX Bundle - HD Remaster/Bullet Impacts & Flybys/Bullet Falling on Concrete/Bullet Falling on Concrete 3.wav
  artifactKey: Guid(621d2f40e423d5440ab4d06557020bfd) Importer(815301076,1909f56bfc062723c751e8b465ee728b)
Start importing Assets/Ultimate SFX Bundle - HD Remaster/Bullet Impacts & Flybys/Bullet Falling on Concrete/Bullet Falling on Concrete 3.wav using Guid(621d2f40e423d5440ab4d06557020bfd) Importer(815301076,1909f56bfc062723c751e8b465ee728b)  -> (artifact id: 'a0b265fc98ed48f0f9c3e9d291cc4a70') in 0.023937 seconds 
========================================================================
Received Import Request.
  Time since last request: 0.000022 seconds.
  path: Assets/Ultimate Sound FX Bundle/Bullet Impacts & Flybys/Bullet Falling on Concrete/Bullet Falling on Concrete 10.wav
  artifactKey: Guid(60b20671e41da6f4b97c7bbc975895ca) Importer(815301076,1909f56bfc062723c751e8b465ee728b)
Start importing Assets/Ultimate Sound FX Bundle/Bullet Impacts & Flybys/Bullet Falling on Concrete/Bullet Falling on Concrete 10.wav using Guid(60b20671e41da6f4b97c7bbc975895ca) Importer(815301076,1909f56bfc062723c751e8b465ee728b)  -> (artifact id: '2c485750d99ce5ab8645fc697562570c') in 0.021799 seconds 
========================================================================
Received Import Request.
  Time since last request: 0.000024 seconds.
  path: Assets/Ultimate SFX Bundle - HD Remaster/Bullet Impacts & Flybys/Bullet Falling on Concrete/Bullet Falling on Concrete 10.wav
  artifactKey: Guid(a975e1d5c2a7bc94f820433dd4e15a50) Importer(815301076,1909f56bfc062723c751e8b465ee728b)
Start importing Assets/Ultimate SFX Bundle - HD Remaster/Bullet Impacts & Flybys/Bullet Falling on Concrete/Bullet Falling on Concrete 10.wav using Guid(a975e1d5c2a7bc94f820433dd4e15a50) Importer(815301076,1909f56bfc062723c751e8b465ee728b)  -> (artifact id: '2c26d36556374288889087debfe08702') in 0.015898 seconds 
========================================================================
Received Import Request.
  Time since last request: 0.000019 seconds.
  path: Assets/Ultimate Sound FX Bundle/Bullet Impacts & Flybys/Bullet Falling on Earth_Dirt/Bullet Falling on Earth, Dirt 5.wav
  artifactKey: Guid(b573ea5677767954788eea728e2a5111) Importer(815301076,1909f56bfc062723c751e8b465ee728b)
Start importing Assets/Ultimate Sound FX Bundle/Bullet Impacts & Flybys/Bullet Falling on Earth_Dirt/Bullet Falling on Earth, Dirt 5.wav using Guid(b573ea5677767954788eea728e2a5111) Importer(815301076,1909f56bfc062723c751e8b465ee728b)  -> (artifact id: '76e5212215c2605a45d0d2f532ad8e1c') in 0.032178 seconds 
========================================================================
Received Import Request.
  Time since last request: 0.000030 seconds.
  path: Assets/Ultimate SFX Bundle - HD Remaster/Bullet Impacts & Flybys/Bullet Falling on Earth_Dirt/Bullet Falling on Earth, Dirt 3.wav
  artifactKey: Guid(c5cdec914181ad94daf59f75c5ede9fc) Importer(815301076,1909f56bfc062723c751e8b465ee728b)
Start importing Assets/Ultimate SFX Bundle - HD Remaster/Bullet Impacts & Flybys/Bullet Falling on Earth_Dirt/Bullet Falling on Earth, Dirt 3.wav using Guid(c5cdec914181ad94daf59f75c5ede9fc) Importer(815301076,1909f56bfc062723c751e8b465ee728b)  -> (artifact id: 'c365f54d6150c92de24fbf7a1a323959') in 0.024941 seconds 
========================================================================
Received Import Request.
  Time since last request: 0.000022 seconds.
  path: Assets/Ultimate SFX Bundle - HD Remaster/Bullet Impacts & Flybys/Bullet Falling on Concrete/Bullet Falling on Concrete 7.wav
  artifactKey: Guid(2d2da6940f8aa924ca2c29596bf970aa) Importer(815301076,1909f56bfc062723c751e8b465ee728b)
Start importing Assets/Ultimate SFX Bundle - HD Remaster/Bullet Impacts & Flybys/Bullet Falling on Concrete/Bullet Falling on Concrete 7.wav using Guid(2d2da6940f8aa924ca2c29596bf970aa) Importer(815301076,1909f56bfc062723c751e8b465ee728b)  -> (artifact id: '6f376760e315399570e937ad86a647ad') in 0.015089 seconds 
========================================================================
Received Import Request.
  Time since last request: 0.000034 seconds.
  path: Assets/Ultimate SFX Bundle - HD Remaster/Bullet Impacts & Flybys/Bullet Falling on Earth_Dirt/Bullet Falling on Earth, Dirt 5.wav
  artifactKey: Guid(81791280bce06ab4cb682e151de69d7a) Importer(815301076,1909f56bfc062723c751e8b465ee728b)
Start importing Assets/Ultimate SFX Bundle - HD Remaster/Bullet Impacts & Flybys/Bullet Falling on Earth_Dirt/Bullet Falling on Earth, Dirt 5.wav using Guid(81791280bce06ab4cb682e151de69d7a) Importer(815301076,1909f56bfc062723c751e8b465ee728b)  -> (artifact id: 'ed6162b0ffd7e9693b330dfbd880f3bf') in 0.017780 seconds 
========================================================================
Received Import Request.
  Time since last request: 0.000025 seconds.
  path: Assets/Ultimate SFX Bundle - HD Remaster/Bullet Impacts & Flybys/Bullet Falling on Concrete/Bullet Falling on Concrete 6.wav
  artifactKey: Guid(bec10ec5cd47f334996b9cc9c4516578) Importer(815301076,1909f56bfc062723c751e8b465ee728b)
Start importing Assets/Ultimate SFX Bundle - HD Remaster/Bullet Impacts & Flybys/Bullet Falling on Concrete/Bullet Falling on Concrete 6.wav using Guid(bec10ec5cd47f334996b9cc9c4516578) Importer(815301076,1909f56bfc062723c751e8b465ee728b)  -> (artifact id: '49399a94c1e39c227a25f0e5c5f825ad') in 0.019124 seconds 
========================================================================
Received Import Request.
  Time since last request: 0.000029 seconds.
  path: Assets/Ultimate Sound FX Bundle/Bullet Impacts & Flybys/Bullet Falling on Concrete/Bullet Falling on Concrete 4.wav
  artifactKey: Guid(90682a9316f70214ab64d4d234d44c37) Importer(815301076,1909f56bfc062723c751e8b465ee728b)
Start importing Assets/Ultimate Sound FX Bundle/Bullet Impacts & Flybys/Bullet Falling on Concrete/Bullet Falling on Concrete 4.wav using Guid(90682a9316f70214ab64d4d234d44c37) Importer(815301076,1909f56bfc062723c751e8b465ee728b)  -> (artifact id: '852b05b7788e17867b3d071da8e92f20') in 0.015492 seconds 
========================================================================
Received Import Request.
  Time since last request: 0.000023 seconds.
  path: Assets/Ultimate SFX Bundle - HD Remaster/Bullet Impacts & Flybys/Bullet Falling on Earth_Dirt/Bullet Falling on Earth, Dirt 1.wav
  artifactKey: Guid(f7442680e79df864581569276a509a31) Importer(815301076,1909f56bfc062723c751e8b465ee728b)
Start importing Assets/Ultimate SFX Bundle - HD Remaster/Bullet Impacts & Flybys/Bullet Falling on Earth_Dirt/Bullet Falling on Earth, Dirt 1.wav using Guid(f7442680e79df864581569276a509a31) Importer(815301076,1909f56bfc062723c751e8b465ee728b)  -> (artifact id: '1f13023586765d156e1c78683c7645e6') in 0.015887 seconds 
========================================================================
Received Import Request.
  Time since last request: 0.000023 seconds.
  path: Assets/Ultimate Sound FX Bundle/Bullet Impacts & Flybys/Bullet Falling on Concrete/Bullet Falling on Concrete 2.wav
  artifactKey: Guid(97caca579562fb14ea637c7ef228dee7) Importer(815301076,1909f56bfc062723c751e8b465ee728b)
Start importing Assets/Ultimate Sound FX Bundle/Bullet Impacts & Flybys/Bullet Falling on Concrete/Bullet Falling on Concrete 2.wav using Guid(97caca579562fb14ea637c7ef228dee7) Importer(815301076,1909f56bfc062723c751e8b465ee728b)  -> (artifact id: '016b64fe3e3ff5785b39b8dac56538f1') in 0.012779 seconds 
========================================================================
Received Import Request.
  Time since last request: 0.000026 seconds.
  path: Assets/Ultimate Sound FX Bundle/Bullet Impacts & Flybys/Bullet Falling on Concrete/Bullet Falling on Concrete 8.wav
  artifactKey: Guid(0e6e623b882896949910dea1cfc038cc) Importer(815301076,1909f56bfc062723c751e8b465ee728b)
Start importing Assets/Ultimate Sound FX Bundle/Bullet Impacts & Flybys/Bullet Falling on Concrete/Bullet Falling on Concrete 8.wav using Guid(0e6e623b882896949910dea1cfc038cc) Importer(815301076,1909f56bfc062723c751e8b465ee728b)  -> (artifact id: '1933bee6340ccd411eac10457693aa28') in 0.015156 seconds 
========================================================================
Received Import Request.
  Time since last request: 0.000034 seconds.
  path: Assets/Ultimate Sound FX Bundle/Bullet Impacts & Flybys/Bullet Falling on Concrete/Bullet Falling on Concrete 5.wav
  artifactKey: Guid(56a34c493bdf320459e366d872de692d) Importer(815301076,1909f56bfc062723c751e8b465ee728b)
Start importing Assets/Ultimate Sound FX Bundle/Bullet Impacts & Flybys/Bullet Falling on Concrete/Bullet Falling on Concrete 5.wav using Guid(56a34c493bdf320459e366d872de692d) Importer(815301076,1909f56bfc062723c751e8b465ee728b)  -> (artifact id: '1abf118d7adbb2c083932d6cef78b710') in 0.012813 seconds 
Editor requested this worker to shutdown with reason: Scaling down because of idle timeout
AssetImportWorker is now disconnected from the server
Process exiting
Exiting without the bug reporter. Application will terminate with return code 0