Using pre-set license
Built from '2021.3/staging' branch; Version is '2021.3.25f1 (68ef2c4f8861) revision 6876972'; Using compiler version '192829333'; Build Type 'Release'
OS: 'Windows 10  (10.0.19045) 64bit Professional' Language: 'ja' Physical Memory: 16222 MB
BatchMode: 1, IsHumanControllingUs: 0, StartBugReporterOnCrash: 0, Is64bit: 1, IsPro: 1

COMMAND LINE ARGUMENTS:
C:\Program Files\Unity\Hub\Editor\2021.3.25f1\Editor\Unity.exe
-adb2
-batchMode
-noUpm
-name
AssetImportWorker15
-projectPath
C:/Users/tatuk/Documents/SisterCave/Cave
-logFile
Logs/AssetImportWorker15.log
-srvPort
59212
Successfully changed project path to: C:/Users/tatuk/Documents/SisterCave/Cave
C:/Users/tatuk/Documents/SisterCave/Cave
[UnityMemory] Configuration Parameters - Can be set up in boot.config
    "memorysetup-bucket-allocator-granularity=16"
    "memorysetup-bucket-allocator-bucket-count=8"
    "memorysetup-bucket-allocator-block-size=33554432"
    "memorysetup-bucket-allocator-block-count=8"
    "memorysetup-main-allocator-block-size=16777216"
    "memorysetup-thread-allocator-block-size=16777216"
    "memorysetup-gfx-main-allocator-block-size=16777216"
    "memorysetup-gfx-thread-allocator-block-size=16777216"
    "memorysetup-cache-allocator-block-size=4194304"
    "memorysetup-typetree-allocator-block-size=2097152"
    "memorysetup-profiler-bucket-allocator-granularity=16"
    "memorysetup-profiler-bucket-allocator-bucket-count=8"
    "memorysetup-profiler-bucket-allocator-block-size=33554432"
    "memorysetup-profiler-bucket-allocator-block-count=8"
    "memorysetup-profiler-allocator-block-size=16777216"
    "memorysetup-profiler-editor-allocator-block-size=1048576"
    "memorysetup-temp-allocator-size-main=16777216"
    "memorysetup-job-temp-allocator-block-size=2097152"
    "memorysetup-job-temp-allocator-block-size-background=1048576"
    "memorysetup-job-temp-allocator-reduction-small-platforms=262144"
    "memorysetup-temp-allocator-size-background-worker=32768"
    "memorysetup-temp-allocator-size-job-worker=262144"
    "memorysetup-temp-allocator-size-preload-manager=33554432"
    "memorysetup-temp-allocator-size-nav-mesh-worker=65536"
    "memorysetup-temp-allocator-size-audio-worker=65536"
    "memorysetup-temp-allocator-size-cloud-worker=32768"
    "memorysetup-temp-allocator-size-gi-baking-worker=262144"
    "memorysetup-temp-allocator-size-gfx=262144"
Player connection [18124] Host "[IP] 192.168.0.9 [Port] 0 [Flags] 2 [Guid] 3995817044 [EditorId] 3995817044 [Version] 1048832 [Id] WindowsEditor(7,LAPTOP-TOOOMAN3) [Debug] 1 [PackageName] WindowsEditor [ProjectName] Editor" joined multi-casting on [225.0.0.222:54997]...

Player connection [18124] Host "[IP] 192.168.0.9 [Port] 0 [Flags] 2 [Guid] 3995817044 [EditorId] 3995817044 [Version] 1048832 [Id] WindowsEditor(7,LAPTOP-TOOOMAN3) [Debug] 1 [PackageName] WindowsEditor [ProjectName] Editor" joined alternative multi-casting on [225.0.0.222:34997]...

Refreshing native plugins compatible for Editor in 338.18 ms, found 5 plugins.
Preloading 0 native plugins for Editor in 0.00 ms.
Initialize engine version: 2021.3.25f1 (68ef2c4f8861)
[Subsystems] Discovering subsystems at path C:/Program Files/Unity/Hub/Editor/2021.3.25f1/Editor/Data/Resources/UnitySubsystems
[Subsystems] Discovering subsystems at path C:/Users/tatuk/Documents/SisterCave/Cave/Assets
GfxDevice: creating device client; threaded=0; jobified=0
Direct3D:
    Version:  Direct3D 11.0 [level 11.1]
    Renderer: NVIDIA GeForce RTX 2070 Super (ID=0x1ed1)
    Vendor:   NVIDIA
    VRAM:     8003 MB
    Driver:   31.0.15.2656
Shader 'CartoonCoffee/Particle Basic': fallback shader '2' not found
Shader 'CartoonCoffee/Particle Additive': fallback shader '2' not found
Shader 'MoreMountains/MMRipple': fallback shader 'Particle/AlphaBlended' not found
Shader 'CartoonCoffee/Particle Basic': fallback shader '2' not found
Shader 'CartoonCoffee/Particle Additive': fallback shader '2' not found
Shader 'Custom/RainShader': fallback shader 'Particles/Alpha Blended' not found
Shader 'Ferr/2D Terrain/Pixel Lit/Lightmap Textured Vertex Color Transparent (8 lights|lightmap +0 light)': fallback shader 'Ferr/Lit Textured Vertex Color Transparent (4 lights|lightmap +1 light)' not found
Shader 'Ferr/2D Terrain/Pixel Lit/Lightmap Textured Vertex Color (8 lights|lightmap +0 light)': fallback shader 'Ferr/Lit Textured Vertex Color (4 lights|lightmap +1 light)' not found
Initialize mono
Mono path[0] = 'C:/Program Files/Unity/Hub/Editor/2021.3.25f1/Editor/Data/Managed'
Mono path[1] = 'C:/Program Files/Unity/Hub/Editor/2021.3.25f1/Editor/Data/MonoBleedingEdge/lib/mono/unityjit-win32'
Mono config path = 'C:/Program Files/Unity/Hub/Editor/2021.3.25f1/Editor/Data/MonoBleedingEdge/etc'
Using monoOptions --debugger-agent=transport=dt_socket,embedding=1,server=y,suspend=n,address=127.0.0.1:56880
Begin MonoManager ReloadAssembly
Registering precompiled unity dll's ...
Register platform support module: C:/Program Files/Unity/Hub/Editor/2021.3.25f1/Editor/Data/PlaybackEngines/MacStandaloneSupport/UnityEditor.OSXStandalone.Extensions.dll
Register platform support module: C:/Program Files/Unity/Hub/Editor/2021.3.25f1/Editor/Data/PlaybackEngines/WindowsStandaloneSupport/UnityEditor.WindowsStandalone.Extensions.dll
Register platform support module: C:/Program Files/Unity/Hub/Editor/2021.3.25f1/Editor/Data/PlaybackEngines/LinuxStandaloneSupport/UnityEditor.LinuxStandalone.Extensions.dll
Register platform support module: C:/Program Files/Unity/Hub/Editor/2021.3.25f1/Editor/Data/PlaybackEngines/MetroSupport/UnityEditor.UWP.Extensions.dll
Registered in 0.013973 seconds.
Native extension for UWP target not found
Native extension for LinuxStandalone target not found
Native extension for WindowsStandalone target not found
Native extension for OSXStandalone target not found
Refreshing native plugins compatible for Editor in 339.90 ms, found 5 plugins.
Preloading 0 native plugins for Editor in 0.00 ms.
Mono: successfully reloaded assembly
- Completed reload, in  0.934 seconds
Domain Reload Profiling:
	ReloadAssembly (934ms)
		BeginReloadAssembly (82ms)
			ExecutionOrderSort (0ms)
			DisableScriptedObjects (0ms)
			BackupInstance (0ms)
			ReleaseScriptingObjects (0ms)
			CreateAndSetChildDomain (1ms)
		EndReloadAssembly (724ms)
			LoadAssemblies (80ms)
			RebuildTransferFunctionScriptingTraits (0ms)
			SetupTypeCache (108ms)
			ReleaseScriptCaches (0ms)
			RebuildScriptCaches (28ms)
			SetupLoadedEditorAssemblies (525ms)
				LogAssemblyErrors (0ms)
				InitializePlatformSupportModulesInManaged (16ms)
				SetLoadedEditorAssemblies (0ms)
				RefreshPlugins (340ms)
				BeforeProcessingInitializeOnLoad (1ms)
				ProcessInitializeOnLoadAttributes (124ms)
				ProcessInitializeOnLoadMethodAttributes (43ms)
				AfterProcessingInitializeOnLoad (0ms)
				EditorAssembliesLoaded (0ms)
			ExecutionOrderSort2 (0ms)
			AwakeInstancesAfterBackupRestoration (0ms)
Platform modules already initialized, skipping
Registering precompiled user dll's ...
Registered in 0.021707 seconds.
Begin MonoManager ReloadAssembly
Native extension for UWP target not found
Native extension for LinuxStandalone target not found
Native extension for WindowsStandalone target not found
Native extension for OSXStandalone target not found
Refreshing native plugins compatible for Editor in 366.35 ms, found 5 plugins.
Preloading 0 native plugins for Editor in 0.00 ms.
Mono: successfully reloaded assembly
- Completed reload, in  5.366 seconds
Domain Reload Profiling:
	ReloadAssembly (5367ms)
		BeginReloadAssembly (110ms)
			ExecutionOrderSort (0ms)
			DisableScriptedObjects (5ms)
			BackupInstance (0ms)
			ReleaseScriptingObjects (0ms)
			CreateAndSetChildDomain (18ms)
		EndReloadAssembly (5109ms)
			LoadAssemblies (149ms)
			RebuildTransferFunctionScriptingTraits (0ms)
			SetupTypeCache (597ms)
			ReleaseScriptCaches (1ms)
			RebuildScriptCaches (173ms)
			SetupLoadedEditorAssemblies (4130ms)
				LogAssemblyErrors (0ms)
				InitializePlatformSupportModulesInManaged (15ms)
				SetLoadedEditorAssemblies (0ms)
				RefreshPlugins (366ms)
				BeforeProcessingInitializeOnLoad (157ms)
				ProcessInitializeOnLoadAttributes (3464ms)
				ProcessInitializeOnLoadMethodAttributes (118ms)
				AfterProcessingInitializeOnLoad (9ms)
				EditorAssembliesLoaded (0ms)
			ExecutionOrderSort2 (0ms)
			AwakeInstancesAfterBackupRestoration (4ms)
Platform modules already initialized, skipping
========================================================================
Worker process is ready to serve import requests
Shader 'Ferr/2D Terrain/Pixel Lit/Lightmap Textured Vertex Color Transparent (8 lights|lightmap +0 light)': fallback shader 'Ferr/Lit Textured Vertex Color Transparent (4 lights|lightmap +1 light)' not found
Shader 'CartoonCoffee/Particle Additive': fallback shader '2' not found
Shader 'MoreMountains/MMRipple': fallback shader 'Particle/AlphaBlended' not found
Shader 'CartoonCoffee/Particle Additive': fallback shader '2' not found
Shader 'CartoonCoffee/Particle Basic': fallback shader '2' not found
Shader 'Custom/RainShader': fallback shader 'Particles/Alpha Blended' not found
Shader 'Ferr/2D Terrain/Pixel Lit/Lightmap Textured Vertex Color (8 lights|lightmap +0 light)': fallback shader 'Ferr/Lit Textured Vertex Color (4 lights|lightmap +1 light)' not found
Shader 'CartoonCoffee/Particle Basic': fallback shader '2' not found
Launched and connected shader compiler UnityShaderCompiler.exe after 0.04 seconds
Refreshing native plugins compatible for Editor in 4.34 ms, found 5 plugins.
Preloading 0 native plugins for Editor in 0.00 ms.
Unloading 9394 Unused Serialized files (Serialized files now loaded: 0)
Unloading 132 unused Assets / (4.1 MB). Loaded Objects now: 9921.
Memory consumption went from 0.52 GB to 0.52 GB.
Total: 5.975700 ms (FindLiveObjects: 0.697000 ms CreateObjectMapping: 0.799500 ms MarkObjects: 3.649100 ms  DeleteObjects: 0.829200 ms)

AssetImportParameters requested are different than current active one (requested -> active):
  custom:video-decoder-ogg-theora: a1e56fd34408186e4bbccfd4996cb3dc -> 
  custom:container-muxer-webm: aa71ff27fc2769a1b78a27578f13a17b -> 
  custom:container-demuxer-webm: 4f35f7cbe854078d1ac9338744f61a02 -> 
  custom:video-encoder-webm-vp8: eb34c28f22e8b96e1ab97ce403110664 -> 
  custom:video-codec-MediaFoundation-h265: 746d11721c4dcdbdad8f713fa42b33f4 -> 
  custom:audio-encoder-webm-vorbis: bf7c407c2cedff20999df2af8eb42d56 -> 
  custom:framework-win-MediaFoundation: 216162199b28c13a410421893ffa2e32 -> 
  custom:container-demuxer-ogg: 62fdf1f143b41e24485cea50d1cbac27 -> 
  custom:video-decoder-webm-vp8: 9c59270c3fd7afecdb556c50c9e8de78 -> 
  custom:audio-decoder-ogg-vorbis: bf7c407c2cedff20999df2af8eb42d56 -> 
========================================================================
Received Import Request.
  Time since last request: 12942.357627 seconds.
  path: Assets/AnyPortrait/Demo/PirateGame/PirateGame_Score2.png
  artifactKey: Guid(e67e0dbf3fe0a5e4485ae708cd6e0855) Importer(815301076,1909f56bfc062723c751e8b465ee728b)
Start importing Assets/AnyPortrait/Demo/PirateGame/PirateGame_Score2.png using Guid(e67e0dbf3fe0a5e4485ae708cd6e0855) Importer(815301076,1909f56bfc062723c751e8b465ee728b)  -> (artifact id: '5b8706bdc6ea09502eb5628363e60aaa') in 0.121352 seconds 
========================================================================
Received Import Request.
  Time since last request: 0.000026 seconds.
  path: Assets/AnyPortrait/Demo/PirateGame3D/AP3DDemo_Score.FBX
  artifactKey: Guid(ea28234f10573684ba98f960e6a98a69) Importer(815301076,1909f56bfc062723c751e8b465ee728b)
Start importing Assets/AnyPortrait/Demo/PirateGame3D/AP3DDemo_Score.FBX using Guid(ea28234f10573684ba98f960e6a98a69) Importer(815301076,1909f56bfc062723c751e8b465ee728b)  -> (artifact id: 'b992dac50a514e83f4f9e61432ede0db') in 0.359592 seconds 
========================================================================
Received Import Request.
  Time since last request: 0.000024 seconds.
  path: Assets/AnyPortrait/Demo/PirateGame3D/Materials/Mat_Score.mat
  artifactKey: Guid(abf6be2e2e31f1a418c141e172809d7d) Importer(815301076,1909f56bfc062723c751e8b465ee728b)
Start importing Assets/AnyPortrait/Demo/PirateGame3D/Materials/Mat_Score.mat using Guid(abf6be2e2e31f1a418c141e172809d7d) Importer(815301076,1909f56bfc062723c751e8b465ee728b)  -> (artifact id: 'f108838036447a691bcdc8ca0ed6ae8e') in 0.041599 seconds 
========================================================================
Received Import Request.
  Time since last request: 0.000033 seconds.
  path: Assets/AnyPortrait/Demo/PirateGame/PirateGame_Score0.png
  artifactKey: Guid(d6094efc668d61d4380424228902bc7f) Importer(815301076,1909f56bfc062723c751e8b465ee728b)
Start importing Assets/AnyPortrait/Demo/PirateGame/PirateGame_Score0.png using Guid(d6094efc668d61d4380424228902bc7f) Importer(815301076,1909f56bfc062723c751e8b465ee728b)  -> (artifact id: '1e1f6cfe1b85b7df394c00700f5006ad') in 0.021962 seconds 
========================================================================
Received Import Request.
  Time since last request: 0.000029 seconds.
  path: Assets/AnyPortrait/Demo/PirateGame/PirateGame_Score8.png
  artifactKey: Guid(e25f999e12b40544caad938d20ba286e) Importer(815301076,1909f56bfc062723c751e8b465ee728b)
Start importing Assets/AnyPortrait/Demo/PirateGame/PirateGame_Score8.png using Guid(e25f999e12b40544caad938d20ba286e) Importer(815301076,1909f56bfc062723c751e8b465ee728b)  -> (artifact id: '848f3e2867bfa87402df4be7f7a4a5ed') in 0.021145 seconds 
========================================================================
Received Import Request.
  Time since last request: 0.000025 seconds.
  path: Assets/AnyPortrait/Demo/PirateGame/PirateGame_Score7.png
  artifactKey: Guid(39a878d2772553f488d97826f0feb3e8) Importer(815301076,1909f56bfc062723c751e8b465ee728b)
Start importing Assets/AnyPortrait/Demo/PirateGame/PirateGame_Score7.png using Guid(39a878d2772553f488d97826f0feb3e8) Importer(815301076,1909f56bfc062723c751e8b465ee728b)  -> (artifact id: 'f6c2a99de441bcf738ae2977b4dd43ee') in 0.022970 seconds 
========================================================================
Received Import Request.
  Time since last request: 0.000021 seconds.
  path: Assets/AnyPortrait/Demo/PirateGame/PirateGame_ScoreText.png
  artifactKey: Guid(8310e93b677f47f4aac1e4ed6af18063) Importer(815301076,1909f56bfc062723c751e8b465ee728b)
Start importing Assets/AnyPortrait/Demo/PirateGame/PirateGame_ScoreText.png using Guid(8310e93b677f47f4aac1e4ed6af18063) Importer(815301076,1909f56bfc062723c751e8b465ee728b)  -> (artifact id: '9f03fa0a6d30521191e4135d3de634e6') in 0.024036 seconds 
========================================================================
Received Import Request.
  Time since last request: 0.000028 seconds.
  path: Assets/AllIn1SpriteShader/Materials/SaberScorpionKight.mat
  artifactKey: Guid(37c1cbb5d0a4cc44084fe91a671a19f4) Importer(815301076,1909f56bfc062723c751e8b465ee728b)
Start importing Assets/AllIn1SpriteShader/Materials/SaberScorpionKight.mat using Guid(37c1cbb5d0a4cc44084fe91a671a19f4) Importer(815301076,1909f56bfc062723c751e8b465ee728b)  -> (artifact id: '08fbff77a3747a6053a33aa48ae3a66a') in 0.321693 seconds 
========================================================================
Received Import Request.
  Time since last request: 0.000027 seconds.
  path: Assets/AnyPortrait/Demo/Runner/RunUI/Run_Score.psd
  artifactKey: Guid(d19602743969aec41b4a43afe8cdc6fc) Importer(815301076,1909f56bfc062723c751e8b465ee728b)
Start importing Assets/AnyPortrait/Demo/Runner/RunUI/Run_Score.psd using Guid(d19602743969aec41b4a43afe8cdc6fc) Importer(815301076,1909f56bfc062723c751e8b465ee728b)  -> (artifact id: '5b445d0fe2898b68760d50e53ebe16d5') in 0.070933 seconds 
========================================================================
Received Import Request.
  Time since last request: 0.000032 seconds.
  path: Assets/AnyPortrait/Demo/PirateGame/PirateGame_Score5.png
  artifactKey: Guid(63f2751b7606698408ced7ef9e75be9e) Importer(815301076,1909f56bfc062723c751e8b465ee728b)
Start importing Assets/AnyPortrait/Demo/PirateGame/PirateGame_Score5.png using Guid(63f2751b7606698408ced7ef9e75be9e) Importer(815301076,1909f56bfc062723c751e8b465ee728b)  -> (artifact id: '2742c30c968eb09a7118234a212e26db') in 0.023050 seconds 
========================================================================
Received Import Request.
  Time since last request: 0.000018 seconds.
  path: Assets/AnyPortrait/Demo/PirateGame/PirateGame_Score4.png
  artifactKey: Guid(cffa3a01d61c6d14db23f03c52d6a317) Importer(815301076,1909f56bfc062723c751e8b465ee728b)
Start importing Assets/AnyPortrait/Demo/PirateGame/PirateGame_Score4.png using Guid(cffa3a01d61c6d14db23f03c52d6a317) Importer(815301076,1909f56bfc062723c751e8b465ee728b)  -> (artifact id: 'cca613a2c3e70983a116104101997a32') in 0.026012 seconds 
========================================================================
Received Import Request.
  Time since last request: 0.000028 seconds.
  path: Assets/testAsset/Enemy/EnemyAnime/ScorpionKight/Sprite/NanameScorpionKnight.psb
  artifactKey: Guid(6eac1d8858f9a5d48a30b93f38e870a5) Importer(815301076,1909f56bfc062723c751e8b465ee728b)
Start importing Assets/testAsset/Enemy/EnemyAnime/ScorpionKight/Sprite/NanameScorpionKnight.psb using Guid(6eac1d8858f9a5d48a30b93f38e870a5) Importer(815301076,1909f56bfc062723c751e8b465ee728b)  -> (artifact id: 'c1851d9ad4113cc0ef991874288c025d') in 0.161470 seconds 
========================================================================
Received Import Request.
  Time since last request: 0.000022 seconds.
  path: Assets/CorgiEngine/ThirdParty/MoreMountains/MMInterface/Styles/Mini/Prefabs/Score.prefab
  artifactKey: Guid(2d701acb3a8cd1148b7dabcc40871f9e) Importer(815301076,1909f56bfc062723c751e8b465ee728b)
Start importing Assets/CorgiEngine/ThirdParty/MoreMountains/MMInterface/Styles/Mini/Prefabs/Score.prefab using Guid(2d701acb3a8cd1148b7dabcc40871f9e) Importer(815301076,1909f56bfc062723c751e8b465ee728b)  -> (artifact id: '8f88517a7da3423a48b1e89d99000690') in 0.027038 seconds 
========================================================================
Received Import Request.
  Time since last request: 0.000026 seconds.
  path: Assets/AnyPortrait/Demo/PirateGame/PirateGame_Score9.png
  artifactKey: Guid(74870c45ff5869c4ebec41a4a5a1382e) Importer(815301076,1909f56bfc062723c751e8b465ee728b)
Start importing Assets/AnyPortrait/Demo/PirateGame/PirateGame_Score9.png using Guid(74870c45ff5869c4ebec41a4a5a1382e) Importer(815301076,1909f56bfc062723c751e8b465ee728b)  -> (artifact id: '474185e8d7469dfa236c060612982bf9') in 0.018086 seconds 
========================================================================
Received Import Request.
  Time since last request: 0.000023 seconds.
  path: Assets/CorgiEngine/ThirdParty/MoreMountains/MMInterface/Styles/Mini/Prefabs/ScoreStars.prefab
  artifactKey: Guid(0aa929d58aaeacd408906d23ac403151) Importer(815301076,1909f56bfc062723c751e8b465ee728b)
Start importing Assets/CorgiEngine/ThirdParty/MoreMountains/MMInterface/Styles/Mini/Prefabs/ScoreStars.prefab using Guid(0aa929d58aaeacd408906d23ac403151) Importer(815301076,1909f56bfc062723c751e8b465ee728b)  -> (artifact id: 'b840130da9b2a8b8faec513566e24b83') in 0.014110 seconds 
========================================================================
Received Import Request.
  Time since last request: 0.000021 seconds.
  path: Assets/AnyPortrait/Editor/Images/Physic_Viscosity.png
  artifactKey: Guid(1496c4559eb0af94ea974b66bdce2165) Importer(815301076,1909f56bfc062723c751e8b465ee728b)
Start importing Assets/AnyPortrait/Editor/Images/Physic_Viscosity.png using Guid(1496c4559eb0af94ea974b66bdce2165) Importer(815301076,1909f56bfc062723c751e8b465ee728b)  -> (artifact id: 'a99e61e81bbb2290c87f90200d6fe8aa') in 0.016695 seconds 
Editor requested this worker to shutdown with reason: Scaling down because of idle timeout
AssetImportWorker is now disconnected from the server
Process exiting
Exiting without the bug reporter. Application will terminate with return code 0