Using pre-set license
Built from '2021.3/staging' branch; Version is '2021.3.25f1 (68ef2c4f8861) revision 6876972'; Using compiler version '192829333'; Build Type 'Release'
OS: 'Windows 10  (10.0.19045) 64bit Professional' Language: 'ja' Physical Memory: 16222 MB
BatchMode: 1, IsHumanControllingUs: 0, StartBugReporterOnCrash: 0, Is64bit: 1, IsPro: 1

COMMAND LINE ARGUMENTS:
C:\Program Files\Unity\Hub\Editor\2021.3.25f1\Editor\Unity.exe
-adb2
-batchMode
-noUpm
-name
AssetImportWorker11
-projectPath
C:/Users/tatuk/Documents/SisterCave/Cave
-logFile
Logs/AssetImportWorker11.log
-srvPort
61868
Successfully changed project path to: C:/Users/tatuk/Documents/SisterCave/Cave
C:/Users/tatuk/Documents/SisterCave/Cave
[UnityMemory] Configuration Parameters - Can be set up in boot.config
    "memorysetup-bucket-allocator-granularity=16"
    "memorysetup-bucket-allocator-bucket-count=8"
    "memorysetup-bucket-allocator-block-size=33554432"
    "memorysetup-bucket-allocator-block-count=8"
    "memorysetup-main-allocator-block-size=16777216"
    "memorysetup-thread-allocator-block-size=16777216"
    "memorysetup-gfx-main-allocator-block-size=16777216"
    "memorysetup-gfx-thread-allocator-block-size=16777216"
    "memorysetup-cache-allocator-block-size=4194304"
    "memorysetup-typetree-allocator-block-size=2097152"
    "memorysetup-profiler-bucket-allocator-granularity=16"
    "memorysetup-profiler-bucket-allocator-bucket-count=8"
    "memorysetup-profiler-bucket-allocator-block-size=33554432"
    "memorysetup-profiler-bucket-allocator-block-count=8"
    "memorysetup-profiler-allocator-block-size=16777216"
    "memorysetup-profiler-editor-allocator-block-size=1048576"
    "memorysetup-temp-allocator-size-main=16777216"
    "memorysetup-job-temp-allocator-block-size=2097152"
    "memorysetup-job-temp-allocator-block-size-background=1048576"
    "memorysetup-job-temp-allocator-reduction-small-platforms=262144"
    "memorysetup-temp-allocator-size-background-worker=32768"
    "memorysetup-temp-allocator-size-job-worker=262144"
    "memorysetup-temp-allocator-size-preload-manager=33554432"
    "memorysetup-temp-allocator-size-nav-mesh-worker=65536"
    "memorysetup-temp-allocator-size-audio-worker=65536"
    "memorysetup-temp-allocator-size-cloud-worker=32768"
    "memorysetup-temp-allocator-size-gi-baking-worker=262144"
    "memorysetup-temp-allocator-size-gfx=262144"
Player connection [15724] Host "[IP] 192.168.0.9 [Port] 0 [Flags] 2 [Guid] 3543644207 [EditorId] 3543644207 [Version] 1048832 [Id] WindowsEditor(7,LAPTOP-TOOOMAN3) [Debug] 1 [PackageName] WindowsEditor [ProjectName] Editor" joined multi-casting on [225.0.0.222:54997]...

Player connection [15724] Host "[IP] 192.168.0.9 [Port] 0 [Flags] 2 [Guid] 3543644207 [EditorId] 3543644207 [Version] 1048832 [Id] WindowsEditor(7,LAPTOP-TOOOMAN3) [Debug] 1 [PackageName] WindowsEditor [ProjectName] Editor" joined alternative multi-casting on [225.0.0.222:34997]...

Refreshing native plugins compatible for Editor in 749.57 ms, found 5 plugins.
Preloading 0 native plugins for Editor in 0.00 ms.
Initialize engine version: 2021.3.25f1 (68ef2c4f8861)
[Subsystems] Discovering subsystems at path C:/Program Files/Unity/Hub/Editor/2021.3.25f1/Editor/Data/Resources/UnitySubsystems
[Subsystems] Discovering subsystems at path C:/Users/tatuk/Documents/SisterCave/Cave/Assets
GfxDevice: creating device client; threaded=0; jobified=0
Direct3D:
    Version:  Direct3D 11.0 [level 11.1]
    Renderer: NVIDIA GeForce RTX 2070 Super (ID=0x1ed1)
    Vendor:   NVIDIA
    VRAM:     8003 MB
    Driver:   31.0.15.2656
Shader 'Custom/RainShader': fallback shader 'Particles/Alpha Blended' not found
Shader 'Ferr/2D Terrain/Pixel Lit/Lightmap Textured Vertex Color Transparent (8 lights|lightmap +0 light)': fallback shader 'Ferr/Lit Textured Vertex Color Transparent (4 lights|lightmap +1 light)' not found
Shader 'Ferr/2D Terrain/Pixel Lit/Lightmap Textured Vertex Color (8 lights|lightmap +0 light)': fallback shader 'Ferr/Lit Textured Vertex Color (4 lights|lightmap +1 light)' not found
Shader 'CartoonCoffee/Particle Basic': fallback shader '2' not found
Shader 'CartoonCoffee/Particle Additive': fallback shader '2' not found
Shader 'MoreMountains/MMRipple': fallback shader 'Particle/AlphaBlended' not found
Initialize mono
Mono path[0] = 'C:/Program Files/Unity/Hub/Editor/2021.3.25f1/Editor/Data/Managed'
Mono path[1] = 'C:/Program Files/Unity/Hub/Editor/2021.3.25f1/Editor/Data/MonoBleedingEdge/lib/mono/unityjit-win32'
Mono config path = 'C:/Program Files/Unity/Hub/Editor/2021.3.25f1/Editor/Data/MonoBleedingEdge/etc'
Using monoOptions --debugger-agent=transport=dt_socket,embedding=1,server=y,suspend=n,address=127.0.0.1:56932
Begin MonoManager ReloadAssembly
Registering precompiled unity dll's ...
Register platform support module: C:/Program Files/Unity/Hub/Editor/2021.3.25f1/Editor/Data/PlaybackEngines/MacStandaloneSupport/UnityEditor.OSXStandalone.Extensions.dll
Register platform support module: C:/Program Files/Unity/Hub/Editor/2021.3.25f1/Editor/Data/PlaybackEngines/WindowsStandaloneSupport/UnityEditor.WindowsStandalone.Extensions.dll
Register platform support module: C:/Program Files/Unity/Hub/Editor/2021.3.25f1/Editor/Data/PlaybackEngines/LinuxStandaloneSupport/UnityEditor.LinuxStandalone.Extensions.dll
Register platform support module: C:/Program Files/Unity/Hub/Editor/2021.3.25f1/Editor/Data/PlaybackEngines/MetroSupport/UnityEditor.UWP.Extensions.dll
Registered in 0.013267 seconds.
Native extension for UWP target not found
Native extension for LinuxStandalone target not found
Native extension for WindowsStandalone target not found
Native extension for OSXStandalone target not found
Refreshing native plugins compatible for Editor in 815.08 ms, found 5 plugins.
Preloading 0 native plugins for Editor in 0.00 ms.
Mono: successfully reloaded assembly
- Completed reload, in  1.647 seconds
Domain Reload Profiling:
	ReloadAssembly (1648ms)
		BeginReloadAssembly (144ms)
			ExecutionOrderSort (0ms)
			DisableScriptedObjects (0ms)
			BackupInstance (0ms)
			ReleaseScriptingObjects (0ms)
			CreateAndSetChildDomain (1ms)
		EndReloadAssembly (1362ms)
			LoadAssemblies (140ms)
			RebuildTransferFunctionScriptingTraits (0ms)
			SetupTypeCache (157ms)
			ReleaseScriptCaches (0ms)
			RebuildScriptCaches (53ms)
			SetupLoadedEditorAssemblies (1050ms)
				LogAssemblyErrors (0ms)
				InitializePlatformSupportModulesInManaged (27ms)
				SetLoadedEditorAssemblies (0ms)
				RefreshPlugins (815ms)
				BeforeProcessingInitializeOnLoad (1ms)
				ProcessInitializeOnLoadAttributes (152ms)
				ProcessInitializeOnLoadMethodAttributes (54ms)
				AfterProcessingInitializeOnLoad (0ms)
				EditorAssembliesLoaded (0ms)
			ExecutionOrderSort2 (0ms)
			AwakeInstancesAfterBackupRestoration (0ms)
Platform modules already initialized, skipping
Registering precompiled user dll's ...
Registered in 0.061573 seconds.
Begin MonoManager ReloadAssembly
Native extension for UWP target not found
Native extension for LinuxStandalone target not found
Native extension for WindowsStandalone target not found
Native extension for OSXStandalone target not found
Refreshing native plugins compatible for Editor in 772.74 ms, found 5 plugins.
Preloading 0 native plugins for Editor in 0.00 ms.
Mono: successfully reloaded assembly
- Completed reload, in 12.792 seconds
Domain Reload Profiling:
	ReloadAssembly (12793ms)
		BeginReloadAssembly (208ms)
			ExecutionOrderSort (0ms)
			DisableScriptedObjects (9ms)
			BackupInstance (0ms)
			ReleaseScriptingObjects (0ms)
			CreateAndSetChildDomain (30ms)
		EndReloadAssembly (12375ms)
			LoadAssemblies (4500ms)
			RebuildTransferFunctionScriptingTraits (1ms)
			SetupTypeCache (2066ms)
			ReleaseScriptCaches (4ms)
			RebuildScriptCaches (253ms)
			SetupLoadedEditorAssemblies (5466ms)
				LogAssemblyErrors (0ms)
				InitializePlatformSupportModulesInManaged (18ms)
				SetLoadedEditorAssemblies (0ms)
				RefreshPlugins (773ms)
				BeforeProcessingInitializeOnLoad (195ms)
				ProcessInitializeOnLoadAttributes (4329ms)
				ProcessInitializeOnLoadMethodAttributes (137ms)
				AfterProcessingInitializeOnLoad (12ms)
				EditorAssembliesLoaded (1ms)
			ExecutionOrderSort2 (0ms)
			AwakeInstancesAfterBackupRestoration (7ms)
Platform modules already initialized, skipping
========================================================================
Worker process is ready to serve import requests
Shader 'Custom/RainShader': fallback shader 'Particles/Alpha Blended' not found
Shader 'Ferr/2D Terrain/Pixel Lit/Lightmap Textured Vertex Color (8 lights|lightmap +0 light)': fallback shader 'Ferr/Lit Textured Vertex Color (4 lights|lightmap +1 light)' not found
Shader 'CartoonCoffee/Particle Basic': fallback shader '2' not found
Shader 'MoreMountains/MMRipple': fallback shader 'Particle/AlphaBlended' not found
Shader 'CartoonCoffee/Particle Additive': fallback shader '2' not found
Shader 'Ferr/2D Terrain/Pixel Lit/Lightmap Textured Vertex Color Transparent (8 lights|lightmap +0 light)': fallback shader 'Ferr/Lit Textured Vertex Color Transparent (4 lights|lightmap +1 light)' not found
Launched and connected shader compiler UnityShaderCompiler.exe after 0.16 seconds
Refreshing native plugins compatible for Editor in 10.32 ms, found 5 plugins.
Preloading 0 native plugins for Editor in 0.00 ms.
Unloading 8990 Unused Serialized files (Serialized files now loaded: 0)
Unloading 128 unused Assets / (3.8 MB). Loaded Objects now: 9538.
Memory consumption went from 0.61 GB to 0.61 GB.
Total: 13.378200 ms (FindLiveObjects: 1.120900 ms CreateObjectMapping: 0.946200 ms MarkObjects: 9.097900 ms  DeleteObjects: 2.210800 ms)

AssetImportParameters requested are different than current active one (requested -> active):
  custom:video-decoder-ogg-theora: a1e56fd34408186e4bbccfd4996cb3dc -> 
  custom:container-muxer-webm: aa71ff27fc2769a1b78a27578f13a17b -> 
  custom:container-demuxer-webm: 4f35f7cbe854078d1ac9338744f61a02 -> 
  custom:video-encoder-webm-vp8: eb34c28f22e8b96e1ab97ce403110664 -> 
  custom:video-codec-MediaFoundation-h265: 746d11721c4dcdbdad8f713fa42b33f4 -> 
  custom:audio-encoder-webm-vorbis: bf7c407c2cedff20999df2af8eb42d56 -> 
  custom:framework-win-MediaFoundation: 216162199b28c13a410421893ffa2e32 -> 
  custom:container-demuxer-ogg: 62fdf1f143b41e24485cea50d1cbac27 -> 
  custom:video-decoder-webm-vp8: 9c59270c3fd7afecdb556c50c9e8de78 -> 
  custom:audio-decoder-ogg-vorbis: bf7c407c2cedff20999df2af8eb42d56 -> 
========================================================================
Received Import Request.
  Time since last request: 181690.254375 seconds.
  path: Assets/SineVFX/TopDownEffects/Resources/Materials/MainEffects/ConjureLavaPool/ConjureLavaPool_Ground_Fire_01.mat
  artifactKey: Guid(b3955d2a181f4c42a97d6e4190aa67e3) Importer(815301076,1909f56bfc062723c751e8b465ee728b)
Start importing Assets/SineVFX/TopDownEffects/Resources/Materials/MainEffects/ConjureLavaPool/ConjureLavaPool_Ground_Fire_01.mat using Guid(b3955d2a181f4c42a97d6e4190aa67e3) Importer(815301076,1909f56bfc062723c751e8b465ee728b)  -> (artifact id: '2d9fe12d04c3173d432d6d0d4903f0a9') in 1.703953 seconds 
========================================================================
Received Import Request.
  Time since last request: 0.000057 seconds.
  path: Assets/Editor/PathologicalGames/PoolManager
  artifactKey: Guid(5ddda4736bc06424f963b48a937b498b) Importer(815301076,1909f56bfc062723c751e8b465ee728b)
Start importing Assets/Editor/PathologicalGames/PoolManager using Guid(5ddda4736bc06424f963b48a937b498b) Importer(815301076,1909f56bfc062723c751e8b465ee728b)  -> (artifact id: '1790aad506b8558175b6af827d8a931d') in 0.003295 seconds 
========================================================================
Received Import Request.
  Time since last request: 0.000034 seconds.
  path: Assets/SineVFX/TopDownEffects/Resources/Materials/MainEffects/ConjureWaterPool/ConjureWaterPool_Ground_Splashes_01.mat
  artifactKey: Guid(23ea21e42fc2443382558f570d4e4593) Importer(815301076,1909f56bfc062723c751e8b465ee728b)
Start importing Assets/SineVFX/TopDownEffects/Resources/Materials/MainEffects/ConjureWaterPool/ConjureWaterPool_Ground_Splashes_01.mat using Guid(23ea21e42fc2443382558f570d4e4593) Importer(815301076,1909f56bfc062723c751e8b465ee728b)  -> (artifact id: '3e3f6853cc04947d279361db96518ca9') in 0.854021 seconds 
========================================================================
Received Import Request.
  Time since last request: 0.000029 seconds.
  path: Assets/SineVFX/TopDownEffects/Resources/Materials/MainEffects/ConjureLavaPool/ConjureLavaPool_Indicator_Emissive_01.mat
  artifactKey: Guid(d0fdbdb0df3e404b8f5139bacad3ffb4) Importer(815301076,1909f56bfc062723c751e8b465ee728b)
Start importing Assets/SineVFX/TopDownEffects/Resources/Materials/MainEffects/ConjureLavaPool/ConjureLavaPool_Indicator_Emissive_01.mat using Guid(d0fdbdb0df3e404b8f5139bacad3ffb4) Importer(815301076,1909f56bfc062723c751e8b465ee728b)  -> (artifact id: '35c437e9b573e48d248385407e315d83') in 0.822869 seconds 
========================================================================
Received Import Request.
  Time since last request: 0.000076 seconds.
  path: Assets/PoolManagerExampleFiles
  artifactKey: Guid(0accc6aa0fbe46a4ca94da4b0ac8ac69) Importer(815301076,1909f56bfc062723c751e8b465ee728b)
Start importing Assets/PoolManagerExampleFiles using Guid(0accc6aa0fbe46a4ca94da4b0ac8ac69) Importer(815301076,1909f56bfc062723c751e8b465ee728b)  -> (artifact id: '5ebf73f015913829b5e920d4161a214d') in 0.013517 seconds 
========================================================================
Received Import Request.
  Time since last request: 0.000038 seconds.
  path: Assets/Plugins/PathologicalGames/PoolManager/PreRuntimePoolItem.cs
  artifactKey: Guid(f7f8122fb13d0924299c18dd794d211e) Importer(815301076,1909f56bfc062723c751e8b465ee728b)
Start importing Assets/Plugins/PathologicalGames/PoolManager/PreRuntimePoolItem.cs using Guid(f7f8122fb13d0924299c18dd794d211e) Importer(815301076,1909f56bfc062723c751e8b465ee728b)  -> (artifact id: 'b90d4effff4db76a714f3c71f3e90f0c') in 0.017294 seconds 
========================================================================
Received Import Request.
  Time since last request: 0.000033 seconds.
  path: Assets/PoolManagerExampleFiles/Prefabs/Pool_Particles.prefab
  artifactKey: Guid(9d9ce351effef8b4e9d32b3649a9e4da) Importer(815301076,1909f56bfc062723c751e8b465ee728b)
Start importing Assets/PoolManagerExampleFiles/Prefabs/Pool_Particles.prefab using Guid(9d9ce351effef8b4e9d32b3649a9e4da) Importer(815301076,1909f56bfc062723c751e8b465ee728b)  -> (artifact id: 'e27edb1abdefdd174a828ed5178166d0') in 0.038390 seconds 
========================================================================
Received Import Request.
  Time since last request: 0.000052 seconds.
  path: Assets/SineVFX/TopDownEffects/Resources/Materials/MainEffects/ConjureWaterPool/ConjureWaterPool_Indicator_Emissive_01.mat
  artifactKey: Guid(39788a35ab104a238eca8e2e43d3ba23) Importer(815301076,1909f56bfc062723c751e8b465ee728b)
Start importing Assets/SineVFX/TopDownEffects/Resources/Materials/MainEffects/ConjureWaterPool/ConjureWaterPool_Indicator_Emissive_01.mat using Guid(39788a35ab104a238eca8e2e43d3ba23) Importer(815301076,1909f56bfc062723c751e8b465ee728b)  -> (artifact id: '07d8ffa5b5eda9cb00f8d1fa28c0dbd0') in 0.101999 seconds 
========================================================================
Received Import Request.
  Time since last request: 0.000027 seconds.
  path: Assets/PoolManagerExampleFiles/Prefabs/Pool_Shapes.prefab
  artifactKey: Guid(3e2511fbbe9cb3c408c0d8d3ff94ca36) Importer(815301076,1909f56bfc062723c751e8b465ee728b)
Start importing Assets/PoolManagerExampleFiles/Prefabs/Pool_Shapes.prefab using Guid(3e2511fbbe9cb3c408c0d8d3ff94ca36) Importer(815301076,1909f56bfc062723c751e8b465ee728b)  -> (artifact id: '761c0366269cbffcfef9b9ccb7e5d53c') in 0.020294 seconds 
========================================================================
Received Import Request.
  Time since last request: 0.000080 seconds.
  path: Assets/SineVFX/TopDownEffects/Resources/Materials/MainEffects/ConjureWaterPool/ConjureWaterPool_Ground_Bubbles_01.mat
  artifactKey: Guid(49781b9373c1466a99b846632a0542c6) Importer(815301076,1909f56bfc062723c751e8b465ee728b)
Start importing Assets/SineVFX/TopDownEffects/Resources/Materials/MainEffects/ConjureWaterPool/ConjureWaterPool_Ground_Bubbles_01.mat using Guid(49781b9373c1466a99b846632a0542c6) Importer(815301076,1909f56bfc062723c751e8b465ee728b)  -> (artifact id: '1f7c80ec3db73250c04494966a5be174') in 0.605046 seconds 
========================================================================
Received Import Request.
  Time since last request: 0.000035 seconds.
  path: Assets/EffectExamples/Goop Effects/Materials/GoopPoolParticle.mat
  artifactKey: Guid(95be4df36eca6eb4b821dcab4acd4a1e) Importer(815301076,1909f56bfc062723c751e8b465ee728b)
Start importing Assets/EffectExamples/Goop Effects/Materials/GoopPoolParticle.mat using Guid(95be4df36eca6eb4b821dcab4acd4a1e) Importer(815301076,1909f56bfc062723c751e8b465ee728b)  -> (artifact id: '3ba5a409bb2a7f2f16e0826f9e107252') in 0.122747 seconds 
Editor requested this worker to shutdown with reason: Scaling down because of idle timeout
AssetImportWorker is now disconnected from the server
Process exiting
Exiting without the bug reporter. Application will terminate with return code 0