
=== Tue Jun  1 01:24:58 2021

Packages were changed.
Update Mode: mergeDefaultDependencies

The following packages were added:
  com.unity.progrids@3.0.3-preview.4

=== Tue Nov  9 04:08:49 2021

Packages were changed.
Update Mode: updateDependencies

The following packages were updated:
  com.unity.2d.animation from version 5.0.7 to 5.0.9
  com.unity.2d.psdimporter from version 4.0.2 to 4.1.2
  com.unity.2d.spriteshape from version 5.1.2 to 5.1.5
  com.unity.ads from version 3.4.7 to 3.7.5
  com.unity.analytics from version 3.3.5 to 3.6.11
  com.unity.collab-proxy from version 1.3.9 to 1.13.5
  com.unity.ide.visualstudio from version 2.0.8 to 2.0.11
  com.unity.ide.vscode from version 1.2.3 to 1.2.4
  com.unity.render-pipelines.universal from version 10.5.1 to 10.7.0
  com.unity.test-framework from version 1.1.24 to 1.1.29
  com.unity.timeline from version 1.4.7 to 1.4.8
  com.unity.xr.legacyinputhelpers from version 2.1.4 to 2.1.8

=== Sun Nov 21 13:43:30 2021

Packages were changed.
Update Mode: updateDependencies

The following packages were updated:
  com.unity.collab-proxy from version 1.13.5 to 1.15.1

=== Sun Jan 23 22:34:35 2022

Packages were changed.
Update Mode: updateDependencies

The following packages were updated:
  com.unity.2d.animation from version 5.0.9 to 5.0.10
  com.unity.2d.psdimporter from version 4.1.2 to 4.1.3
  com.unity.2d.spriteshape from version 5.1.5 to 5.1.7
  com.unity.analytics from version 3.6.11 to 3.6.12
  com.unity.collab-proxy from version 1.15.1 to 1.15.7
  com.unity.render-pipelines.universal from version 10.7.0 to 10.8.1

=== Wed Jan 26 02:15:42 2022

Packages were changed.
Update Mode: mergeDefaultDependencies

The following packages were added:
  com.unity.cinemachine@2.7.3
